[0.398s] Invoking command in '/home/naon/deli_ws/deli_bot/build/pinky_navigation': CMAKE_PREFIX_PATH=${CMAKE_PREFIX_PATH}:/opt/ros/jazzy DEBUGINFOD_URLS=https://debuginfod.ubuntu.com /usr/bin/cmake /home/naon/deli_ws/deli_bot/src/pinky_navigation -DCMAKE_INSTALL_PREFIX=/home/naon/deli_ws/deli_bot/install/pinky_navigation
[0.442s] -- The C compiler identification is GNU 13.3.0
[0.487s] -- The CXX compiler identification is GNU 13.3.0
[0.500s] -- Detecting C compiler ABI info
[0.566s] -- Detecting C compiler ABI info - done
[0.577s] -- Check for working C compiler: /usr/bin/cc - skipped
[0.578s] -- Detecting C compile features
[0.578s] -- Detecting C compile features - done
[0.586s] -- Detecting CXX compiler ABI info
[0.667s] -- Detecting CXX compiler ABI info - done
[0.676s] -- Check for working CXX compiler: /usr/bin/c++ - skipped
[0.676s] -- Detecting CXX compile features
[0.676s] -- Detecting CXX compile features - done
[0.678s] -- Found ament_cmake: 2.5.3 (/opt/ros/jazzy/share/ament_cmake/cmake)
[0.800s] -- Found Python3: /usr/bin/python3 (found version "3.12.3") found components: Interpreter 
[0.891s] -- Found ament_lint_auto: 0.17.1 (/opt/ros/jazzy/share/ament_lint_auto/cmake)
[0.993s] -- Added test 'lint_cmake' to check CMake code style
[0.995s] -- Added test 'xmllint' to check XML markup files
[0.996s] -- Configuring done (0.6s)
[0.998s] -- Generating done (0.0s)
[1.000s] -- Build files have been written to: /home/naon/deli_ws/deli_bot/build/pinky_navigation
[1.004s] Invoked command in '/home/naon/deli_ws/deli_bot/build/pinky_navigation' returned '0': CMAKE_PREFIX_PATH=${CMAKE_PREFIX_PATH}:/opt/ros/jazzy DEBUGINFOD_URLS=https://debuginfod.ubuntu.com /usr/bin/cmake /home/naon/deli_ws/deli_bot/src/pinky_navigation -DCMAKE_INSTALL_PREFIX=/home/naon/deli_ws/deli_bot/install/pinky_navigation
[1.005s] Invoking command in '/home/naon/deli_ws/deli_bot/build/pinky_navigation': CMAKE_PREFIX_PATH=${CMAKE_PREFIX_PATH}:/opt/ros/jazzy DEBUGINFOD_URLS=https://debuginfod.ubuntu.com /usr/bin/cmake --build /home/naon/deli_ws/deli_bot/build/pinky_navigation -- -j12 -l12
[1.034s] Invoked command in '/home/naon/deli_ws/deli_bot/build/pinky_navigation' returned '0': CMAKE_PREFIX_PATH=${CMAKE_PREFIX_PATH}:/opt/ros/jazzy DEBUGINFOD_URLS=https://debuginfod.ubuntu.com /usr/bin/cmake --build /home/naon/deli_ws/deli_bot/build/pinky_navigation -- -j12 -l12
[1.035s] Invoking command in '/home/naon/deli_ws/deli_bot/build/pinky_navigation': CMAKE_PREFIX_PATH=${CMAKE_PREFIX_PATH}:/opt/ros/jazzy DEBUGINFOD_URLS=https://debuginfod.ubuntu.com /usr/bin/cmake --install /home/naon/deli_ws/deli_bot/build/pinky_navigation
[1.041s] -- Install configuration: ""
[1.041s] -- Installing: /home/naon/deli_ws/deli_bot/install/pinky_navigation/share/pinky_navigation/launch
[1.042s] -- Installing: /home/naon/deli_ws/deli_bot/install/pinky_navigation/share/pinky_navigation/launch/localization_launch.xml
[1.042s] -- Installing: /home/naon/deli_ws/deli_bot/install/pinky_navigation/share/pinky_navigation/launch/navigation_launch.xml
[1.042s] -- Installing: /home/naon/deli_ws/deli_bot/install/pinky_navigation/share/pinky_navigation/launch/bringup_launch.xml
[1.042s] -- Installing: /home/naon/deli_ws/deli_bot/install/pinky_navigation/share/pinky_navigation/launch/nav2_view.launch.xml
[1.042s] -- Installing: /home/naon/deli_ws/deli_bot/install/pinky_navigation/share/pinky_navigation/params
[1.042s] -- Installing: /home/naon/deli_ws/deli_bot/install/pinky_navigation/share/pinky_navigation/params/nav2_params.yaml
[1.042s] -- Installing: /home/naon/deli_ws/deli_bot/install/pinky_navigation/share/pinky_navigation/map
[1.042s] -- Installing: /home/naon/deli_ws/deli_bot/install/pinky_navigation/share/pinky_navigation/map/pinklab.pgm
[1.043s] -- Installing: /home/naon/deli_ws/deli_bot/install/pinky_navigation/share/pinky_navigation/map/pinklab.yaml
[1.043s] -- Installing: /home/naon/deli_ws/deli_bot/install/pinky_navigation/share/pinky_navigation/rviz
[1.043s] -- Installing: /home/naon/deli_ws/deli_bot/install/pinky_navigation/share/pinky_navigation/rviz/nav2_view.rviz
[1.043s] -- Installing: /home/naon/deli_ws/deli_bot/install/pinky_navigation/share/ament_index/resource_index/package_run_dependencies/pinky_navigation
[1.043s] -- Installing: /home/naon/deli_ws/deli_bot/install/pinky_navigation/share/ament_index/resource_index/parent_prefix_path/pinky_navigation
[1.043s] -- Installing: /home/naon/deli_ws/deli_bot/install/pinky_navigation/share/pinky_navigation/environment/ament_prefix_path.sh
[1.043s] -- Installing: /home/naon/deli_ws/deli_bot/install/pinky_navigation/share/pinky_navigation/environment/ament_prefix_path.dsv
[1.044s] -- Installing: /home/naon/deli_ws/deli_bot/install/pinky_navigation/share/pinky_navigation/environment/path.sh
[1.044s] -- Installing: /home/naon/deli_ws/deli_bot/install/pinky_navigation/share/pinky_navigation/environment/path.dsv
[1.044s] -- Installing: /home/naon/deli_ws/deli_bot/install/pinky_navigation/share/pinky_navigation/local_setup.bash
[1.044s] -- Installing: /home/naon/deli_ws/deli_bot/install/pinky_navigation/share/pinky_navigation/local_setup.sh
[1.044s] -- Installing: /home/naon/deli_ws/deli_bot/install/pinky_navigation/share/pinky_navigation/local_setup.zsh
[1.044s] -- Installing: /home/naon/deli_ws/deli_bot/install/pinky_navigation/share/pinky_navigation/local_setup.dsv
[1.044s] -- Installing: /home/naon/deli_ws/deli_bot/install/pinky_navigation/share/pinky_navigation/package.dsv
[1.045s] -- Installing: /home/naon/deli_ws/deli_bot/install/pinky_navigation/share/ament_index/resource_index/packages/pinky_navigation
[1.045s] -- Installing: /home/naon/deli_ws/deli_bot/install/pinky_navigation/share/pinky_navigation/cmake/pinky_navigationConfig.cmake
[1.045s] -- Installing: /home/naon/deli_ws/deli_bot/install/pinky_navigation/share/pinky_navigation/cmake/pinky_navigationConfig-version.cmake
[1.045s] -- Installing: /home/naon/deli_ws/deli_bot/install/pinky_navigation/share/pinky_navigation/package.xml
[1.047s] Invoked command in '/home/naon/deli_ws/deli_bot/build/pinky_navigation' returned '0': CMAKE_PREFIX_PATH=${CMAKE_PREFIX_PATH}:/opt/ros/jazzy DEBUGINFOD_URLS=https://debuginfod.ubuntu.com /usr/bin/cmake --install /home/naon/deli_ws/deli_bot/build/pinky_navigation
