[0.395s] Invoking command in '/home/naon/deli_ws/deli_bot/build/pinky_interfaces': CMAKE_PREFIX_PATH=${CMAKE_PREFIX_PATH}:/opt/ros/jazzy DEBUGINFOD_URLS=https://debuginfod.ubuntu.com /usr/bin/cmake /home/naon/deli_ws/deli_bot/src/pinky_interfaces -DCMAKE_INSTALL_PREFIX=/home/naon/deli_ws/deli_bot/install/pinky_interfaces
[0.438s] -- The C compiler identification is GNU 13.3.0
[0.485s] -- The CXX compiler identification is GNU 13.3.0
[0.499s] -- Detecting C compiler ABI info
[0.568s] -- Detecting C compiler ABI info - done
[0.576s] -- Check for working C compiler: /usr/bin/cc - skipped
[0.576s] -- Detecting C compile features
[0.577s] -- Detecting C compile features - done
[0.585s] -- Detecting CXX compiler ABI info
[0.665s] -- Detecting CXX compiler ABI info - done
[0.676s] -- Check for working CXX compiler: /usr/bin/c++ - skipped
[0.676s] -- Detecting CXX compile features
[0.677s] -- Detecting CXX compile features - done
[0.679s] -- Found ament_cmake: 2.5.3 (/opt/ros/jazzy/share/ament_cmake/cmake)
[0.805s] -- Found Python3: /usr/bin/python3 (found version "3.12.3") found components: Interpreter 
[0.894s] -- Found ament_lint_auto: 0.17.1 (/opt/ros/jazzy/share/ament_lint_auto/cmake)
[0.984s] -- Found rosidl_default_generators: 1.6.0 (/opt/ros/jazzy/share/rosidl_default_generators/cmake)
[0.990s] -- Using all available rosidl_typesupport_c: rosidl_typesupport_fastrtps_c;rosidl_typesupport_introspection_c
[1.040s] -- Using all available rosidl_typesupport_cpp: rosidl_typesupport_fastrtps_cpp;rosidl_typesupport_introspection_cpp
[1.084s] -- Found rosidl_adapter: 4.6.5 (/opt/ros/jazzy/share/rosidl_adapter/cmake)
[1.546s] -- Found ament_cmake_ros: 0.12.0 (/opt/ros/jazzy/share/ament_cmake_ros/cmake)
[1.886s] -- Using all available rosidl_typesupport_c: rosidl_typesupport_fastrtps_c;rosidl_typesupport_introspection_c
[2.308s] -- Using all available rosidl_typesupport_cpp: rosidl_typesupport_fastrtps_cpp;rosidl_typesupport_introspection_cpp
[2.310s] -- Found python_cmake_module: 0.11.1 (/opt/ros/jazzy/share/python_cmake_module/cmake)
[2.414s] -- Found PythonExtra: /usr/bin/python3  
[2.811s] -- Found Python3: /usr/bin/python3 (found version "3.12.3") found components: Interpreter Development NumPy Development.Module Development.Embed 
[2.840s] -- Added test 'lint_cmake' to check CMake code style
[2.841s] -- Added test 'xmllint' to check XML markup files
[2.846s] -- Configuring done (2.4s)
[2.872s] -- Generating done (0.0s)
[2.880s] -- Build files have been written to: /home/naon/deli_ws/deli_bot/build/pinky_interfaces
[2.888s] Invoked command in '/home/naon/deli_ws/deli_bot/build/pinky_interfaces' returned '0': CMAKE_PREFIX_PATH=${CMAKE_PREFIX_PATH}:/opt/ros/jazzy DEBUGINFOD_URLS=https://debuginfod.ubuntu.com /usr/bin/cmake /home/naon/deli_ws/deli_bot/src/pinky_interfaces -DCMAKE_INSTALL_PREFIX=/home/naon/deli_ws/deli_bot/install/pinky_interfaces
[2.888s] Invoking command in '/home/naon/deli_ws/deli_bot/build/pinky_interfaces': CMAKE_PREFIX_PATH=${CMAKE_PREFIX_PATH}:/opt/ros/jazzy DEBUGINFOD_URLS=https://debuginfod.ubuntu.com /usr/bin/cmake --build /home/naon/deli_ws/deli_bot/build/pinky_interfaces -- -j12 -l12
[2.926s] [  2%] [34m[1mGenerating type hashes for ROS interfaces[0m
[2.932s] [  2%] Built target ament_cmake_python_copy_pinky_interfaces
[3.082s] [  2%] Built target pinky_interfaces__rosidl_generator_type_description
[3.089s] [  5%] [34m[1mGenerating C code for ROS interfaces[0m
[3.097s] [  8%] [34m[1mGenerating C++ code for ROS interfaces[0m
[3.119s] running egg_info
[3.120s] creating pinky_interfaces.egg-info
[3.138s] writing pinky_interfaces.egg-info/PKG-INFO
[3.139s] writing dependency_links to pinky_interfaces.egg-info/dependency_links.txt
[3.139s] writing top-level names to pinky_interfaces.egg-info/top_level.txt
[3.139s] writing manifest file 'pinky_interfaces.egg-info/SOURCES.txt'
[3.194s] reading manifest file 'pinky_interfaces.egg-info/SOURCES.txt'
[3.194s] writing manifest file 'pinky_interfaces.egg-info/SOURCES.txt'
[3.218s] [  8%] Built target ament_cmake_python_build_pinky_interfaces_egg
[3.331s] [  8%] Built target pinky_interfaces__cpp
[3.340s] [ 17%] [32mBuilding C object CMakeFiles/pinky_interfaces__rosidl_generator_c.dir/rosidl_generator_c/pinky_interfaces/srv/detail/emotion__functions.c.o[0m
[3.340s] [ 17%] [32mBuilding C object CMakeFiles/pinky_interfaces__rosidl_generator_c.dir/rosidl_generator_c/pinky_interfaces/srv/detail/emotion__description.c.o[0m
[3.340s] [ 17%] [32mBuilding C object CMakeFiles/pinky_interfaces__rosidl_generator_c.dir/rosidl_generator_c/pinky_interfaces/srv/detail/emotion__type_support.c.o[0m
[3.409s] [ 20%] [32m[1mLinking C shared library libpinky_interfaces__rosidl_generator_c.so[0m
[3.437s] [ 20%] Built target pinky_interfaces__rosidl_generator_c
[3.444s] [ 38%] [34m[1mGenerating C++ introspection for ROS interfaces[0m
[3.444s] [ 38%] [34m[1mGenerating C type support dispatch for ROS interfaces[0m
[3.444s] [ 38%] [34m[1mGenerating C type support for eProsima Fast-RTPS[0m
[3.444s] [ 38%] [34m[1mGenerating C++ type support dispatch for ROS interfaces[0m
[3.444s] [ 38%] [34m[1mGenerating C introspection for ROS interfaces[0m
[3.444s] [ 38%] [34m[1mGenerating C++ type support for eProsima Fast-RTPS[0m
[3.642s] [ 44%] [32mBuilding CXX object CMakeFiles/pinky_interfaces__rosidl_typesupport_cpp.dir/rosidl_typesupport_cpp/pinky_interfaces/srv/emotion__type_support.cpp.o[0m
[3.643s] [ 44%] [32mBuilding CXX object CMakeFiles/pinky_interfaces__rosidl_typesupport_c.dir/rosidl_typesupport_c/pinky_interfaces/srv/emotion__type_support.cpp.o[0m
[3.669s] [ 47%] [32mBuilding CXX object CMakeFiles/pinky_interfaces__rosidl_typesupport_introspection_cpp.dir/rosidl_typesupport_introspection_cpp/pinky_interfaces/srv/detail/emotion__type_support.cpp.o[0m
[3.676s] [ 50%] [32mBuilding C object CMakeFiles/pinky_interfaces__rosidl_typesupport_introspection_c.dir/rosidl_typesupport_introspection_c/pinky_interfaces/srv/detail/emotion__type_support.c.o[0m
[3.686s] [ 52%] [32m[1mLinking CXX shared library libpinky_interfaces__rosidl_typesupport_c.so[0m
[3.704s] [ 55%] [32mBuilding CXX object CMakeFiles/pinky_interfaces__rosidl_typesupport_fastrtps_cpp.dir/rosidl_typesupport_fastrtps_cpp/pinky_interfaces/srv/detail/dds_fastrtps/emotion__type_support.cpp.o[0m
[3.715s] [ 58%] [32mBuilding CXX object CMakeFiles/pinky_interfaces__rosidl_typesupport_fastrtps_c.dir/rosidl_typesupport_fastrtps_c/pinky_interfaces/srv/detail/emotion__type_support_c.cpp.o[0m
[3.720s] [ 61%] [32m[1mLinking C shared library libpinky_interfaces__rosidl_typesupport_introspection_c.so[0m
[3.722s] [ 61%] Built target pinky_interfaces__rosidl_typesupport_c
[3.744s] [ 61%] Built target pinky_interfaces__rosidl_typesupport_introspection_c
[4.006s] [ 64%] [32m[1mLinking CXX shared library libpinky_interfaces__rosidl_typesupport_cpp.so[0m
[4.048s] [ 67%] [32m[1mLinking CXX shared library libpinky_interfaces__rosidl_typesupport_introspection_cpp.so[0m
[4.070s] [ 67%] Built target pinky_interfaces__rosidl_typesupport_cpp
[4.113s] [ 67%] Built target pinky_interfaces__rosidl_typesupport_introspection_cpp
[4.145s] [ 70%] [32m[1mLinking CXX shared library libpinky_interfaces__rosidl_typesupport_fastrtps_c.so[0m
[4.203s] [ 70%] Built target pinky_interfaces__rosidl_typesupport_fastrtps_c
[4.236s] [ 73%] [32m[1mLinking CXX shared library libpinky_interfaces__rosidl_typesupport_fastrtps_cpp.so[0m
[4.288s] [ 73%] Built target pinky_interfaces__rosidl_typesupport_fastrtps_cpp
[4.303s] [ 73%] Built target pinky_interfaces
[4.318s] [ 76%] [34m[1mGenerating Python code for ROS interfaces[0m
[4.593s] [ 76%] Built target pinky_interfaces__py
[4.608s] [ 79%] [32mBuilding C object CMakeFiles/pinky_interfaces__rosidl_generator_py.dir/rosidl_generator_py/pinky_interfaces/srv/_emotion_s.c.o[0m
[4.732s] [ 82%] [32m[1mLinking C shared library libpinky_interfaces__rosidl_generator_py.so[0m
[4.763s] [ 82%] Built target pinky_interfaces__rosidl_generator_py
[4.778s] [ 91%] [32mBuilding C object CMakeFiles/pinky_interfaces_s__rosidl_typesupport_introspection_c.dir/rosidl_generator_py/pinky_interfaces/_pinky_interfaces_s.ep.rosidl_typesupport_introspection_c.c.o[0m
[4.778s] [ 91%] [32mBuilding C object CMakeFiles/pinky_interfaces_s__rosidl_typesupport_c.dir/rosidl_generator_py/pinky_interfaces/_pinky_interfaces_s.ep.rosidl_typesupport_c.c.o[0m
[4.778s] [ 91%] [32mBuilding C object CMakeFiles/pinky_interfaces_s__rosidl_typesupport_fastrtps_c.dir/rosidl_generator_py/pinky_interfaces/_pinky_interfaces_s.ep.rosidl_typesupport_fastrtps_c.c.o[0m
[4.863s] [ 94%] [32m[1mLinking C shared module rosidl_generator_py/pinky_interfaces/pinky_interfaces_s__rosidl_typesupport_c.so[0m
[4.865s] [ 97%] [32m[1mLinking C shared module rosidl_generator_py/pinky_interfaces/pinky_interfaces_s__rosidl_typesupport_introspection_c.so[0m
[4.865s] [100%] [32m[1mLinking C shared module rosidl_generator_py/pinky_interfaces/pinky_interfaces_s__rosidl_typesupport_fastrtps_c.so[0m
[4.886s] [100%] Built target pinky_interfaces_s__rosidl_typesupport_c
[4.886s] [100%] Built target pinky_interfaces_s__rosidl_typesupport_introspection_c
[4.886s] [100%] Built target pinky_interfaces_s__rosidl_typesupport_fastrtps_c
[4.895s] Invoked command in '/home/naon/deli_ws/deli_bot/build/pinky_interfaces' returned '0': CMAKE_PREFIX_PATH=${CMAKE_PREFIX_PATH}:/opt/ros/jazzy DEBUGINFOD_URLS=https://debuginfod.ubuntu.com /usr/bin/cmake --build /home/naon/deli_ws/deli_bot/build/pinky_interfaces -- -j12 -l12
[4.895s] Invoking command in '/home/naon/deli_ws/deli_bot/build/pinky_interfaces': CMAKE_PREFIX_PATH=${CMAKE_PREFIX_PATH}:/opt/ros/jazzy DEBUGINFOD_URLS=https://debuginfod.ubuntu.com /usr/bin/cmake --install /home/naon/deli_ws/deli_bot/build/pinky_interfaces
[4.902s] -- Install configuration: ""
[4.902s] -- Installing: /home/naon/deli_ws/deli_bot/install/pinky_interfaces/share/ament_index/resource_index/rosidl_interfaces/pinky_interfaces
[4.902s] -- Installing: /home/naon/deli_ws/deli_bot/install/pinky_interfaces/share/pinky_interfaces/srv/Emotion.json
[4.903s] -- Installing: /home/naon/deli_ws/deli_bot/install/pinky_interfaces/include/pinky_interfaces/pinky_interfaces
[4.903s] -- Installing: /home/naon/deli_ws/deli_bot/install/pinky_interfaces/include/pinky_interfaces/pinky_interfaces/msg
[4.903s] -- Installing: /home/naon/deli_ws/deli_bot/install/pinky_interfaces/include/pinky_interfaces/pinky_interfaces/msg/rosidl_generator_c__visibility_control.h
[4.903s] -- Installing: /home/naon/deli_ws/deli_bot/install/pinky_interfaces/include/pinky_interfaces/pinky_interfaces/srv
[4.903s] -- Installing: /home/naon/deli_ws/deli_bot/install/pinky_interfaces/include/pinky_interfaces/pinky_interfaces/srv/emotion.h
[4.903s] -- Installing: /home/naon/deli_ws/deli_bot/install/pinky_interfaces/include/pinky_interfaces/pinky_interfaces/srv/detail
[4.903s] -- Installing: /home/naon/deli_ws/deli_bot/install/pinky_interfaces/include/pinky_interfaces/pinky_interfaces/srv/detail/emotion__type_support.c
[4.903s] -- Installing: /home/naon/deli_ws/deli_bot/install/pinky_interfaces/include/pinky_interfaces/pinky_interfaces/srv/detail/emotion__description.c
[4.903s] -- Installing: /home/naon/deli_ws/deli_bot/install/pinky_interfaces/include/pinky_interfaces/pinky_interfaces/srv/detail/emotion__struct.h
[4.903s] -- Installing: /home/naon/deli_ws/deli_bot/install/pinky_interfaces/include/pinky_interfaces/pinky_interfaces/srv/detail/emotion__type_support.h
[4.903s] -- Installing: /home/naon/deli_ws/deli_bot/install/pinky_interfaces/include/pinky_interfaces/pinky_interfaces/srv/detail/emotion__functions.h
[4.904s] -- Installing: /home/naon/deli_ws/deli_bot/install/pinky_interfaces/include/pinky_interfaces/pinky_interfaces/srv/detail/emotion__functions.c
[4.904s] -- Installing: /home/naon/deli_ws/deli_bot/install/pinky_interfaces/share/pinky_interfaces/environment/library_path.sh
[4.904s] -- Installing: /home/naon/deli_ws/deli_bot/install/pinky_interfaces/share/pinky_interfaces/environment/library_path.dsv
[4.904s] -- Installing: /home/naon/deli_ws/deli_bot/install/pinky_interfaces/lib/libpinky_interfaces__rosidl_generator_c.so
[4.904s] -- Set non-toolchain portion of runtime path of "/home/naon/deli_ws/deli_bot/install/pinky_interfaces/lib/libpinky_interfaces__rosidl_generator_c.so" to ""
[4.904s] -- Up-to-date: /home/naon/deli_ws/deli_bot/install/pinky_interfaces/include/pinky_interfaces/pinky_interfaces
[4.904s] -- Up-to-date: /home/naon/deli_ws/deli_bot/install/pinky_interfaces/include/pinky_interfaces/pinky_interfaces/msg
[4.904s] -- Installing: /home/naon/deli_ws/deli_bot/install/pinky_interfaces/include/pinky_interfaces/pinky_interfaces/msg/rosidl_typesupport_fastrtps_c__visibility_control.h
[4.904s] -- Up-to-date: /home/naon/deli_ws/deli_bot/install/pinky_interfaces/include/pinky_interfaces/pinky_interfaces/srv
[4.904s] -- Up-to-date: /home/naon/deli_ws/deli_bot/install/pinky_interfaces/include/pinky_interfaces/pinky_interfaces/srv/detail
[4.904s] -- Installing: /home/naon/deli_ws/deli_bot/install/pinky_interfaces/include/pinky_interfaces/pinky_interfaces/srv/detail/emotion__rosidl_typesupport_fastrtps_c.h
[4.904s] -- Installing: /home/naon/deli_ws/deli_bot/install/pinky_interfaces/lib/libpinky_interfaces__rosidl_typesupport_fastrtps_c.so
[4.904s] -- Set non-toolchain portion of runtime path of "/home/naon/deli_ws/deli_bot/install/pinky_interfaces/lib/libpinky_interfaces__rosidl_typesupport_fastrtps_c.so" to ""
[4.904s] -- Up-to-date: /home/naon/deli_ws/deli_bot/install/pinky_interfaces/include/pinky_interfaces/pinky_interfaces
[4.905s] -- Up-to-date: /home/naon/deli_ws/deli_bot/install/pinky_interfaces/include/pinky_interfaces/pinky_interfaces/msg
[4.905s] -- Installing: /home/naon/deli_ws/deli_bot/install/pinky_interfaces/include/pinky_interfaces/pinky_interfaces/msg/rosidl_typesupport_introspection_c__visibility_control.h
[4.905s] -- Up-to-date: /home/naon/deli_ws/deli_bot/install/pinky_interfaces/include/pinky_interfaces/pinky_interfaces/srv
[4.905s] -- Up-to-date: /home/naon/deli_ws/deli_bot/install/pinky_interfaces/include/pinky_interfaces/pinky_interfaces/srv/detail
[4.905s] -- Up-to-date: /home/naon/deli_ws/deli_bot/install/pinky_interfaces/include/pinky_interfaces/pinky_interfaces/srv/detail/emotion__type_support.c
[4.905s] -- Installing: /home/naon/deli_ws/deli_bot/install/pinky_interfaces/include/pinky_interfaces/pinky_interfaces/srv/detail/emotion__rosidl_typesupport_introspection_c.h
[4.905s] -- Installing: /home/naon/deli_ws/deli_bot/install/pinky_interfaces/lib/libpinky_interfaces__rosidl_typesupport_introspection_c.so
[4.905s] -- Set non-toolchain portion of runtime path of "/home/naon/deli_ws/deli_bot/install/pinky_interfaces/lib/libpinky_interfaces__rosidl_typesupport_introspection_c.so" to ""
[4.905s] -- Installing: /home/naon/deli_ws/deli_bot/install/pinky_interfaces/lib/libpinky_interfaces__rosidl_typesupport_c.so
[4.905s] -- Set non-toolchain portion of runtime path of "/home/naon/deli_ws/deli_bot/install/pinky_interfaces/lib/libpinky_interfaces__rosidl_typesupport_c.so" to ""
[4.905s] -- Up-to-date: /home/naon/deli_ws/deli_bot/install/pinky_interfaces/include/pinky_interfaces/pinky_interfaces
[4.905s] -- Up-to-date: /home/naon/deli_ws/deli_bot/install/pinky_interfaces/include/pinky_interfaces/pinky_interfaces/msg
[4.905s] -- Installing: /home/naon/deli_ws/deli_bot/install/pinky_interfaces/include/pinky_interfaces/pinky_interfaces/msg/rosidl_generator_cpp__visibility_control.hpp
[4.905s] -- Up-to-date: /home/naon/deli_ws/deli_bot/install/pinky_interfaces/include/pinky_interfaces/pinky_interfaces/srv
[4.906s] -- Up-to-date: /home/naon/deli_ws/deli_bot/install/pinky_interfaces/include/pinky_interfaces/pinky_interfaces/srv/detail
[4.906s] -- Installing: /home/naon/deli_ws/deli_bot/install/pinky_interfaces/include/pinky_interfaces/pinky_interfaces/srv/detail/emotion__traits.hpp
[4.906s] -- Installing: /home/naon/deli_ws/deli_bot/install/pinky_interfaces/include/pinky_interfaces/pinky_interfaces/srv/detail/emotion__builder.hpp
[4.906s] -- Installing: /home/naon/deli_ws/deli_bot/install/pinky_interfaces/include/pinky_interfaces/pinky_interfaces/srv/detail/emotion__struct.hpp
[4.906s] -- Installing: /home/naon/deli_ws/deli_bot/install/pinky_interfaces/include/pinky_interfaces/pinky_interfaces/srv/detail/emotion__type_support.hpp
[4.906s] -- Installing: /home/naon/deli_ws/deli_bot/install/pinky_interfaces/include/pinky_interfaces/pinky_interfaces/srv/emotion.hpp
[4.906s] -- Up-to-date: /home/naon/deli_ws/deli_bot/install/pinky_interfaces/include/pinky_interfaces/pinky_interfaces
[4.906s] -- Up-to-date: /home/naon/deli_ws/deli_bot/install/pinky_interfaces/include/pinky_interfaces/pinky_interfaces/msg
[4.906s] -- Installing: /home/naon/deli_ws/deli_bot/install/pinky_interfaces/include/pinky_interfaces/pinky_interfaces/msg/rosidl_typesupport_fastrtps_cpp__visibility_control.h
[4.906s] -- Up-to-date: /home/naon/deli_ws/deli_bot/install/pinky_interfaces/include/pinky_interfaces/pinky_interfaces/srv
[4.906s] -- Up-to-date: /home/naon/deli_ws/deli_bot/install/pinky_interfaces/include/pinky_interfaces/pinky_interfaces/srv/detail
[4.906s] -- Installing: /home/naon/deli_ws/deli_bot/install/pinky_interfaces/include/pinky_interfaces/pinky_interfaces/srv/detail/dds_fastrtps
[4.906s] -- Installing: /home/naon/deli_ws/deli_bot/install/pinky_interfaces/include/pinky_interfaces/pinky_interfaces/srv/detail/emotion__rosidl_typesupport_fastrtps_cpp.hpp
[4.906s] -- Installing: /home/naon/deli_ws/deli_bot/install/pinky_interfaces/lib/libpinky_interfaces__rosidl_typesupport_fastrtps_cpp.so
[4.906s] -- Set non-toolchain portion of runtime path of "/home/naon/deli_ws/deli_bot/install/pinky_interfaces/lib/libpinky_interfaces__rosidl_typesupport_fastrtps_cpp.so" to ""
[4.906s] -- Up-to-date: /home/naon/deli_ws/deli_bot/install/pinky_interfaces/include/pinky_interfaces/pinky_interfaces
[4.906s] -- Up-to-date: /home/naon/deli_ws/deli_bot/install/pinky_interfaces/include/pinky_interfaces/pinky_interfaces/srv
[4.907s] -- Up-to-date: /home/naon/deli_ws/deli_bot/install/pinky_interfaces/include/pinky_interfaces/pinky_interfaces/srv/detail
[4.907s] -- Installing: /home/naon/deli_ws/deli_bot/install/pinky_interfaces/include/pinky_interfaces/pinky_interfaces/srv/detail/emotion__rosidl_typesupport_introspection_cpp.hpp
[4.907s] -- Installing: /home/naon/deli_ws/deli_bot/install/pinky_interfaces/include/pinky_interfaces/pinky_interfaces/srv/detail/emotion__type_support.cpp
[4.907s] -- Installing: /home/naon/deli_ws/deli_bot/install/pinky_interfaces/lib/libpinky_interfaces__rosidl_typesupport_introspection_cpp.so
[4.907s] -- Set non-toolchain portion of runtime path of "/home/naon/deli_ws/deli_bot/install/pinky_interfaces/lib/libpinky_interfaces__rosidl_typesupport_introspection_cpp.so" to ""
[4.907s] -- Installing: /home/naon/deli_ws/deli_bot/install/pinky_interfaces/lib/libpinky_interfaces__rosidl_typesupport_cpp.so
[4.907s] -- Set non-toolchain portion of runtime path of "/home/naon/deli_ws/deli_bot/install/pinky_interfaces/lib/libpinky_interfaces__rosidl_typesupport_cpp.so" to ""
[4.907s] -- Installing: /home/naon/deli_ws/deli_bot/install/pinky_interfaces/share/pinky_interfaces/environment/pythonpath.sh
[4.907s] -- Installing: /home/naon/deli_ws/deli_bot/install/pinky_interfaces/share/pinky_interfaces/environment/pythonpath.dsv
[4.907s] -- Installing: /home/naon/deli_ws/deli_bot/install/pinky_interfaces/lib/python3.12/site-packages/pinky_interfaces-0.0.0-py3.12.egg-info
[4.907s] -- Installing: /home/naon/deli_ws/deli_bot/install/pinky_interfaces/lib/python3.12/site-packages/pinky_interfaces-0.0.0-py3.12.egg-info/dependency_links.txt
[4.907s] -- Installing: /home/naon/deli_ws/deli_bot/install/pinky_interfaces/lib/python3.12/site-packages/pinky_interfaces-0.0.0-py3.12.egg-info/top_level.txt
[4.908s] -- Installing: /home/naon/deli_ws/deli_bot/install/pinky_interfaces/lib/python3.12/site-packages/pinky_interfaces-0.0.0-py3.12.egg-info/PKG-INFO
[4.908s] -- Installing: /home/naon/deli_ws/deli_bot/install/pinky_interfaces/lib/python3.12/site-packages/pinky_interfaces-0.0.0-py3.12.egg-info/SOURCES.txt
[4.908s] -- Installing: /home/naon/deli_ws/deli_bot/install/pinky_interfaces/lib/python3.12/site-packages/pinky_interfaces
[4.908s] -- Installing: /home/naon/deli_ws/deli_bot/install/pinky_interfaces/lib/python3.12/site-packages/pinky_interfaces/__init__.py
[4.908s] -- Installing: /home/naon/deli_ws/deli_bot/install/pinky_interfaces/lib/python3.12/site-packages/pinky_interfaces/pinky_interfaces_s__rosidl_typesupport_c.so
[4.908s] -- Installing: /home/naon/deli_ws/deli_bot/install/pinky_interfaces/lib/python3.12/site-packages/pinky_interfaces/_pinky_interfaces_s.ep.rosidl_typesupport_fastrtps_c.c
[4.908s] -- Installing: /home/naon/deli_ws/deli_bot/install/pinky_interfaces/lib/python3.12/site-packages/pinky_interfaces/pinky_interfaces_s__rosidl_typesupport_introspection_c.so
[4.908s] -- Installing: /home/naon/deli_ws/deli_bot/install/pinky_interfaces/lib/python3.12/site-packages/pinky_interfaces/pinky_interfaces_s__rosidl_typesupport_fastrtps_c.so
[4.908s] -- Installing: /home/naon/deli_ws/deli_bot/install/pinky_interfaces/lib/python3.12/site-packages/pinky_interfaces/_pinky_interfaces_s.ep.rosidl_typesupport_introspection_c.c
[4.908s] -- Installing: /home/naon/deli_ws/deli_bot/install/pinky_interfaces/lib/python3.12/site-packages/pinky_interfaces/srv
[4.908s] -- Installing: /home/naon/deli_ws/deli_bot/install/pinky_interfaces/lib/python3.12/site-packages/pinky_interfaces/srv/__init__.py
[4.909s] -- Installing: /home/naon/deli_ws/deli_bot/install/pinky_interfaces/lib/python3.12/site-packages/pinky_interfaces/srv/_emotion_s.c
[4.909s] -- Installing: /home/naon/deli_ws/deli_bot/install/pinky_interfaces/lib/python3.12/site-packages/pinky_interfaces/srv/_emotion.py
[4.909s] -- Installing: /home/naon/deli_ws/deli_bot/install/pinky_interfaces/lib/python3.12/site-packages/pinky_interfaces/_pinky_interfaces_s.ep.rosidl_typesupport_c.c
[4.941s] Listing '/home/naon/deli_ws/deli_bot/install/pinky_interfaces/lib/python3.12/site-packages/pinky_interfaces'...
[4.941s] Compiling '/home/naon/deli_ws/deli_bot/install/pinky_interfaces/lib/python3.12/site-packages/pinky_interfaces/__init__.py'...
[4.941s] Listing '/home/naon/deli_ws/deli_bot/install/pinky_interfaces/lib/python3.12/site-packages/pinky_interfaces/srv'...
[4.941s] Compiling '/home/naon/deli_ws/deli_bot/install/pinky_interfaces/lib/python3.12/site-packages/pinky_interfaces/srv/__init__.py'...
[4.941s] Compiling '/home/naon/deli_ws/deli_bot/install/pinky_interfaces/lib/python3.12/site-packages/pinky_interfaces/srv/_emotion.py'...
[4.945s] -- Installing: /home/naon/deli_ws/deli_bot/install/pinky_interfaces/lib/python3.12/site-packages/pinky_interfaces/pinky_interfaces_s__rosidl_typesupport_fastrtps_c.so
[4.945s] -- Set non-toolchain portion of runtime path of "/home/naon/deli_ws/deli_bot/install/pinky_interfaces/lib/python3.12/site-packages/pinky_interfaces/pinky_interfaces_s__rosidl_typesupport_fastrtps_c.so" to ""
[4.945s] -- Installing: /home/naon/deli_ws/deli_bot/install/pinky_interfaces/lib/python3.12/site-packages/pinky_interfaces/pinky_interfaces_s__rosidl_typesupport_introspection_c.so
[4.946s] -- Set non-toolchain portion of runtime path of "/home/naon/deli_ws/deli_bot/install/pinky_interfaces/lib/python3.12/site-packages/pinky_interfaces/pinky_interfaces_s__rosidl_typesupport_introspection_c.so" to ""
[4.946s] -- Installing: /home/naon/deli_ws/deli_bot/install/pinky_interfaces/lib/python3.12/site-packages/pinky_interfaces/pinky_interfaces_s__rosidl_typesupport_c.so
[4.946s] -- Set non-toolchain portion of runtime path of "/home/naon/deli_ws/deli_bot/install/pinky_interfaces/lib/python3.12/site-packages/pinky_interfaces/pinky_interfaces_s__rosidl_typesupport_c.so" to ""
[4.946s] -- Installing: /home/naon/deli_ws/deli_bot/install/pinky_interfaces/lib/libpinky_interfaces__rosidl_generator_py.so
[4.946s] -- Set non-toolchain portion of runtime path of "/home/naon/deli_ws/deli_bot/install/pinky_interfaces/lib/libpinky_interfaces__rosidl_generator_py.so" to ""
[4.946s] -- Installing: /home/naon/deli_ws/deli_bot/install/pinky_interfaces/share/pinky_interfaces/srv/Emotion.idl
[4.946s] -- Installing: /home/naon/deli_ws/deli_bot/install/pinky_interfaces/share/pinky_interfaces/srv/Emotion.srv
[4.946s] -- Installing: /home/naon/deli_ws/deli_bot/install/pinky_interfaces/share/ament_index/resource_index/package_run_dependencies/pinky_interfaces
[4.946s] -- Installing: /home/naon/deli_ws/deli_bot/install/pinky_interfaces/share/ament_index/resource_index/parent_prefix_path/pinky_interfaces
[4.946s] -- Installing: /home/naon/deli_ws/deli_bot/install/pinky_interfaces/share/pinky_interfaces/environment/ament_prefix_path.sh
[4.947s] -- Installing: /home/naon/deli_ws/deli_bot/install/pinky_interfaces/share/pinky_interfaces/environment/ament_prefix_path.dsv
[4.947s] -- Installing: /home/naon/deli_ws/deli_bot/install/pinky_interfaces/share/pinky_interfaces/environment/path.sh
[4.947s] -- Installing: /home/naon/deli_ws/deli_bot/install/pinky_interfaces/share/pinky_interfaces/environment/path.dsv
[4.947s] -- Installing: /home/naon/deli_ws/deli_bot/install/pinky_interfaces/share/pinky_interfaces/local_setup.bash
[4.947s] -- Installing: /home/naon/deli_ws/deli_bot/install/pinky_interfaces/share/pinky_interfaces/local_setup.sh
[4.947s] -- Installing: /home/naon/deli_ws/deli_bot/install/pinky_interfaces/share/pinky_interfaces/local_setup.zsh
[4.947s] -- Installing: /home/naon/deli_ws/deli_bot/install/pinky_interfaces/share/pinky_interfaces/local_setup.dsv
[4.947s] -- Installing: /home/naon/deli_ws/deli_bot/install/pinky_interfaces/share/pinky_interfaces/package.dsv
[4.947s] -- Installing: /home/naon/deli_ws/deli_bot/install/pinky_interfaces/share/ament_index/resource_index/packages/pinky_interfaces
[4.947s] -- Installing: /home/naon/deli_ws/deli_bot/install/pinky_interfaces/share/pinky_interfaces/cmake/export_pinky_interfaces__rosidl_generator_cExport.cmake
[4.947s] -- Installing: /home/naon/deli_ws/deli_bot/install/pinky_interfaces/share/pinky_interfaces/cmake/export_pinky_interfaces__rosidl_generator_cExport-noconfig.cmake
[4.948s] -- Installing: /home/naon/deli_ws/deli_bot/install/pinky_interfaces/share/pinky_interfaces/cmake/export_pinky_interfaces__rosidl_typesupport_fastrtps_cExport.cmake
[4.948s] -- Installing: /home/naon/deli_ws/deli_bot/install/pinky_interfaces/share/pinky_interfaces/cmake/export_pinky_interfaces__rosidl_typesupport_fastrtps_cExport-noconfig.cmake
[4.948s] -- Installing: /home/naon/deli_ws/deli_bot/install/pinky_interfaces/share/pinky_interfaces/cmake/pinky_interfaces__rosidl_typesupport_introspection_cExport.cmake
[4.948s] -- Installing: /home/naon/deli_ws/deli_bot/install/pinky_interfaces/share/pinky_interfaces/cmake/pinky_interfaces__rosidl_typesupport_introspection_cExport-noconfig.cmake
[4.948s] -- Installing: /home/naon/deli_ws/deli_bot/install/pinky_interfaces/share/pinky_interfaces/cmake/pinky_interfaces__rosidl_typesupport_cExport.cmake
[4.948s] -- Installing: /home/naon/deli_ws/deli_bot/install/pinky_interfaces/share/pinky_interfaces/cmake/pinky_interfaces__rosidl_typesupport_cExport-noconfig.cmake
[4.948s] -- Installing: /home/naon/deli_ws/deli_bot/install/pinky_interfaces/share/pinky_interfaces/cmake/export_pinky_interfaces__rosidl_generator_cppExport.cmake
[4.948s] -- Installing: /home/naon/deli_ws/deli_bot/install/pinky_interfaces/share/pinky_interfaces/cmake/export_pinky_interfaces__rosidl_typesupport_fastrtps_cppExport.cmake
[4.948s] -- Installing: /home/naon/deli_ws/deli_bot/install/pinky_interfaces/share/pinky_interfaces/cmake/export_pinky_interfaces__rosidl_typesupport_fastrtps_cppExport-noconfig.cmake
[4.948s] -- Installing: /home/naon/deli_ws/deli_bot/install/pinky_interfaces/share/pinky_interfaces/cmake/pinky_interfaces__rosidl_typesupport_introspection_cppExport.cmake
[4.948s] -- Installing: /home/naon/deli_ws/deli_bot/install/pinky_interfaces/share/pinky_interfaces/cmake/pinky_interfaces__rosidl_typesupport_introspection_cppExport-noconfig.cmake
[4.949s] -- Installing: /home/naon/deli_ws/deli_bot/install/pinky_interfaces/share/pinky_interfaces/cmake/pinky_interfaces__rosidl_typesupport_cppExport.cmake
[4.949s] -- Installing: /home/naon/deli_ws/deli_bot/install/pinky_interfaces/share/pinky_interfaces/cmake/pinky_interfaces__rosidl_typesupport_cppExport-noconfig.cmake
[4.949s] -- Installing: /home/naon/deli_ws/deli_bot/install/pinky_interfaces/share/pinky_interfaces/cmake/export_pinky_interfaces__rosidl_generator_pyExport.cmake
[4.949s] -- Installing: /home/naon/deli_ws/deli_bot/install/pinky_interfaces/share/pinky_interfaces/cmake/export_pinky_interfaces__rosidl_generator_pyExport-noconfig.cmake
[4.949s] -- Installing: /home/naon/deli_ws/deli_bot/install/pinky_interfaces/share/pinky_interfaces/cmake/rosidl_cmake-extras.cmake
[4.949s] -- Installing: /home/naon/deli_ws/deli_bot/install/pinky_interfaces/share/pinky_interfaces/cmake/ament_cmake_export_dependencies-extras.cmake
[4.949s] -- Installing: /home/naon/deli_ws/deli_bot/install/pinky_interfaces/share/pinky_interfaces/cmake/ament_cmake_export_include_directories-extras.cmake
[4.949s] -- Installing: /home/naon/deli_ws/deli_bot/install/pinky_interfaces/share/pinky_interfaces/cmake/ament_cmake_export_libraries-extras.cmake
[4.949s] -- Installing: /home/naon/deli_ws/deli_bot/install/pinky_interfaces/share/pinky_interfaces/cmake/ament_cmake_export_targets-extras.cmake
[4.949s] -- Installing: /home/naon/deli_ws/deli_bot/install/pinky_interfaces/share/pinky_interfaces/cmake/rosidl_cmake_export_typesupport_targets-extras.cmake
[4.949s] -- Installing: /home/naon/deli_ws/deli_bot/install/pinky_interfaces/share/pinky_interfaces/cmake/rosidl_cmake_export_typesupport_libraries-extras.cmake
[4.949s] -- Installing: /home/naon/deli_ws/deli_bot/install/pinky_interfaces/share/pinky_interfaces/cmake/pinky_interfacesConfig.cmake
[4.950s] -- Installing: /home/naon/deli_ws/deli_bot/install/pinky_interfaces/share/pinky_interfaces/cmake/pinky_interfacesConfig-version.cmake
[4.950s] -- Installing: /home/naon/deli_ws/deli_bot/install/pinky_interfaces/share/pinky_interfaces/package.xml
[4.951s] Invoked command in '/home/naon/deli_ws/deli_bot/build/pinky_interfaces' returned '0': CMAKE_PREFIX_PATH=${CMAKE_PREFIX_PATH}:/opt/ros/jazzy DEBUGINFOD_URLS=https://debuginfod.ubuntu.com /usr/bin/cmake --install /home/naon/deli_ws/deli_bot/build/pinky_interfaces
