[1.154s] Invoking command in '/home/naon/deli_ws/deli_bot/src/pinky_bringup': DEBUGINFOD_URLS=https://debuginfod.ubuntu.com PYTHONPATH=/home/naon/deli_ws/deli_bot/build/pinky_bringup/prefix_override:/usr/lib/python3/dist-packages/colcon_core/task/python/colcon_distutils_commands:/home/naon/deli_ws/deli_bot/install/pinky_bringup/lib/python3.12/site-packages:${PYTHONPATH} /usr/bin/python3 -W ignore:setup.py install is deprecated -W ignore:easy_install command is deprecated setup.py egg_info --egg-base ../../build/pinky_bringup build --build-base /home/naon/deli_ws/deli_bot/build/pinky_bringup/build install --record /home/naon/deli_ws/deli_bot/build/pinky_bringup/install.log --single-version-externally-managed install_data
[1.423s] running egg_info
[1.423s] creating ../../build/pinky_bringup/pinky_bringup.egg-info
[1.443s] writing ../../build/pinky_bringup/pinky_bringup.egg-info/PKG-INFO
[1.443s] writing dependency_links to ../../build/pinky_bringup/pinky_bringup.egg-info/dependency_links.txt
[1.443s] writing entry points to ../../build/pinky_bringup/pinky_bringup.egg-info/entry_points.txt
[1.443s] writing requirements to ../../build/pinky_bringup/pinky_bringup.egg-info/requires.txt
[1.443s] writing top-level names to ../../build/pinky_bringup/pinky_bringup.egg-info/top_level.txt
[1.443s] writing manifest file '../../build/pinky_bringup/pinky_bringup.egg-info/SOURCES.txt'
[1.482s] reading manifest file '../../build/pinky_bringup/pinky_bringup.egg-info/SOURCES.txt'
[1.482s] writing manifest file '../../build/pinky_bringup/pinky_bringup.egg-info/SOURCES.txt'
[1.483s] running build
[1.483s] running build_py
[1.483s] creating /home/naon/deli_ws/deli_bot/build/pinky_bringup/build
[1.483s] creating /home/naon/deli_ws/deli_bot/build/pinky_bringup/build/lib
[1.483s] creating /home/naon/deli_ws/deli_bot/build/pinky_bringup/build/lib/pinky_bringup
[1.483s] copying pinky_bringup/__init__.py -> /home/naon/deli_ws/deli_bot/build/pinky_bringup/build/lib/pinky_bringup
[1.484s] copying pinky_bringup/battery.py -> /home/naon/deli_ws/deli_bot/build/pinky_bringup/build/lib/pinky_bringup
[1.484s] copying pinky_bringup/pinkylib.py -> /home/naon/deli_ws/deli_bot/build/pinky_bringup/build/lib/pinky_bringup
[1.484s] copying pinky_bringup/pinky_bringup.py -> /home/naon/deli_ws/deli_bot/build/pinky_bringup/build/lib/pinky_bringup
[1.484s] running install
[1.489s] running install_lib
[1.509s] creating /home/naon/deli_ws/deli_bot/install/pinky_bringup/lib/python3.12/site-packages/pinky_bringup
[1.509s] copying /home/naon/deli_ws/deli_bot/build/pinky_bringup/build/lib/pinky_bringup/__init__.py -> /home/naon/deli_ws/deli_bot/install/pinky_bringup/lib/python3.12/site-packages/pinky_bringup
[1.509s] copying /home/naon/deli_ws/deli_bot/build/pinky_bringup/build/lib/pinky_bringup/battery.py -> /home/naon/deli_ws/deli_bot/install/pinky_bringup/lib/python3.12/site-packages/pinky_bringup
[1.509s] copying /home/naon/deli_ws/deli_bot/build/pinky_bringup/build/lib/pinky_bringup/pinkylib.py -> /home/naon/deli_ws/deli_bot/install/pinky_bringup/lib/python3.12/site-packages/pinky_bringup
[1.509s] copying /home/naon/deli_ws/deli_bot/build/pinky_bringup/build/lib/pinky_bringup/pinky_bringup.py -> /home/naon/deli_ws/deli_bot/install/pinky_bringup/lib/python3.12/site-packages/pinky_bringup
[1.509s] byte-compiling /home/naon/deli_ws/deli_bot/install/pinky_bringup/lib/python3.12/site-packages/pinky_bringup/__init__.py to __init__.cpython-312.pyc
[1.509s] byte-compiling /home/naon/deli_ws/deli_bot/install/pinky_bringup/lib/python3.12/site-packages/pinky_bringup/battery.py to battery.cpython-312.pyc
[1.510s] byte-compiling /home/naon/deli_ws/deli_bot/install/pinky_bringup/lib/python3.12/site-packages/pinky_bringup/pinkylib.py to pinkylib.cpython-312.pyc
[1.512s] byte-compiling /home/naon/deli_ws/deli_bot/install/pinky_bringup/lib/python3.12/site-packages/pinky_bringup/pinky_bringup.py to pinky_bringup.cpython-312.pyc
[1.512s] running install_data
[1.512s] creating /home/naon/deli_ws/deli_bot/install/pinky_bringup/share/ament_index
[1.512s] creating /home/naon/deli_ws/deli_bot/install/pinky_bringup/share/ament_index/resource_index
[1.513s] creating /home/naon/deli_ws/deli_bot/install/pinky_bringup/share/ament_index/resource_index/packages
[1.513s] copying resource/pinky_bringup -> /home/naon/deli_ws/deli_bot/install/pinky_bringup/share/ament_index/resource_index/packages
[1.513s] copying package.xml -> /home/naon/deli_ws/deli_bot/install/pinky_bringup/share/pinky_bringup
[1.513s] creating /home/naon/deli_ws/deli_bot/install/pinky_bringup/share/pinky_bringup/launch
[1.513s] copying launch/bringup.launch.xml -> /home/naon/deli_ws/deli_bot/install/pinky_bringup/share/pinky_bringup/launch
[1.513s] running install_egg_info
[1.533s] Copying ../../build/pinky_bringup/pinky_bringup.egg-info to /home/naon/deli_ws/deli_bot/install/pinky_bringup/lib/python3.12/site-packages/pinky_bringup-0.0.0-py3.12.egg-info
[1.534s] running install_scripts
[1.652s] Installing pinky_bringup script to /home/naon/deli_ws/deli_bot/install/pinky_bringup/lib/pinky_bringup
[1.652s] writing list of installed files to '/home/naon/deli_ws/deli_bot/build/pinky_bringup/install.log'
[1.677s] Invoked command in '/home/naon/deli_ws/deli_bot/src/pinky_bringup' returned '0': DEBUGINFOD_URLS=https://debuginfod.ubuntu.com PYTHONPATH=/home/naon/deli_ws/deli_bot/build/pinky_bringup/prefix_override:/usr/lib/python3/dist-packages/colcon_core/task/python/colcon_distutils_commands:/home/naon/deli_ws/deli_bot/install/pinky_bringup/lib/python3.12/site-packages:${PYTHONPATH} /usr/bin/python3 -W ignore:setup.py install is deprecated -W ignore:easy_install command is deprecated setup.py egg_info --egg-base ../../build/pinky_bringup build --build-base /home/naon/deli_ws/deli_bot/build/pinky_bringup/build install --record /home/naon/deli_ws/deli_bot/build/pinky_bringup/install.log --single-version-externally-managed install_data
