[0.008s] Invoking command in '/home/naon/deli_ws/deli_bot/build/pinky_gazebo': AMENT_PREFIX_PATH=/home/naon/deli_ws/deli_bot/install/pinky_description:${AMENT_PREFIX_PATH} CMAKE_PREFIX_PATH=/home/naon/deli_ws/deli_bot/install/pinky_description:/opt/ros/jazzy/opt/gz_math_vendor:/opt/ros/jazzy/opt/gz_utils_vendor:/opt/ros/jazzy/opt/gz_cmake_vendor:/opt/ros/jazzy DEBUGINFOD_URLS=https://debuginfod.ubuntu.com /usr/bin/cmake /home/naon/deli_ws/deli_bot/src/pinky_gazebo -DCMAKE_INSTALL_PREFIX=/home/naon/deli_ws/deli_bot/install/pinky_gazebo
[0.054s] -- The C compiler identification is GNU 13.3.0
[0.101s] -- The CXX compiler identification is GNU 13.3.0
[0.118s] -- Detecting C compiler ABI info
[0.190s] -- Detecting C compiler ABI info - done
[0.199s] -- Check for working C compiler: /usr/bin/cc - skipped
[0.199s] -- Detecting C compile features
[0.200s] -- Detecting C compile features - done
[0.206s] -- Detecting CXX compiler ABI info
[0.289s] -- Detecting CXX compiler ABI info - done
[0.302s] -- Check for working CXX compiler: /usr/bin/c++ - skipped
[0.302s] -- Detecting CXX compile features
[0.303s] -- Detecting CXX compile features - done
[0.305s] -- Found ament_cmake: 2.5.3 (/opt/ros/jazzy/share/ament_cmake/cmake)
[0.434s] -- Found Python3: /usr/bin/python3 (found version "3.12.3") found components: Interpreter 
[0.516s] -- Found ament_lint_auto: 0.17.1 (/opt/ros/jazzy/share/ament_lint_auto/cmake)
[0.606s] -- Added test 'lint_cmake' to check CMake code style
[0.607s] -- Added test 'xmllint' to check XML markup files
[0.608s] -- Configuring done (0.6s)
[0.611s] -- Generating done (0.0s)
[0.613s] -- Build files have been written to: /home/naon/deli_ws/deli_bot/build/pinky_gazebo
[0.618s] Invoked command in '/home/naon/deli_ws/deli_bot/build/pinky_gazebo' returned '0': AMENT_PREFIX_PATH=/home/naon/deli_ws/deli_bot/install/pinky_description:${AMENT_PREFIX_PATH} CMAKE_PREFIX_PATH=/home/naon/deli_ws/deli_bot/install/pinky_description:/opt/ros/jazzy/opt/gz_math_vendor:/opt/ros/jazzy/opt/gz_utils_vendor:/opt/ros/jazzy/opt/gz_cmake_vendor:/opt/ros/jazzy DEBUGINFOD_URLS=https://debuginfod.ubuntu.com /usr/bin/cmake /home/naon/deli_ws/deli_bot/src/pinky_gazebo -DCMAKE_INSTALL_PREFIX=/home/naon/deli_ws/deli_bot/install/pinky_gazebo
[0.619s] Invoking command in '/home/naon/deli_ws/deli_bot/build/pinky_gazebo': AMENT_PREFIX_PATH=/home/naon/deli_ws/deli_bot/install/pinky_description:${AMENT_PREFIX_PATH} CMAKE_PREFIX_PATH=/home/naon/deli_ws/deli_bot/install/pinky_description:/opt/ros/jazzy/opt/gz_math_vendor:/opt/ros/jazzy/opt/gz_utils_vendor:/opt/ros/jazzy/opt/gz_cmake_vendor:/opt/ros/jazzy DEBUGINFOD_URLS=https://debuginfod.ubuntu.com /usr/bin/cmake --build /home/naon/deli_ws/deli_bot/build/pinky_gazebo -- -j12 -l12
[0.647s] Invoked command in '/home/naon/deli_ws/deli_bot/build/pinky_gazebo' returned '0': AMENT_PREFIX_PATH=/home/naon/deli_ws/deli_bot/install/pinky_description:${AMENT_PREFIX_PATH} CMAKE_PREFIX_PATH=/home/naon/deli_ws/deli_bot/install/pinky_description:/opt/ros/jazzy/opt/gz_math_vendor:/opt/ros/jazzy/opt/gz_utils_vendor:/opt/ros/jazzy/opt/gz_cmake_vendor:/opt/ros/jazzy DEBUGINFOD_URLS=https://debuginfod.ubuntu.com /usr/bin/cmake --build /home/naon/deli_ws/deli_bot/build/pinky_gazebo -- -j12 -l12
[0.648s] Invoking command in '/home/naon/deli_ws/deli_bot/build/pinky_gazebo': AMENT_PREFIX_PATH=/home/naon/deli_ws/deli_bot/install/pinky_description:${AMENT_PREFIX_PATH} CMAKE_PREFIX_PATH=/home/naon/deli_ws/deli_bot/install/pinky_description:/opt/ros/jazzy/opt/gz_math_vendor:/opt/ros/jazzy/opt/gz_utils_vendor:/opt/ros/jazzy/opt/gz_cmake_vendor:/opt/ros/jazzy DEBUGINFOD_URLS=https://debuginfod.ubuntu.com /usr/bin/cmake --install /home/naon/deli_ws/deli_bot/build/pinky_gazebo
[0.654s] -- Install configuration: ""
[0.654s] -- Installing: /home/naon/deli_ws/deli_bot/install/pinky_gazebo/share/pinky_gazebo/launch
[0.654s] -- Installing: /home/naon/deli_ws/deli_bot/install/pinky_gazebo/share/pinky_gazebo/launch/nav2.launch.xml
[0.654s] -- Installing: /home/naon/deli_ws/deli_bot/install/pinky_gazebo/share/pinky_gazebo/launch/launch_sim.launch.xml
[0.655s] -- Installing: /home/naon/deli_ws/deli_bot/install/pinky_gazebo/share/pinky_gazebo/launch/cartographer.launch.xml
[0.655s] -- Installing: /home/naon/deli_ws/deli_bot/install/pinky_gazebo/share/pinky_gazebo/config
[0.655s] -- Installing: /home/naon/deli_ws/deli_bot/install/pinky_gazebo/share/pinky_gazebo/config/my_controllers.yaml
[0.655s] -- Installing: /home/naon/deli_ws/deli_bot/install/pinky_gazebo/share/pinky_gazebo/models
[0.655s] -- Installing: /home/naon/deli_ws/deli_bot/install/pinky_gazebo/share/pinky_gazebo/models/my_world
[0.655s] -- Installing: /home/naon/deli_ws/deli_bot/install/pinky_gazebo/share/pinky_gazebo/models/my_world/model.sdf
[0.655s] -- Installing: /home/naon/deli_ws/deli_bot/install/pinky_gazebo/share/pinky_gazebo/models/my_world/model.config
[0.655s] -- Installing: /home/naon/deli_ws/deli_bot/install/pinky_gazebo/share/pinky_gazebo/models/.empty
[0.655s] -- Installing: /home/naon/deli_ws/deli_bot/install/pinky_gazebo/share/pinky_gazebo/models/simple_building
[0.656s] -- Installing: /home/naon/deli_ws/deli_bot/install/pinky_gazebo/share/pinky_gazebo/models/simple_building/model.sdf
[0.656s] -- Installing: /home/naon/deli_ws/deli_bot/install/pinky_gazebo/share/pinky_gazebo/models/simple_building/model.config
[0.656s] -- Installing: /home/naon/deli_ws/deli_bot/install/pinky_gazebo/share/pinky_gazebo/worlds
[0.656s] -- Installing: /home/naon/deli_ws/deli_bot/install/pinky_gazebo/share/pinky_gazebo/worlds/my_world.world
[0.656s] -- Installing: /home/naon/deli_ws/deli_bot/install/pinky_gazebo/share/pinky_gazebo/worlds/simple_building.world
[0.656s] -- Installing: /home/naon/deli_ws/deli_bot/install/pinky_gazebo/share/pinky_gazebo/worlds/empty.world
[0.656s] -- Installing: /home/naon/deli_ws/deli_bot/install/pinky_gazebo/share/pinky_gazebo/params
[0.656s] -- Installing: /home/naon/deli_ws/deli_bot/install/pinky_gazebo/share/pinky_gazebo/params/pinky_bridge.yaml
[0.656s] -- Installing: /home/naon/deli_ws/deli_bot/install/pinky_gazebo/share/pinky_gazebo/params/cartographer_params.lua
[0.656s] -- Installing: /home/naon/deli_ws/deli_bot/install/pinky_gazebo/share/ament_index/resource_index/package_run_dependencies/pinky_gazebo
[0.656s] -- Installing: /home/naon/deli_ws/deli_bot/install/pinky_gazebo/share/ament_index/resource_index/parent_prefix_path/pinky_gazebo
[0.656s] -- Installing: /home/naon/deli_ws/deli_bot/install/pinky_gazebo/share/pinky_gazebo/environment/ament_prefix_path.sh
[0.656s] -- Installing: /home/naon/deli_ws/deli_bot/install/pinky_gazebo/share/pinky_gazebo/environment/ament_prefix_path.dsv
[0.656s] -- Installing: /home/naon/deli_ws/deli_bot/install/pinky_gazebo/share/pinky_gazebo/environment/path.sh
[0.656s] -- Installing: /home/naon/deli_ws/deli_bot/install/pinky_gazebo/share/pinky_gazebo/environment/path.dsv
[0.657s] -- Installing: /home/naon/deli_ws/deli_bot/install/pinky_gazebo/share/pinky_gazebo/local_setup.bash
[0.657s] -- Installing: /home/naon/deli_ws/deli_bot/install/pinky_gazebo/share/pinky_gazebo/local_setup.sh
[0.657s] -- Installing: /home/naon/deli_ws/deli_bot/install/pinky_gazebo/share/pinky_gazebo/local_setup.zsh
[0.657s] -- Installing: /home/naon/deli_ws/deli_bot/install/pinky_gazebo/share/pinky_gazebo/local_setup.dsv
[0.657s] -- Installing: /home/naon/deli_ws/deli_bot/install/pinky_gazebo/share/pinky_gazebo/package.dsv
[0.657s] -- Installing: /home/naon/deli_ws/deli_bot/install/pinky_gazebo/share/ament_index/resource_index/packages/pinky_gazebo
[0.657s] -- Installing: /home/naon/deli_ws/deli_bot/install/pinky_gazebo/share/pinky_gazebo/cmake/pinky_gazeboConfig.cmake
[0.657s] -- Installing: /home/naon/deli_ws/deli_bot/install/pinky_gazebo/share/pinky_gazebo/cmake/pinky_gazeboConfig-version.cmake
[0.657s] -- Installing: /home/naon/deli_ws/deli_bot/install/pinky_gazebo/share/pinky_gazebo/package.xml
[0.658s] Invoked command in '/home/naon/deli_ws/deli_bot/build/pinky_gazebo' returned '0': AMENT_PREFIX_PATH=/home/naon/deli_ws/deli_bot/install/pinky_description:${AMENT_PREFIX_PATH} CMAKE_PREFIX_PATH=/home/naon/deli_ws/deli_bot/install/pinky_description:/opt/ros/jazzy/opt/gz_math_vendor:/opt/ros/jazzy/opt/gz_utils_vendor:/opt/ros/jazzy/opt/gz_cmake_vendor:/opt/ros/jazzy DEBUGINFOD_URLS=https://debuginfod.ubuntu.com /usr/bin/cmake --install /home/naon/deli_ws/deli_bot/build/pinky_gazebo
