[0.205s] Invoking command in '/home/naon/deli_ws/deli_bot/build/pinky_cartographer': CMAKE_PREFIX_PATH=${CMAKE_PREFIX_PATH}:/opt/ros/jazzy DEBUGINFOD_URLS=https://debuginfod.ubuntu.com /usr/bin/cmake /home/naon/deli_ws/deli_bot/src/pinky_cartographer -DCMAKE_INSTALL_PREFIX=/home/naon/deli_ws/deli_bot/install/pinky_cartographer
[0.404s] -- The C compiler identification is GNU 13.3.0
[0.404s] -- The CXX compiler identification is GNU 13.3.0
[0.404s] -- Detecting C compiler ABI info
[0.404s] -- Detecting C compiler ABI info - done
[0.404s] -- Check for working C compiler: /usr/bin/cc - skipped
[0.404s] -- Detecting C compile features
[0.404s] -- Detecting C compile features - done
[0.404s] -- Detecting CXX compiler ABI info
[0.453s] -- Detecting CXX compiler ABI info - done
[0.468s] -- Check for working CXX compiler: /usr/bin/c++ - skipped
[0.468s] -- Detecting CXX compile features
[0.469s] -- Detecting CXX compile features - done
[0.471s] -- Found ament_cmake: 2.5.3 (/opt/ros/jazzy/share/ament_cmake/cmake)
[0.607s] -- Found Python3: /usr/bin/python3 (found version "3.12.3") found components: Interpreter 
[0.697s] -- Found ament_lint_auto: 0.17.1 (/opt/ros/jazzy/share/ament_lint_auto/cmake)
[0.790s] -- Added test 'lint_cmake' to check CMake code style
[0.792s] -- Added test 'xmllint' to check XML markup files
[0.794s] -- Configuring done (0.6s)
[0.796s] -- Generating done (0.0s)
[0.797s] -- Build files have been written to: /home/naon/deli_ws/deli_bot/build/pinky_cartographer
[0.824s] Invoked command in '/home/naon/deli_ws/deli_bot/build/pinky_cartographer' returned '0': CMAKE_PREFIX_PATH=${CMAKE_PREFIX_PATH}:/opt/ros/jazzy DEBUGINFOD_URLS=https://debuginfod.ubuntu.com /usr/bin/cmake /home/naon/deli_ws/deli_bot/src/pinky_cartographer -DCMAKE_INSTALL_PREFIX=/home/naon/deli_ws/deli_bot/install/pinky_cartographer
[0.825s] Invoking command in '/home/naon/deli_ws/deli_bot/build/pinky_cartographer': CMAKE_PREFIX_PATH=${CMAKE_PREFIX_PATH}:/opt/ros/jazzy DEBUGINFOD_URLS=https://debuginfod.ubuntu.com /usr/bin/cmake --build /home/naon/deli_ws/deli_bot/build/pinky_cartographer -- -j12 -l12
[0.859s] Invoked command in '/home/naon/deli_ws/deli_bot/build/pinky_cartographer' returned '0': CMAKE_PREFIX_PATH=${CMAKE_PREFIX_PATH}:/opt/ros/jazzy DEBUGINFOD_URLS=https://debuginfod.ubuntu.com /usr/bin/cmake --build /home/naon/deli_ws/deli_bot/build/pinky_cartographer -- -j12 -l12
[0.860s] Invoking command in '/home/naon/deli_ws/deli_bot/build/pinky_cartographer': CMAKE_PREFIX_PATH=${CMAKE_PREFIX_PATH}:/opt/ros/jazzy DEBUGINFOD_URLS=https://debuginfod.ubuntu.com /usr/bin/cmake --install /home/naon/deli_ws/deli_bot/build/pinky_cartographer
[0.867s] -- Install configuration: ""
[0.867s] -- Installing: /home/naon/deli_ws/deli_bot/install/pinky_cartographer/share/pinky_cartographer/launch
[0.867s] -- Installing: /home/naon/deli_ws/deli_bot/install/pinky_cartographer/share/pinky_cartographer/launch/map_view.launch.xml
[0.867s] -- Installing: /home/naon/deli_ws/deli_bot/install/pinky_cartographer/share/pinky_cartographer/launch/cartographer.launch.xml
[0.867s] -- Installing: /home/naon/deli_ws/deli_bot/install/pinky_cartographer/share/pinky_cartographer/params
[0.867s] -- Installing: /home/naon/deli_ws/deli_bot/install/pinky_cartographer/share/pinky_cartographer/params/nav2_cartographer_params.lua
[0.867s] -- Installing: /home/naon/deli_ws/deli_bot/install/pinky_cartographer/share/pinky_cartographer/params/cartographer_params.lua
[0.867s] -- Installing: /home/naon/deli_ws/deli_bot/install/pinky_cartographer/share/pinky_cartographer/rviz
[0.867s] -- Installing: /home/naon/deli_ws/deli_bot/install/pinky_cartographer/share/pinky_cartographer/rviz/map_building.rviz
[0.867s] -- Installing: /home/naon/deli_ws/deli_bot/install/pinky_cartographer/share/ament_index/resource_index/package_run_dependencies/pinky_cartographer
[0.867s] -- Installing: /home/naon/deli_ws/deli_bot/install/pinky_cartographer/share/ament_index/resource_index/parent_prefix_path/pinky_cartographer
[0.868s] -- Installing: /home/naon/deli_ws/deli_bot/install/pinky_cartographer/share/pinky_cartographer/environment/ament_prefix_path.sh
[0.868s] -- Installing: /home/naon/deli_ws/deli_bot/install/pinky_cartographer/share/pinky_cartographer/environment/ament_prefix_path.dsv
[0.868s] -- Installing: /home/naon/deli_ws/deli_bot/install/pinky_cartographer/share/pinky_cartographer/environment/path.sh
[0.868s] -- Installing: /home/naon/deli_ws/deli_bot/install/pinky_cartographer/share/pinky_cartographer/environment/path.dsv
[0.868s] -- Installing: /home/naon/deli_ws/deli_bot/install/pinky_cartographer/share/pinky_cartographer/local_setup.bash
[0.868s] -- Installing: /home/naon/deli_ws/deli_bot/install/pinky_cartographer/share/pinky_cartographer/local_setup.sh
[0.868s] -- Installing: /home/naon/deli_ws/deli_bot/install/pinky_cartographer/share/pinky_cartographer/local_setup.zsh
[0.868s] -- Installing: /home/naon/deli_ws/deli_bot/install/pinky_cartographer/share/pinky_cartographer/local_setup.dsv
[0.868s] -- Installing: /home/naon/deli_ws/deli_bot/install/pinky_cartographer/share/pinky_cartographer/package.dsv
[0.868s] -- Installing: /home/naon/deli_ws/deli_bot/install/pinky_cartographer/share/ament_index/resource_index/packages/pinky_cartographer
[0.869s] -- Installing: /home/naon/deli_ws/deli_bot/install/pinky_cartographer/share/pinky_cartographer/cmake/pinky_cartographerConfig.cmake
[0.869s] -- Installing: /home/naon/deli_ws/deli_bot/install/pinky_cartographer/share/pinky_cartographer/cmake/pinky_cartographerConfig-version.cmake
[0.869s] -- Installing: /home/naon/deli_ws/deli_bot/install/pinky_cartographer/share/pinky_cartographer/package.xml
[0.871s] Invoked command in '/home/naon/deli_ws/deli_bot/build/pinky_cartographer' returned '0': CMAKE_PREFIX_PATH=${CMAKE_PREFIX_PATH}:/opt/ros/jazzy DEBUGINFOD_URLS=https://debuginfod.ubuntu.com /usr/bin/cmake --install /home/naon/deli_ws/deli_bot/build/pinky_cartographer
