running egg_info
creating ../../build/pinky_emotion/pinky_emotion.egg-info
writing ../../build/pinky_emotion/pinky_emotion.egg-info/PKG-INFO
writing dependency_links to ../../build/pinky_emotion/pinky_emotion.egg-info/dependency_links.txt
writing entry points to ../../build/pinky_emotion/pinky_emotion.egg-info/entry_points.txt
writing requirements to ../../build/pinky_emotion/pinky_emotion.egg-info/requires.txt
writing top-level names to ../../build/pinky_emotion/pinky_emotion.egg-info/top_level.txt
writing manifest file '../../build/pinky_emotion/pinky_emotion.egg-info/SOURCES.txt'
reading manifest file '../../build/pinky_emotion/pinky_emotion.egg-info/SOURCES.txt'
writing manifest file '../../build/pinky_emotion/pinky_emotion.egg-info/SOURCES.txt'
running build
running build_py
creating /home/naon/deli_ws/deli_bot/build/pinky_emotion/build
creating /home/naon/deli_ws/deli_bot/build/pinky_emotion/build/lib
creating /home/naon/deli_ws/deli_bot/build/pinky_emotion/build/lib/pinky_emotion
copying pinky_emotion/__init__.py -> /home/naon/deli_ws/deli_bot/build/pinky_emotion/build/lib/pinky_emotion
copying pinky_emotion/pinky_lcd.py -> /home/naon/deli_ws/deli_bot/build/pinky_emotion/build/lib/pinky_emotion
copying pinky_emotion/pinky_emotion.py -> /home/naon/deli_ws/deli_bot/build/pinky_emotion/build/lib/pinky_emotion
running install
running install_lib
creating /home/naon/deli_ws/deli_bot/install/pinky_emotion/lib/python3.12/site-packages/pinky_emotion
copying /home/naon/deli_ws/deli_bot/build/pinky_emotion/build/lib/pinky_emotion/__init__.py -> /home/naon/deli_ws/deli_bot/install/pinky_emotion/lib/python3.12/site-packages/pinky_emotion
copying /home/naon/deli_ws/deli_bot/build/pinky_emotion/build/lib/pinky_emotion/pinky_lcd.py -> /home/naon/deli_ws/deli_bot/install/pinky_emotion/lib/python3.12/site-packages/pinky_emotion
copying /home/naon/deli_ws/deli_bot/build/pinky_emotion/build/lib/pinky_emotion/pinky_emotion.py -> /home/naon/deli_ws/deli_bot/install/pinky_emotion/lib/python3.12/site-packages/pinky_emotion
byte-compiling /home/naon/deli_ws/deli_bot/install/pinky_emotion/lib/python3.12/site-packages/pinky_emotion/__init__.py to __init__.cpython-312.pyc
byte-compiling /home/naon/deli_ws/deli_bot/install/pinky_emotion/lib/python3.12/site-packages/pinky_emotion/pinky_lcd.py to pinky_lcd.cpython-312.pyc
byte-compiling /home/naon/deli_ws/deli_bot/install/pinky_emotion/lib/python3.12/site-packages/pinky_emotion/pinky_emotion.py to pinky_emotion.cpython-312.pyc
running install_data
creating /home/naon/deli_ws/deli_bot/install/pinky_emotion/share/ament_index
creating /home/naon/deli_ws/deli_bot/install/pinky_emotion/share/ament_index/resource_index
creating /home/naon/deli_ws/deli_bot/install/pinky_emotion/share/ament_index/resource_index/packages
copying resource/pinky_emotion -> /home/naon/deli_ws/deli_bot/install/pinky_emotion/share/ament_index/resource_index/packages
copying package.xml -> /home/naon/deli_ws/deli_bot/install/pinky_emotion/share/pinky_emotion
creating /home/naon/deli_ws/deli_bot/install/pinky_emotion/share/pinky_emotion/emotion
copying emotion/bored.gif -> /home/naon/deli_ws/deli_bot/install/pinky_emotion/share/pinky_emotion/emotion
copying emotion/sad.gif -> /home/naon/deli_ws/deli_bot/install/pinky_emotion/share/pinky_emotion/emotion
copying emotion/fun.gif -> /home/naon/deli_ws/deli_bot/install/pinky_emotion/share/pinky_emotion/emotion
copying emotion/angry.gif -> /home/naon/deli_ws/deli_bot/install/pinky_emotion/share/pinky_emotion/emotion
copying emotion/basic.gif -> /home/naon/deli_ws/deli_bot/install/pinky_emotion/share/pinky_emotion/emotion
copying emotion/interest.gif -> /home/naon/deli_ws/deli_bot/install/pinky_emotion/share/pinky_emotion/emotion
copying emotion/hello.gif -> /home/naon/deli_ws/deli_bot/install/pinky_emotion/share/pinky_emotion/emotion
copying emotion/happy.gif -> /home/naon/deli_ws/deli_bot/install/pinky_emotion/share/pinky_emotion/emotion
running install_egg_info
Copying ../../build/pinky_emotion/pinky_emotion.egg-info to /home/naon/deli_ws/deli_bot/install/pinky_emotion/lib/python3.12/site-packages/pinky_emotion-0.0.0-py3.12.egg-info
running install_scripts
Installing pinky_emotion script to /home/naon/deli_ws/deli_bot/install/pinky_emotion/lib/pinky_emotion
writing list of installed files to '/home/naon/deli_ws/deli_bot/build/pinky_emotion/install.log'
