[1.172s] Invoking command in '/home/naon/deli_ws/deli_bot/src/pinky_emotion': DEBUGINFOD_URLS=https://debuginfod.ubuntu.com PYTHONPATH=/home/naon/deli_ws/deli_bot/build/pinky_emotion/prefix_override:/usr/lib/python3/dist-packages/colcon_core/task/python/colcon_distutils_commands:/home/naon/deli_ws/deli_bot/install/pinky_emotion/lib/python3.12/site-packages:${PYTHONPATH} /usr/bin/python3 -W ignore:setup.py install is deprecated -W ignore:easy_install command is deprecated setup.py egg_info --egg-base ../../build/pinky_emotion build --build-base /home/naon/deli_ws/deli_bot/build/pinky_emotion/build install --record /home/naon/deli_ws/deli_bot/build/pinky_emotion/install.log --single-version-externally-managed install_data
[1.431s] running egg_info
[1.432s] creating ../../build/pinky_emotion/pinky_emotion.egg-info
[1.451s] writing ../../build/pinky_emotion/pinky_emotion.egg-info/PKG-INFO
[1.451s] writing dependency_links to ../../build/pinky_emotion/pinky_emotion.egg-info/dependency_links.txt
[1.452s] writing entry points to ../../build/pinky_emotion/pinky_emotion.egg-info/entry_points.txt
[1.452s] writing requirements to ../../build/pinky_emotion/pinky_emotion.egg-info/requires.txt
[1.452s] writing top-level names to ../../build/pinky_emotion/pinky_emotion.egg-info/top_level.txt
[1.452s] writing manifest file '../../build/pinky_emotion/pinky_emotion.egg-info/SOURCES.txt'
[1.494s] reading manifest file '../../build/pinky_emotion/pinky_emotion.egg-info/SOURCES.txt'
[1.495s] writing manifest file '../../build/pinky_emotion/pinky_emotion.egg-info/SOURCES.txt'
[1.495s] running build
[1.495s] running build_py
[1.495s] creating /home/naon/deli_ws/deli_bot/build/pinky_emotion/build
[1.496s] creating /home/naon/deli_ws/deli_bot/build/pinky_emotion/build/lib
[1.496s] creating /home/naon/deli_ws/deli_bot/build/pinky_emotion/build/lib/pinky_emotion
[1.496s] copying pinky_emotion/__init__.py -> /home/naon/deli_ws/deli_bot/build/pinky_emotion/build/lib/pinky_emotion
[1.496s] copying pinky_emotion/pinky_lcd.py -> /home/naon/deli_ws/deli_bot/build/pinky_emotion/build/lib/pinky_emotion
[1.496s] copying pinky_emotion/pinky_emotion.py -> /home/naon/deli_ws/deli_bot/build/pinky_emotion/build/lib/pinky_emotion
[1.496s] running install
[1.502s] running install_lib
[1.522s] creating /home/naon/deli_ws/deli_bot/install/pinky_emotion/lib/python3.12/site-packages/pinky_emotion
[1.523s] copying /home/naon/deli_ws/deli_bot/build/pinky_emotion/build/lib/pinky_emotion/__init__.py -> /home/naon/deli_ws/deli_bot/install/pinky_emotion/lib/python3.12/site-packages/pinky_emotion
[1.523s] copying /home/naon/deli_ws/deli_bot/build/pinky_emotion/build/lib/pinky_emotion/pinky_lcd.py -> /home/naon/deli_ws/deli_bot/install/pinky_emotion/lib/python3.12/site-packages/pinky_emotion
[1.523s] copying /home/naon/deli_ws/deli_bot/build/pinky_emotion/build/lib/pinky_emotion/pinky_emotion.py -> /home/naon/deli_ws/deli_bot/install/pinky_emotion/lib/python3.12/site-packages/pinky_emotion
[1.523s] byte-compiling /home/naon/deli_ws/deli_bot/install/pinky_emotion/lib/python3.12/site-packages/pinky_emotion/__init__.py to __init__.cpython-312.pyc
[1.523s] byte-compiling /home/naon/deli_ws/deli_bot/install/pinky_emotion/lib/python3.12/site-packages/pinky_emotion/pinky_lcd.py to pinky_lcd.cpython-312.pyc
[1.525s] byte-compiling /home/naon/deli_ws/deli_bot/install/pinky_emotion/lib/python3.12/site-packages/pinky_emotion/pinky_emotion.py to pinky_emotion.cpython-312.pyc
[1.525s] running install_data
[1.526s] creating /home/naon/deli_ws/deli_bot/install/pinky_emotion/share/ament_index
[1.526s] creating /home/naon/deli_ws/deli_bot/install/pinky_emotion/share/ament_index/resource_index
[1.526s] creating /home/naon/deli_ws/deli_bot/install/pinky_emotion/share/ament_index/resource_index/packages
[1.526s] copying resource/pinky_emotion -> /home/naon/deli_ws/deli_bot/install/pinky_emotion/share/ament_index/resource_index/packages
[1.526s] copying package.xml -> /home/naon/deli_ws/deli_bot/install/pinky_emotion/share/pinky_emotion
[1.526s] creating /home/naon/deli_ws/deli_bot/install/pinky_emotion/share/pinky_emotion/emotion
[1.526s] copying emotion/bored.gif -> /home/naon/deli_ws/deli_bot/install/pinky_emotion/share/pinky_emotion/emotion
[1.526s] copying emotion/sad.gif -> /home/naon/deli_ws/deli_bot/install/pinky_emotion/share/pinky_emotion/emotion
[1.527s] copying emotion/fun.gif -> /home/naon/deli_ws/deli_bot/install/pinky_emotion/share/pinky_emotion/emotion
[1.527s] copying emotion/angry.gif -> /home/naon/deli_ws/deli_bot/install/pinky_emotion/share/pinky_emotion/emotion
[1.528s] copying emotion/basic.gif -> /home/naon/deli_ws/deli_bot/install/pinky_emotion/share/pinky_emotion/emotion
[1.528s] copying emotion/interest.gif -> /home/naon/deli_ws/deli_bot/install/pinky_emotion/share/pinky_emotion/emotion
[1.529s] copying emotion/hello.gif -> /home/naon/deli_ws/deli_bot/install/pinky_emotion/share/pinky_emotion/emotion
[1.529s] copying emotion/happy.gif -> /home/naon/deli_ws/deli_bot/install/pinky_emotion/share/pinky_emotion/emotion
[1.530s] running install_egg_info
[1.550s] Copying ../../build/pinky_emotion/pinky_emotion.egg-info to /home/naon/deli_ws/deli_bot/install/pinky_emotion/lib/python3.12/site-packages/pinky_emotion-0.0.0-py3.12.egg-info
[1.551s] running install_scripts
[1.672s] Installing pinky_emotion script to /home/naon/deli_ws/deli_bot/install/pinky_emotion/lib/pinky_emotion
[1.673s] writing list of installed files to '/home/naon/deli_ws/deli_bot/build/pinky_emotion/install.log'
[1.700s] Invoked command in '/home/naon/deli_ws/deli_bot/src/pinky_emotion' returned '0': DEBUGINFOD_URLS=https://debuginfod.ubuntu.com PYTHONPATH=/home/naon/deli_ws/deli_bot/build/pinky_emotion/prefix_override:/usr/lib/python3/dist-packages/colcon_core/task/python/colcon_distutils_commands:/home/naon/deli_ws/deli_bot/install/pinky_emotion/lib/python3.12/site-packages:${PYTHONPATH} /usr/bin/python3 -W ignore:setup.py install is deprecated -W ignore:easy_install command is deprecated setup.py egg_info --egg-base ../../build/pinky_emotion build --build-base /home/naon/deli_ws/deli_bot/build/pinky_emotion/build install --record /home/naon/deli_ws/deli_bot/build/pinky_emotion/install.log --single-version-externally-managed install_data
