[0.176s] DEBUG:colcon:Command line arguments: ['/usr/bin/colcon', 'build']
[0.176s] DEBUG:colcon:Parsed command line arguments: Namespace(log_base=None, log_level=None, verb_name='build', build_base='build', install_base='install', merge_install=False, symlink_install=False, test_result_base=None, continue_on_error=False, executor='parallel', parallel_workers=12, event_handlers=None, ignore_user_meta=False, metas=['./colcon.meta'], base_paths=['.'], packages_ignore=None, packages_ignore_regex=None, paths=None, packages_up_to=None, packages_up_to_regex=None, packages_above=None, packages_above_and_dependencies=None, packages_above_depth=None, packages_select_by_dep=None, packages_skip_by_dep=None, packages_skip_up_to=None, packages_select_build_failed=False, packages_skip_build_finished=False, packages_select_test_failures=False, packages_skip_test_passed=False, packages_select=None, packages_skip=None, packages_select_regex=None, packages_skip_regex=None, packages_start=None, packages_end=None, allow_overriding=[], cmake_args=None, cmake_target=None, cmake_target_skip_unavailable=False, cmake_clean_cache=False, cmake_clean_first=False, cmake_force_configure=False, ament_cmake_args=None, catkin_cmake_args=None, catkin_skip_building_tests=False, mixin_files=None, mixin=None, verb_parser=<colcon_mixin.mixin.mixin_argument.MixinArgumentDecorator object at 0x72b6a7d7f1d0>, verb_extension=<colcon_core.verb.build.BuildVerb object at 0x72b6a7d7eed0>, main=<bound method BuildVerb.main of <colcon_core.verb.build.BuildVerb object at 0x72b6a7d7eed0>>, mixin_verb=('build',))
[0.208s] Level 1:colcon.colcon_core.package_discovery:discover_packages(colcon_meta) check parameters
[0.208s] Level 1:colcon.colcon_core.package_discovery:discover_packages(recursive) check parameters
[0.208s] Level 1:colcon.colcon_core.package_discovery:discover_packages(ignore) check parameters
[0.208s] Level 1:colcon.colcon_core.package_discovery:discover_packages(path) check parameters
[0.208s] Level 1:colcon.colcon_core.package_discovery:discover_packages(colcon_meta) discover
[0.209s] Level 1:colcon.colcon_core.package_discovery:discover_packages(recursive) discover
[0.209s] INFO:colcon.colcon_core.package_discovery:Crawling recursively for packages in '/home/naon/deli_ws/deli_bot'
[0.209s] Level 1:colcon.colcon_core.package_identification:_identify(.) by extensions ['ignore', 'ignore_ament_install']
[0.209s] Level 1:colcon.colcon_core.package_identification:_identify(.) by extension 'ignore'
[0.209s] Level 1:colcon.colcon_core.package_identification:_identify(.) by extension 'ignore_ament_install'
[0.209s] Level 1:colcon.colcon_core.package_identification:_identify(.) by extensions ['colcon_pkg']
[0.209s] Level 1:colcon.colcon_core.package_identification:_identify(.) by extension 'colcon_pkg'
[0.209s] Level 1:colcon.colcon_core.package_identification:_identify(.) by extensions ['colcon_meta']
[0.209s] Level 1:colcon.colcon_core.package_identification:_identify(.) by extension 'colcon_meta'
[0.209s] Level 1:colcon.colcon_core.package_identification:_identify(.) by extensions ['ros']
[0.209s] Level 1:colcon.colcon_core.package_identification:_identify(.) by extension 'ros'
[0.229s] Level 1:colcon.colcon_core.package_identification:_identify(.) by extensions ['cmake', 'python']
[0.229s] Level 1:colcon.colcon_core.package_identification:_identify(.) by extension 'cmake'
[0.229s] Level 1:colcon.colcon_core.package_identification:_identify(.) by extension 'python'
[0.229s] Level 1:colcon.colcon_core.package_identification:_identify(.) by extensions ['python_setup_py']
[0.229s] Level 1:colcon.colcon_core.package_identification:_identify(.) by extension 'python_setup_py'
[0.229s] Level 1:colcon.colcon_core.package_identification:_identify(build) by extensions ['ignore', 'ignore_ament_install']
[0.229s] Level 1:colcon.colcon_core.package_identification:_identify(build) by extension 'ignore'
[0.229s] Level 1:colcon.colcon_core.package_identification:_identify(build) ignored
[0.229s] Level 1:colcon.colcon_core.package_identification:_identify(install) by extensions ['ignore', 'ignore_ament_install']
[0.229s] Level 1:colcon.colcon_core.package_identification:_identify(install) by extension 'ignore'
[0.229s] Level 1:colcon.colcon_core.package_identification:_identify(install) ignored
[0.229s] Level 1:colcon.colcon_core.package_identification:_identify(log) by extensions ['ignore', 'ignore_ament_install']
[0.229s] Level 1:colcon.colcon_core.package_identification:_identify(log) by extension 'ignore'
[0.229s] Level 1:colcon.colcon_core.package_identification:_identify(log) ignored
[0.229s] Level 1:colcon.colcon_core.package_identification:_identify(src) by extensions ['ignore', 'ignore_ament_install']
[0.229s] Level 1:colcon.colcon_core.package_identification:_identify(src) by extension 'ignore'
[0.229s] Level 1:colcon.colcon_core.package_identification:_identify(src) by extension 'ignore_ament_install'
[0.229s] Level 1:colcon.colcon_core.package_identification:_identify(src) by extensions ['colcon_pkg']
[0.229s] Level 1:colcon.colcon_core.package_identification:_identify(src) by extension 'colcon_pkg'
[0.230s] Level 1:colcon.colcon_core.package_identification:_identify(src) by extensions ['colcon_meta']
[0.230s] Level 1:colcon.colcon_core.package_identification:_identify(src) by extension 'colcon_meta'
[0.230s] Level 1:colcon.colcon_core.package_identification:_identify(src) by extensions ['ros']
[0.230s] Level 1:colcon.colcon_core.package_identification:_identify(src) by extension 'ros'
[0.230s] Level 1:colcon.colcon_core.package_identification:_identify(src) by extensions ['cmake', 'python']
[0.230s] Level 1:colcon.colcon_core.package_identification:_identify(src) by extension 'cmake'
[0.230s] Level 1:colcon.colcon_core.package_identification:_identify(src) by extension 'python'
[0.230s] Level 1:colcon.colcon_core.package_identification:_identify(src) by extensions ['python_setup_py']
[0.230s] Level 1:colcon.colcon_core.package_identification:_identify(src) by extension 'python_setup_py'
[0.230s] Level 1:colcon.colcon_core.package_identification:_identify(src/doc) by extensions ['ignore', 'ignore_ament_install']
[0.230s] Level 1:colcon.colcon_core.package_identification:_identify(src/doc) by extension 'ignore'
[0.230s] Level 1:colcon.colcon_core.package_identification:_identify(src/doc) by extension 'ignore_ament_install'
[0.230s] Level 1:colcon.colcon_core.package_identification:_identify(src/doc) by extensions ['colcon_pkg']
[0.230s] Level 1:colcon.colcon_core.package_identification:_identify(src/doc) by extension 'colcon_pkg'
[0.230s] Level 1:colcon.colcon_core.package_identification:_identify(src/doc) by extensions ['colcon_meta']
[0.230s] Level 1:colcon.colcon_core.package_identification:_identify(src/doc) by extension 'colcon_meta'
[0.230s] Level 1:colcon.colcon_core.package_identification:_identify(src/doc) by extensions ['ros']
[0.230s] Level 1:colcon.colcon_core.package_identification:_identify(src/doc) by extension 'ros'
[0.230s] Level 1:colcon.colcon_core.package_identification:_identify(src/doc) by extensions ['cmake', 'python']
[0.230s] Level 1:colcon.colcon_core.package_identification:_identify(src/doc) by extension 'cmake'
[0.230s] Level 1:colcon.colcon_core.package_identification:_identify(src/doc) by extension 'python'
[0.230s] Level 1:colcon.colcon_core.package_identification:_identify(src/doc) by extensions ['python_setup_py']
[0.230s] Level 1:colcon.colcon_core.package_identification:_identify(src/doc) by extension 'python_setup_py'
[0.230s] Level 1:colcon.colcon_core.package_identification:_identify(src/pinky_bringup) by extensions ['ignore', 'ignore_ament_install']
[0.230s] Level 1:colcon.colcon_core.package_identification:_identify(src/pinky_bringup) by extension 'ignore'
[0.231s] Level 1:colcon.colcon_core.package_identification:_identify(src/pinky_bringup) by extension 'ignore_ament_install'
[0.231s] Level 1:colcon.colcon_core.package_identification:_identify(src/pinky_bringup) by extensions ['colcon_pkg']
[0.231s] Level 1:colcon.colcon_core.package_identification:_identify(src/pinky_bringup) by extension 'colcon_pkg'
[0.231s] Level 1:colcon.colcon_core.package_identification:_identify(src/pinky_bringup) by extensions ['colcon_meta']
[0.231s] Level 1:colcon.colcon_core.package_identification:_identify(src/pinky_bringup) by extension 'colcon_meta'
[0.231s] Level 1:colcon.colcon_core.package_identification:_identify(src/pinky_bringup) by extensions ['ros']
[0.231s] Level 1:colcon.colcon_core.package_identification:_identify(src/pinky_bringup) by extension 'ros'
[0.232s] DEBUG:colcon.colcon_core.package_identification:Package 'src/pinky_bringup' with type 'ros.ament_python' and name 'pinky_bringup'
[0.233s] Level 1:colcon.colcon_core.package_identification:_identify(src/pinky_cartographer) by extensions ['ignore', 'ignore_ament_install']
[0.233s] Level 1:colcon.colcon_core.package_identification:_identify(src/pinky_cartographer) by extension 'ignore'
[0.233s] Level 1:colcon.colcon_core.package_identification:_identify(src/pinky_cartographer) by extension 'ignore_ament_install'
[0.233s] Level 1:colcon.colcon_core.package_identification:_identify(src/pinky_cartographer) by extensions ['colcon_pkg']
[0.233s] Level 1:colcon.colcon_core.package_identification:_identify(src/pinky_cartographer) by extension 'colcon_pkg'
[0.233s] Level 1:colcon.colcon_core.package_identification:_identify(src/pinky_cartographer) by extensions ['colcon_meta']
[0.233s] Level 1:colcon.colcon_core.package_identification:_identify(src/pinky_cartographer) by extension 'colcon_meta'
[0.233s] Level 1:colcon.colcon_core.package_identification:_identify(src/pinky_cartographer) by extensions ['ros']
[0.233s] Level 1:colcon.colcon_core.package_identification:_identify(src/pinky_cartographer) by extension 'ros'
[0.233s] DEBUG:colcon.colcon_core.package_identification:Package 'src/pinky_cartographer' with type 'ros.ament_cmake' and name 'pinky_cartographer'
[0.233s] Level 1:colcon.colcon_core.package_identification:_identify(src/pinky_description) by extensions ['ignore', 'ignore_ament_install']
[0.233s] Level 1:colcon.colcon_core.package_identification:_identify(src/pinky_description) by extension 'ignore'
[0.233s] Level 1:colcon.colcon_core.package_identification:_identify(src/pinky_description) by extension 'ignore_ament_install'
[0.233s] Level 1:colcon.colcon_core.package_identification:_identify(src/pinky_description) by extensions ['colcon_pkg']
[0.233s] Level 1:colcon.colcon_core.package_identification:_identify(src/pinky_description) by extension 'colcon_pkg'
[0.233s] Level 1:colcon.colcon_core.package_identification:_identify(src/pinky_description) by extensions ['colcon_meta']
[0.234s] Level 1:colcon.colcon_core.package_identification:_identify(src/pinky_description) by extension 'colcon_meta'
[0.234s] Level 1:colcon.colcon_core.package_identification:_identify(src/pinky_description) by extensions ['ros']
[0.234s] Level 1:colcon.colcon_core.package_identification:_identify(src/pinky_description) by extension 'ros'
[0.234s] DEBUG:colcon.colcon_core.package_identification:Package 'src/pinky_description' with type 'ros.ament_cmake' and name 'pinky_description'
[0.234s] Level 1:colcon.colcon_core.package_identification:_identify(src/pinky_emotion) by extensions ['ignore', 'ignore_ament_install']
[0.234s] Level 1:colcon.colcon_core.package_identification:_identify(src/pinky_emotion) by extension 'ignore'
[0.234s] Level 1:colcon.colcon_core.package_identification:_identify(src/pinky_emotion) by extension 'ignore_ament_install'
[0.234s] Level 1:colcon.colcon_core.package_identification:_identify(src/pinky_emotion) by extensions ['colcon_pkg']
[0.234s] Level 1:colcon.colcon_core.package_identification:_identify(src/pinky_emotion) by extension 'colcon_pkg'
[0.234s] Level 1:colcon.colcon_core.package_identification:_identify(src/pinky_emotion) by extensions ['colcon_meta']
[0.234s] Level 1:colcon.colcon_core.package_identification:_identify(src/pinky_emotion) by extension 'colcon_meta'
[0.234s] Level 1:colcon.colcon_core.package_identification:_identify(src/pinky_emotion) by extensions ['ros']
[0.234s] Level 1:colcon.colcon_core.package_identification:_identify(src/pinky_emotion) by extension 'ros'
[0.235s] DEBUG:colcon.colcon_core.package_identification:Package 'src/pinky_emotion' with type 'ros.ament_python' and name 'pinky_emotion'
[0.235s] Level 1:colcon.colcon_core.package_identification:_identify(src/pinky_gazebo) by extensions ['ignore', 'ignore_ament_install']
[0.235s] Level 1:colcon.colcon_core.package_identification:_identify(src/pinky_gazebo) by extension 'ignore'
[0.235s] Level 1:colcon.colcon_core.package_identification:_identify(src/pinky_gazebo) by extension 'ignore_ament_install'
[0.235s] Level 1:colcon.colcon_core.package_identification:_identify(src/pinky_gazebo) by extensions ['colcon_pkg']
[0.235s] Level 1:colcon.colcon_core.package_identification:_identify(src/pinky_gazebo) by extension 'colcon_pkg'
[0.235s] Level 1:colcon.colcon_core.package_identification:_identify(src/pinky_gazebo) by extensions ['colcon_meta']
[0.235s] Level 1:colcon.colcon_core.package_identification:_identify(src/pinky_gazebo) by extension 'colcon_meta'
[0.235s] Level 1:colcon.colcon_core.package_identification:_identify(src/pinky_gazebo) by extensions ['ros']
[0.235s] Level 1:colcon.colcon_core.package_identification:_identify(src/pinky_gazebo) by extension 'ros'
[0.236s] DEBUG:colcon.colcon_core.package_identification:Package 'src/pinky_gazebo' with type 'ros.ament_cmake' and name 'pinky_gazebo'
[0.236s] Level 1:colcon.colcon_core.package_identification:_identify(src/pinky_interfaces) by extensions ['ignore', 'ignore_ament_install']
[0.236s] Level 1:colcon.colcon_core.package_identification:_identify(src/pinky_interfaces) by extension 'ignore'
[0.236s] Level 1:colcon.colcon_core.package_identification:_identify(src/pinky_interfaces) by extension 'ignore_ament_install'
[0.236s] Level 1:colcon.colcon_core.package_identification:_identify(src/pinky_interfaces) by extensions ['colcon_pkg']
[0.236s] Level 1:colcon.colcon_core.package_identification:_identify(src/pinky_interfaces) by extension 'colcon_pkg'
[0.236s] Level 1:colcon.colcon_core.package_identification:_identify(src/pinky_interfaces) by extensions ['colcon_meta']
[0.236s] Level 1:colcon.colcon_core.package_identification:_identify(src/pinky_interfaces) by extension 'colcon_meta'
[0.236s] Level 1:colcon.colcon_core.package_identification:_identify(src/pinky_interfaces) by extensions ['ros']
[0.236s] Level 1:colcon.colcon_core.package_identification:_identify(src/pinky_interfaces) by extension 'ros'
[0.236s] DEBUG:colcon.colcon_core.package_identification:Package 'src/pinky_interfaces' with type 'ros.ament_cmake' and name 'pinky_interfaces'
[0.236s] Level 1:colcon.colcon_core.package_identification:_identify(src/pinky_navigation) by extensions ['ignore', 'ignore_ament_install']
[0.236s] Level 1:colcon.colcon_core.package_identification:_identify(src/pinky_navigation) by extension 'ignore'
[0.236s] Level 1:colcon.colcon_core.package_identification:_identify(src/pinky_navigation) by extension 'ignore_ament_install'
[0.237s] Level 1:colcon.colcon_core.package_identification:_identify(src/pinky_navigation) by extensions ['colcon_pkg']
[0.237s] Level 1:colcon.colcon_core.package_identification:_identify(src/pinky_navigation) by extension 'colcon_pkg'
[0.237s] Level 1:colcon.colcon_core.package_identification:_identify(src/pinky_navigation) by extensions ['colcon_meta']
[0.237s] Level 1:colcon.colcon_core.package_identification:_identify(src/pinky_navigation) by extension 'colcon_meta'
[0.237s] Level 1:colcon.colcon_core.package_identification:_identify(src/pinky_navigation) by extensions ['ros']
[0.237s] Level 1:colcon.colcon_core.package_identification:_identify(src/pinky_navigation) by extension 'ros'
[0.237s] DEBUG:colcon.colcon_core.package_identification:Package 'src/pinky_navigation' with type 'ros.ament_cmake' and name 'pinky_navigation'
[0.237s] Level 1:colcon.colcon_core.package_discovery:discover_packages(recursive) using defaults
[0.237s] Level 1:colcon.colcon_core.package_discovery:discover_packages(ignore) discover
[0.237s] Level 1:colcon.colcon_core.package_discovery:discover_packages(ignore) using defaults
[0.237s] Level 1:colcon.colcon_core.package_discovery:discover_packages(path) discover
[0.237s] Level 1:colcon.colcon_core.package_discovery:discover_packages(path) using defaults
[0.254s] Level 1:colcon.colcon_core.package_discovery:discover_packages(prefix_path) check parameters
[0.254s] Level 1:colcon.colcon_core.package_discovery:discover_packages(prefix_path) discover
[0.257s] DEBUG:colcon.colcon_installed_package_information.package_discovery:Found 285 installed packages in /opt/ros/jazzy
[0.258s] Level 1:colcon.colcon_core.package_discovery:discover_packages(prefix_path) using defaults
[0.293s] Level 5:colcon.colcon_core.verb:set package 'pinky_bringup' build argument 'cmake_args' from command line to 'None'
[0.293s] Level 5:colcon.colcon_core.verb:set package 'pinky_bringup' build argument 'cmake_target' from command line to 'None'
[0.293s] Level 5:colcon.colcon_core.verb:set package 'pinky_bringup' build argument 'cmake_target_skip_unavailable' from command line to 'False'
[0.293s] Level 5:colcon.colcon_core.verb:set package 'pinky_bringup' build argument 'cmake_clean_cache' from command line to 'False'
[0.293s] Level 5:colcon.colcon_core.verb:set package 'pinky_bringup' build argument 'cmake_clean_first' from command line to 'False'
[0.293s] Level 5:colcon.colcon_core.verb:set package 'pinky_bringup' build argument 'cmake_force_configure' from command line to 'False'
[0.293s] Level 5:colcon.colcon_core.verb:set package 'pinky_bringup' build argument 'ament_cmake_args' from command line to 'None'
[0.293s] Level 5:colcon.colcon_core.verb:set package 'pinky_bringup' build argument 'catkin_cmake_args' from command line to 'None'
[0.293s] Level 5:colcon.colcon_core.verb:set package 'pinky_bringup' build argument 'catkin_skip_building_tests' from command line to 'False'
[0.293s] DEBUG:colcon.colcon_core.verb:Building package 'pinky_bringup' with the following arguments: {'ament_cmake_args': None, 'build_base': '/home/naon/deli_ws/deli_bot/build/pinky_bringup', 'catkin_cmake_args': None, 'catkin_skip_building_tests': False, 'cmake_args': None, 'cmake_clean_cache': False, 'cmake_clean_first': False, 'cmake_force_configure': False, 'cmake_target': None, 'cmake_target_skip_unavailable': False, 'install_base': '/home/naon/deli_ws/deli_bot/install/pinky_bringup', 'merge_install': False, 'path': '/home/naon/deli_ws/deli_bot/src/pinky_bringup', 'symlink_install': False, 'test_result_base': None}
[0.294s] Level 5:colcon.colcon_core.verb:set package 'pinky_cartographer' build argument 'cmake_args' from command line to 'None'
[0.294s] Level 5:colcon.colcon_core.verb:set package 'pinky_cartographer' build argument 'cmake_target' from command line to 'None'
[0.294s] Level 5:colcon.colcon_core.verb:set package 'pinky_cartographer' build argument 'cmake_target_skip_unavailable' from command line to 'False'
[0.294s] Level 5:colcon.colcon_core.verb:set package 'pinky_cartographer' build argument 'cmake_clean_cache' from command line to 'False'
[0.294s] Level 5:colcon.colcon_core.verb:set package 'pinky_cartographer' build argument 'cmake_clean_first' from command line to 'False'
[0.294s] Level 5:colcon.colcon_core.verb:set package 'pinky_cartographer' build argument 'cmake_force_configure' from command line to 'False'
[0.294s] Level 5:colcon.colcon_core.verb:set package 'pinky_cartographer' build argument 'ament_cmake_args' from command line to 'None'
[0.294s] Level 5:colcon.colcon_core.verb:set package 'pinky_cartographer' build argument 'catkin_cmake_args' from command line to 'None'
[0.294s] Level 5:colcon.colcon_core.verb:set package 'pinky_cartographer' build argument 'catkin_skip_building_tests' from command line to 'False'
[0.294s] DEBUG:colcon.colcon_core.verb:Building package 'pinky_cartographer' with the following arguments: {'ament_cmake_args': None, 'build_base': '/home/naon/deli_ws/deli_bot/build/pinky_cartographer', 'catkin_cmake_args': None, 'catkin_skip_building_tests': False, 'cmake_args': None, 'cmake_clean_cache': False, 'cmake_clean_first': False, 'cmake_force_configure': False, 'cmake_target': None, 'cmake_target_skip_unavailable': False, 'install_base': '/home/naon/deli_ws/deli_bot/install/pinky_cartographer', 'merge_install': False, 'path': '/home/naon/deli_ws/deli_bot/src/pinky_cartographer', 'symlink_install': False, 'test_result_base': None}
[0.294s] Level 5:colcon.colcon_core.verb:set package 'pinky_description' build argument 'cmake_args' from command line to 'None'
[0.294s] Level 5:colcon.colcon_core.verb:set package 'pinky_description' build argument 'cmake_target' from command line to 'None'
[0.294s] Level 5:colcon.colcon_core.verb:set package 'pinky_description' build argument 'cmake_target_skip_unavailable' from command line to 'False'
[0.294s] Level 5:colcon.colcon_core.verb:set package 'pinky_description' build argument 'cmake_clean_cache' from command line to 'False'
[0.294s] Level 5:colcon.colcon_core.verb:set package 'pinky_description' build argument 'cmake_clean_first' from command line to 'False'
[0.294s] Level 5:colcon.colcon_core.verb:set package 'pinky_description' build argument 'cmake_force_configure' from command line to 'False'
[0.294s] Level 5:colcon.colcon_core.verb:set package 'pinky_description' build argument 'ament_cmake_args' from command line to 'None'
[0.294s] Level 5:colcon.colcon_core.verb:set package 'pinky_description' build argument 'catkin_cmake_args' from command line to 'None'
[0.294s] Level 5:colcon.colcon_core.verb:set package 'pinky_description' build argument 'catkin_skip_building_tests' from command line to 'False'
[0.294s] DEBUG:colcon.colcon_core.verb:Building package 'pinky_description' with the following arguments: {'ament_cmake_args': None, 'build_base': '/home/naon/deli_ws/deli_bot/build/pinky_description', 'catkin_cmake_args': None, 'catkin_skip_building_tests': False, 'cmake_args': None, 'cmake_clean_cache': False, 'cmake_clean_first': False, 'cmake_force_configure': False, 'cmake_target': None, 'cmake_target_skip_unavailable': False, 'install_base': '/home/naon/deli_ws/deli_bot/install/pinky_description', 'merge_install': False, 'path': '/home/naon/deli_ws/deli_bot/src/pinky_description', 'symlink_install': False, 'test_result_base': None}
[0.294s] Level 5:colcon.colcon_core.verb:set package 'pinky_emotion' build argument 'cmake_args' from command line to 'None'
[0.294s] Level 5:colcon.colcon_core.verb:set package 'pinky_emotion' build argument 'cmake_target' from command line to 'None'
[0.294s] Level 5:colcon.colcon_core.verb:set package 'pinky_emotion' build argument 'cmake_target_skip_unavailable' from command line to 'False'
[0.294s] Level 5:colcon.colcon_core.verb:set package 'pinky_emotion' build argument 'cmake_clean_cache' from command line to 'False'
[0.294s] Level 5:colcon.colcon_core.verb:set package 'pinky_emotion' build argument 'cmake_clean_first' from command line to 'False'
[0.294s] Level 5:colcon.colcon_core.verb:set package 'pinky_emotion' build argument 'cmake_force_configure' from command line to 'False'
[0.295s] Level 5:colcon.colcon_core.verb:set package 'pinky_emotion' build argument 'ament_cmake_args' from command line to 'None'
[0.295s] Level 5:colcon.colcon_core.verb:set package 'pinky_emotion' build argument 'catkin_cmake_args' from command line to 'None'
[0.295s] Level 5:colcon.colcon_core.verb:set package 'pinky_emotion' build argument 'catkin_skip_building_tests' from command line to 'False'
[0.295s] DEBUG:colcon.colcon_core.verb:Building package 'pinky_emotion' with the following arguments: {'ament_cmake_args': None, 'build_base': '/home/naon/deli_ws/deli_bot/build/pinky_emotion', 'catkin_cmake_args': None, 'catkin_skip_building_tests': False, 'cmake_args': None, 'cmake_clean_cache': False, 'cmake_clean_first': False, 'cmake_force_configure': False, 'cmake_target': None, 'cmake_target_skip_unavailable': False, 'install_base': '/home/naon/deli_ws/deli_bot/install/pinky_emotion', 'merge_install': False, 'path': '/home/naon/deli_ws/deli_bot/src/pinky_emotion', 'symlink_install': False, 'test_result_base': None}
[0.295s] Level 5:colcon.colcon_core.verb:set package 'pinky_interfaces' build argument 'cmake_args' from command line to 'None'
[0.295s] Level 5:colcon.colcon_core.verb:set package 'pinky_interfaces' build argument 'cmake_target' from command line to 'None'
[0.295s] Level 5:colcon.colcon_core.verb:set package 'pinky_interfaces' build argument 'cmake_target_skip_unavailable' from command line to 'False'
[0.295s] Level 5:colcon.colcon_core.verb:set package 'pinky_interfaces' build argument 'cmake_clean_cache' from command line to 'False'
[0.295s] Level 5:colcon.colcon_core.verb:set package 'pinky_interfaces' build argument 'cmake_clean_first' from command line to 'False'
[0.295s] Level 5:colcon.colcon_core.verb:set package 'pinky_interfaces' build argument 'cmake_force_configure' from command line to 'False'
[0.295s] Level 5:colcon.colcon_core.verb:set package 'pinky_interfaces' build argument 'ament_cmake_args' from command line to 'None'
[0.295s] Level 5:colcon.colcon_core.verb:set package 'pinky_interfaces' build argument 'catkin_cmake_args' from command line to 'None'
[0.295s] Level 5:colcon.colcon_core.verb:set package 'pinky_interfaces' build argument 'catkin_skip_building_tests' from command line to 'False'
[0.295s] DEBUG:colcon.colcon_core.verb:Building package 'pinky_interfaces' with the following arguments: {'ament_cmake_args': None, 'build_base': '/home/naon/deli_ws/deli_bot/build/pinky_interfaces', 'catkin_cmake_args': None, 'catkin_skip_building_tests': False, 'cmake_args': None, 'cmake_clean_cache': False, 'cmake_clean_first': False, 'cmake_force_configure': False, 'cmake_target': None, 'cmake_target_skip_unavailable': False, 'install_base': '/home/naon/deli_ws/deli_bot/install/pinky_interfaces', 'merge_install': False, 'path': '/home/naon/deli_ws/deli_bot/src/pinky_interfaces', 'symlink_install': False, 'test_result_base': None}
[0.295s] Level 5:colcon.colcon_core.verb:set package 'pinky_navigation' build argument 'cmake_args' from command line to 'None'
[0.295s] Level 5:colcon.colcon_core.verb:set package 'pinky_navigation' build argument 'cmake_target' from command line to 'None'
[0.295s] Level 5:colcon.colcon_core.verb:set package 'pinky_navigation' build argument 'cmake_target_skip_unavailable' from command line to 'False'
[0.295s] Level 5:colcon.colcon_core.verb:set package 'pinky_navigation' build argument 'cmake_clean_cache' from command line to 'False'
[0.295s] Level 5:colcon.colcon_core.verb:set package 'pinky_navigation' build argument 'cmake_clean_first' from command line to 'False'
[0.295s] Level 5:colcon.colcon_core.verb:set package 'pinky_navigation' build argument 'cmake_force_configure' from command line to 'False'
[0.295s] Level 5:colcon.colcon_core.verb:set package 'pinky_navigation' build argument 'ament_cmake_args' from command line to 'None'
[0.295s] Level 5:colcon.colcon_core.verb:set package 'pinky_navigation' build argument 'catkin_cmake_args' from command line to 'None'
[0.295s] Level 5:colcon.colcon_core.verb:set package 'pinky_navigation' build argument 'catkin_skip_building_tests' from command line to 'False'
[0.295s] DEBUG:colcon.colcon_core.verb:Building package 'pinky_navigation' with the following arguments: {'ament_cmake_args': None, 'build_base': '/home/naon/deli_ws/deli_bot/build/pinky_navigation', 'catkin_cmake_args': None, 'catkin_skip_building_tests': False, 'cmake_args': None, 'cmake_clean_cache': False, 'cmake_clean_first': False, 'cmake_force_configure': False, 'cmake_target': None, 'cmake_target_skip_unavailable': False, 'install_base': '/home/naon/deli_ws/deli_bot/install/pinky_navigation', 'merge_install': False, 'path': '/home/naon/deli_ws/deli_bot/src/pinky_navigation', 'symlink_install': False, 'test_result_base': None}
[0.295s] Level 5:colcon.colcon_core.verb:set package 'pinky_gazebo' build argument 'cmake_args' from command line to 'None'
[0.295s] Level 5:colcon.colcon_core.verb:set package 'pinky_gazebo' build argument 'cmake_target' from command line to 'None'
[0.295s] Level 5:colcon.colcon_core.verb:set package 'pinky_gazebo' build argument 'cmake_target_skip_unavailable' from command line to 'False'
[0.295s] Level 5:colcon.colcon_core.verb:set package 'pinky_gazebo' build argument 'cmake_clean_cache' from command line to 'False'
[0.296s] Level 5:colcon.colcon_core.verb:set package 'pinky_gazebo' build argument 'cmake_clean_first' from command line to 'False'
[0.296s] Level 5:colcon.colcon_core.verb:set package 'pinky_gazebo' build argument 'cmake_force_configure' from command line to 'False'
[0.296s] Level 5:colcon.colcon_core.verb:set package 'pinky_gazebo' build argument 'ament_cmake_args' from command line to 'None'
[0.296s] Level 5:colcon.colcon_core.verb:set package 'pinky_gazebo' build argument 'catkin_cmake_args' from command line to 'None'
[0.296s] Level 5:colcon.colcon_core.verb:set package 'pinky_gazebo' build argument 'catkin_skip_building_tests' from command line to 'False'
[0.296s] DEBUG:colcon.colcon_core.verb:Building package 'pinky_gazebo' with the following arguments: {'ament_cmake_args': None, 'build_base': '/home/naon/deli_ws/deli_bot/build/pinky_gazebo', 'catkin_cmake_args': None, 'catkin_skip_building_tests': False, 'cmake_args': None, 'cmake_clean_cache': False, 'cmake_clean_first': False, 'cmake_force_configure': False, 'cmake_target': None, 'cmake_target_skip_unavailable': False, 'install_base': '/home/naon/deli_ws/deli_bot/install/pinky_gazebo', 'merge_install': False, 'path': '/home/naon/deli_ws/deli_bot/src/pinky_gazebo', 'symlink_install': False, 'test_result_base': None}
[0.296s] INFO:colcon.colcon_core.executor:Executing jobs using 'parallel' executor
[0.296s] DEBUG:colcon.colcon_parallel_executor.executor.parallel:run_until_complete
[0.296s] INFO:colcon.colcon_ros.task.ament_cmake.build:Building ROS package in '/home/naon/deli_ws/deli_bot/src/pinky_description' with build type 'ament_cmake'
[0.296s] INFO:colcon.colcon_cmake.task.cmake.build:Building CMake package in '/home/naon/deli_ws/deli_bot/src/pinky_description'
[0.300s] INFO:colcon.colcon_core.plugin_system:Skipping extension 'colcon_core.shell.bat': Not used on non-Windows systems
[0.300s] INFO:colcon.colcon_core.shell:Skip shell extension 'powershell' for command environment: Not usable outside of PowerShell
[0.300s] DEBUG:colcon.colcon_core.shell:Skip shell extension 'dsv' for command environment
[0.303s] INFO:colcon.colcon_ros.task.ament_python.build:Building ROS package in '/home/naon/deli_ws/deli_bot/src/pinky_bringup' with build type 'ament_python'
[0.303s] Level 1:colcon.colcon_core.shell:create_environment_hook('pinky_bringup', 'ament_prefix_path')
[0.303s] INFO:colcon.colcon_core.shell:Creating environment hook '/home/naon/deli_ws/deli_bot/install/pinky_bringup/share/pinky_bringup/hook/ament_prefix_path.ps1'
[0.304s] INFO:colcon.colcon_core.shell:Creating environment descriptor '/home/naon/deli_ws/deli_bot/install/pinky_bringup/share/pinky_bringup/hook/ament_prefix_path.dsv'
[0.304s] INFO:colcon.colcon_core.shell:Creating environment hook '/home/naon/deli_ws/deli_bot/install/pinky_bringup/share/pinky_bringup/hook/ament_prefix_path.sh'
[0.304s] INFO:colcon.colcon_core.shell:Skip shell extension 'powershell' for command environment: Not usable outside of PowerShell
[0.304s] DEBUG:colcon.colcon_core.shell:Skip shell extension 'dsv' for command environment
[0.306s] INFO:colcon.colcon_ros.task.ament_cmake.build:Building ROS package in '/home/naon/deli_ws/deli_bot/src/pinky_cartographer' with build type 'ament_cmake'
[0.306s] INFO:colcon.colcon_cmake.task.cmake.build:Building CMake package in '/home/naon/deli_ws/deli_bot/src/pinky_cartographer'
[0.306s] INFO:colcon.colcon_core.shell:Skip shell extension 'powershell' for command environment: Not usable outside of PowerShell
[0.306s] DEBUG:colcon.colcon_core.shell:Skip shell extension 'dsv' for command environment
[0.309s] INFO:colcon.colcon_ros.task.ament_python.build:Building ROS package in '/home/naon/deli_ws/deli_bot/src/pinky_emotion' with build type 'ament_python'
[0.309s] Level 1:colcon.colcon_core.shell:create_environment_hook('pinky_emotion', 'ament_prefix_path')
[0.309s] INFO:colcon.colcon_core.shell:Creating environment hook '/home/naon/deli_ws/deli_bot/install/pinky_emotion/share/pinky_emotion/hook/ament_prefix_path.ps1'
[0.310s] INFO:colcon.colcon_core.shell:Creating environment descriptor '/home/naon/deli_ws/deli_bot/install/pinky_emotion/share/pinky_emotion/hook/ament_prefix_path.dsv'
[0.310s] INFO:colcon.colcon_core.shell:Creating environment hook '/home/naon/deli_ws/deli_bot/install/pinky_emotion/share/pinky_emotion/hook/ament_prefix_path.sh'
[0.310s] INFO:colcon.colcon_core.shell:Skip shell extension 'powershell' for command environment: Not usable outside of PowerShell
[0.310s] DEBUG:colcon.colcon_core.shell:Skip shell extension 'dsv' for command environment
[0.312s] INFO:colcon.colcon_ros.task.ament_cmake.build:Building ROS package in '/home/naon/deli_ws/deli_bot/src/pinky_interfaces' with build type 'ament_cmake'
[0.312s] INFO:colcon.colcon_cmake.task.cmake.build:Building CMake package in '/home/naon/deli_ws/deli_bot/src/pinky_interfaces'
[0.312s] INFO:colcon.colcon_core.shell:Skip shell extension 'powershell' for command environment: Not usable outside of PowerShell
[0.312s] DEBUG:colcon.colcon_core.shell:Skip shell extension 'dsv' for command environment
[0.314s] INFO:colcon.colcon_ros.task.ament_cmake.build:Building ROS package in '/home/naon/deli_ws/deli_bot/src/pinky_navigation' with build type 'ament_cmake'
[0.314s] INFO:colcon.colcon_cmake.task.cmake.build:Building CMake package in '/home/naon/deli_ws/deli_bot/src/pinky_navigation'
[0.314s] INFO:colcon.colcon_core.shell:Skip shell extension 'powershell' for command environment: Not usable outside of PowerShell
[0.314s] DEBUG:colcon.colcon_core.shell:Skip shell extension 'dsv' for command environment
[0.319s] DEBUG:colcon.colcon_core.event_handler.log_command:Invoking command in '/home/naon/deli_ws/deli_bot/build/pinky_description': CMAKE_PREFIX_PATH=${CMAKE_PREFIX_PATH}:/opt/ros/jazzy DEBUGINFOD_URLS=https://debuginfod.ubuntu.com /usr/bin/cmake /home/naon/deli_ws/deli_bot/src/pinky_description -DCMAKE_INSTALL_PREFIX=/home/naon/deli_ws/deli_bot/install/pinky_description
[0.507s] INFO:colcon.colcon_core.task.python.build:Building Python package in '/home/naon/deli_ws/deli_bot/src/pinky_bringup'
[0.507s] INFO:colcon.colcon_core.shell:Skip shell extension 'powershell' for command environment: Not usable outside of PowerShell
[0.507s] DEBUG:colcon.colcon_core.shell:Skip shell extension 'dsv' for command environment
[0.511s] DEBUG:colcon.colcon_core.event_handler.log_command:Invoking command in '/home/naon/deli_ws/deli_bot/build/pinky_cartographer': CMAKE_PREFIX_PATH=${CMAKE_PREFIX_PATH}:/opt/ros/jazzy DEBUGINFOD_URLS=https://debuginfod.ubuntu.com /usr/bin/cmake /home/naon/deli_ws/deli_bot/src/pinky_cartographer -DCMAKE_INSTALL_PREFIX=/home/naon/deli_ws/deli_bot/install/pinky_cartographer
[0.704s] INFO:colcon.colcon_core.task.python.build:Building Python package in '/home/naon/deli_ws/deli_bot/src/pinky_emotion'
[0.704s] INFO:colcon.colcon_core.shell:Skip shell extension 'powershell' for command environment: Not usable outside of PowerShell
[0.704s] DEBUG:colcon.colcon_core.shell:Skip shell extension 'dsv' for command environment
[0.708s] DEBUG:colcon.colcon_core.event_handler.log_command:Invoking command in '/home/naon/deli_ws/deli_bot/build/pinky_interfaces': CMAKE_PREFIX_PATH=${CMAKE_PREFIX_PATH}:/opt/ros/jazzy DEBUGINFOD_URLS=https://debuginfod.ubuntu.com /usr/bin/cmake /home/naon/deli_ws/deli_bot/src/pinky_interfaces -DCMAKE_INSTALL_PREFIX=/home/naon/deli_ws/deli_bot/install/pinky_interfaces
[0.713s] DEBUG:colcon.colcon_core.event_handler.log_command:Invoking command in '/home/naon/deli_ws/deli_bot/build/pinky_navigation': CMAKE_PREFIX_PATH=${CMAKE_PREFIX_PATH}:/opt/ros/jazzy DEBUGINFOD_URLS=https://debuginfod.ubuntu.com /usr/bin/cmake /home/naon/deli_ws/deli_bot/src/pinky_navigation -DCMAKE_INSTALL_PREFIX=/home/naon/deli_ws/deli_bot/install/pinky_navigation
[1.033s] DEBUG:colcon.colcon_core.event_handler.log_command:Invoked command in '/home/naon/deli_ws/deli_bot/build/pinky_description' returned '0': CMAKE_PREFIX_PATH=${CMAKE_PREFIX_PATH}:/opt/ros/jazzy DEBUGINFOD_URLS=https://debuginfod.ubuntu.com /usr/bin/cmake /home/naon/deli_ws/deli_bot/src/pinky_description -DCMAKE_INSTALL_PREFIX=/home/naon/deli_ws/deli_bot/install/pinky_description
[1.034s] DEBUG:colcon.colcon_core.event_handler.log_command:Invoking command in '/home/naon/deli_ws/deli_bot/build/pinky_description': CMAKE_PREFIX_PATH=${CMAKE_PREFIX_PATH}:/opt/ros/jazzy DEBUGINFOD_URLS=https://debuginfod.ubuntu.com /usr/bin/cmake --build /home/naon/deli_ws/deli_bot/build/pinky_description -- -j12 -l12
[1.067s] DEBUG:colcon.colcon_core.event_handler.log_command:Invoked command in '/home/naon/deli_ws/deli_bot/build/pinky_description' returned '0': CMAKE_PREFIX_PATH=${CMAKE_PREFIX_PATH}:/opt/ros/jazzy DEBUGINFOD_URLS=https://debuginfod.ubuntu.com /usr/bin/cmake --build /home/naon/deli_ws/deli_bot/build/pinky_description -- -j12 -l12
[1.075s] DEBUG:colcon.colcon_core.event_handler.log_command:Invoking command in '/home/naon/deli_ws/deli_bot/build/pinky_description': CMAKE_PREFIX_PATH=${CMAKE_PREFIX_PATH}:/opt/ros/jazzy DEBUGINFOD_URLS=https://debuginfod.ubuntu.com /usr/bin/cmake --install /home/naon/deli_ws/deli_bot/build/pinky_description
[1.103s] Level 1:colcon.colcon_core.environment:create_environment_scripts_only(pinky_description)
[1.104s] DEBUG:colcon.colcon_core.event_handler.log_command:Invoked command in '/home/naon/deli_ws/deli_bot/build/pinky_description' returned '0': CMAKE_PREFIX_PATH=${CMAKE_PREFIX_PATH}:/opt/ros/jazzy DEBUGINFOD_URLS=https://debuginfod.ubuntu.com /usr/bin/cmake --install /home/naon/deli_ws/deli_bot/build/pinky_description
[1.109s] Level 1:colcon.colcon_core.environment:checking '/home/naon/deli_ws/deli_bot/install/pinky_description' for CMake module files
[1.110s] Level 1:colcon.colcon_core.environment:checking '/home/naon/deli_ws/deli_bot/install/pinky_description' for CMake config files
[1.110s] Level 1:colcon.colcon_core.shell:create_environment_hook('pinky_description', 'cmake_prefix_path')
[1.110s] INFO:colcon.colcon_core.shell:Creating environment hook '/home/naon/deli_ws/deli_bot/install/pinky_description/share/pinky_description/hook/cmake_prefix_path.ps1'
[1.111s] INFO:colcon.colcon_core.shell:Creating environment descriptor '/home/naon/deli_ws/deli_bot/install/pinky_description/share/pinky_description/hook/cmake_prefix_path.dsv'
[1.111s] INFO:colcon.colcon_core.shell:Creating environment hook '/home/naon/deli_ws/deli_bot/install/pinky_description/share/pinky_description/hook/cmake_prefix_path.sh'
[1.112s] Level 1:colcon.colcon_core.environment:checking '/home/naon/deli_ws/deli_bot/install/pinky_description/bin'
[1.112s] Level 1:colcon.colcon_core.environment:checking '/home/naon/deli_ws/deli_bot/install/pinky_description/lib/pkgconfig/pinky_description.pc'
[1.112s] Level 1:colcon.colcon_core.environment:checking '/home/naon/deli_ws/deli_bot/install/pinky_description/lib/python3.12/site-packages'
[1.112s] Level 1:colcon.colcon_core.environment:checking '/home/naon/deli_ws/deli_bot/install/pinky_description/bin'
[1.113s] INFO:colcon.colcon_core.shell:Creating package script '/home/naon/deli_ws/deli_bot/install/pinky_description/share/pinky_description/package.ps1'
[1.114s] INFO:colcon.colcon_core.shell:Creating package descriptor '/home/naon/deli_ws/deli_bot/install/pinky_description/share/pinky_description/package.dsv'
[1.114s] INFO:colcon.colcon_core.shell:Creating package script '/home/naon/deli_ws/deli_bot/install/pinky_description/share/pinky_description/package.sh'
[1.115s] INFO:colcon.colcon_core.shell:Creating package script '/home/naon/deli_ws/deli_bot/install/pinky_description/share/pinky_description/package.bash'
[1.116s] INFO:colcon.colcon_core.shell:Creating package script '/home/naon/deli_ws/deli_bot/install/pinky_description/share/pinky_description/package.zsh'
[1.117s] Level 1:colcon.colcon_core.environment:create_file_with_runtime_dependencies(/home/naon/deli_ws/deli_bot/install/pinky_description/share/colcon-core/packages/pinky_description)
[1.118s] Level 1:colcon.colcon_core.environment:create_environment_scripts_only(pinky_description)
[1.118s] Level 1:colcon.colcon_core.environment:checking '/home/naon/deli_ws/deli_bot/install/pinky_description' for CMake module files
[1.119s] Level 1:colcon.colcon_core.environment:checking '/home/naon/deli_ws/deli_bot/install/pinky_description' for CMake config files
[1.119s] Level 1:colcon.colcon_core.shell:create_environment_hook('pinky_description', 'cmake_prefix_path')
[1.120s] INFO:colcon.colcon_core.shell:Creating environment hook '/home/naon/deli_ws/deli_bot/install/pinky_description/share/pinky_description/hook/cmake_prefix_path.ps1'
[1.120s] INFO:colcon.colcon_core.shell:Creating environment descriptor '/home/naon/deli_ws/deli_bot/install/pinky_description/share/pinky_description/hook/cmake_prefix_path.dsv'
[1.120s] INFO:colcon.colcon_core.shell:Creating environment hook '/home/naon/deli_ws/deli_bot/install/pinky_description/share/pinky_description/hook/cmake_prefix_path.sh'
[1.121s] Level 1:colcon.colcon_core.environment:checking '/home/naon/deli_ws/deli_bot/install/pinky_description/bin'
[1.121s] Level 1:colcon.colcon_core.environment:checking '/home/naon/deli_ws/deli_bot/install/pinky_description/lib/pkgconfig/pinky_description.pc'
[1.121s] Level 1:colcon.colcon_core.environment:checking '/home/naon/deli_ws/deli_bot/install/pinky_description/lib/python3.12/site-packages'
[1.122s] Level 1:colcon.colcon_core.environment:checking '/home/naon/deli_ws/deli_bot/install/pinky_description/bin'
[1.122s] INFO:colcon.colcon_core.shell:Creating package script '/home/naon/deli_ws/deli_bot/install/pinky_description/share/pinky_description/package.ps1'
[1.123s] INFO:colcon.colcon_core.shell:Creating package descriptor '/home/naon/deli_ws/deli_bot/install/pinky_description/share/pinky_description/package.dsv'
[1.123s] INFO:colcon.colcon_core.shell:Creating package script '/home/naon/deli_ws/deli_bot/install/pinky_description/share/pinky_description/package.sh'
[1.124s] INFO:colcon.colcon_core.shell:Creating package script '/home/naon/deli_ws/deli_bot/install/pinky_description/share/pinky_description/package.bash'
[1.124s] INFO:colcon.colcon_core.shell:Creating package script '/home/naon/deli_ws/deli_bot/install/pinky_description/share/pinky_description/package.zsh'
[1.125s] Level 1:colcon.colcon_core.environment:create_file_with_runtime_dependencies(/home/naon/deli_ws/deli_bot/install/pinky_description/share/colcon-core/packages/pinky_description)
[1.126s] INFO:colcon.colcon_ros.task.ament_cmake.build:Building ROS package in '/home/naon/deli_ws/deli_bot/src/pinky_gazebo' with build type 'ament_cmake'
[1.126s] INFO:colcon.colcon_cmake.task.cmake.build:Building CMake package in '/home/naon/deli_ws/deli_bot/src/pinky_gazebo'
[1.126s] INFO:colcon.colcon_core.shell:Skip shell extension 'powershell' for command environment: Not usable outside of PowerShell
[1.126s] DEBUG:colcon.colcon_core.shell:Skip shell extension 'dsv' for command environment
[1.130s] DEBUG:colcon.colcon_core.event_handler.log_command:Invoked command in '/home/naon/deli_ws/deli_bot/build/pinky_cartographer' returned '0': CMAKE_PREFIX_PATH=${CMAKE_PREFIX_PATH}:/opt/ros/jazzy DEBUGINFOD_URLS=https://debuginfod.ubuntu.com /usr/bin/cmake /home/naon/deli_ws/deli_bot/src/pinky_cartographer -DCMAKE_INSTALL_PREFIX=/home/naon/deli_ws/deli_bot/install/pinky_cartographer
[1.131s] DEBUG:colcon.colcon_core.event_handler.log_command:Invoking command in '/home/naon/deli_ws/deli_bot/build/pinky_cartographer': CMAKE_PREFIX_PATH=${CMAKE_PREFIX_PATH}:/opt/ros/jazzy DEBUGINFOD_URLS=https://debuginfod.ubuntu.com /usr/bin/cmake --build /home/naon/deli_ws/deli_bot/build/pinky_cartographer -- -j12 -l12
[1.135s] DEBUG:colcon.colcon_core.event_handler.log_command:Invoking command in '/home/naon/deli_ws/deli_bot/build/pinky_gazebo': AMENT_PREFIX_PATH=/home/naon/deli_ws/deli_bot/install/pinky_description:${AMENT_PREFIX_PATH} CMAKE_PREFIX_PATH=/home/naon/deli_ws/deli_bot/install/pinky_description:/opt/ros/jazzy/opt/gz_math_vendor:/opt/ros/jazzy/opt/gz_utils_vendor:/opt/ros/jazzy/opt/gz_cmake_vendor:/opt/ros/jazzy DEBUGINFOD_URLS=https://debuginfod.ubuntu.com /usr/bin/cmake /home/naon/deli_ws/deli_bot/src/pinky_gazebo -DCMAKE_INSTALL_PREFIX=/home/naon/deli_ws/deli_bot/install/pinky_gazebo
[1.166s] DEBUG:colcon.colcon_core.event_handler.log_command:Invoked command in '/home/naon/deli_ws/deli_bot/build/pinky_cartographer' returned '0': CMAKE_PREFIX_PATH=${CMAKE_PREFIX_PATH}:/opt/ros/jazzy DEBUGINFOD_URLS=https://debuginfod.ubuntu.com /usr/bin/cmake --build /home/naon/deli_ws/deli_bot/build/pinky_cartographer -- -j12 -l12
[1.167s] DEBUG:colcon.colcon_core.event_handler.log_command:Invoking command in '/home/naon/deli_ws/deli_bot/build/pinky_cartographer': CMAKE_PREFIX_PATH=${CMAKE_PREFIX_PATH}:/opt/ros/jazzy DEBUGINFOD_URLS=https://debuginfod.ubuntu.com /usr/bin/cmake --install /home/naon/deli_ws/deli_bot/build/pinky_cartographer
[1.177s] Level 1:colcon.colcon_core.environment:create_environment_scripts_only(pinky_cartographer)
[1.177s] Level 1:colcon.colcon_core.environment:checking '/home/naon/deli_ws/deli_bot/install/pinky_cartographer' for CMake module files
[1.178s] DEBUG:colcon.colcon_core.event_handler.log_command:Invoked command in '/home/naon/deli_ws/deli_bot/build/pinky_cartographer' returned '0': CMAKE_PREFIX_PATH=${CMAKE_PREFIX_PATH}:/opt/ros/jazzy DEBUGINFOD_URLS=https://debuginfod.ubuntu.com /usr/bin/cmake --install /home/naon/deli_ws/deli_bot/build/pinky_cartographer
[1.178s] Level 1:colcon.colcon_core.environment:checking '/home/naon/deli_ws/deli_bot/install/pinky_cartographer' for CMake config files
[1.178s] Level 1:colcon.colcon_core.shell:create_environment_hook('pinky_cartographer', 'cmake_prefix_path')
[1.178s] INFO:colcon.colcon_core.shell:Creating environment hook '/home/naon/deli_ws/deli_bot/install/pinky_cartographer/share/pinky_cartographer/hook/cmake_prefix_path.ps1'
[1.179s] INFO:colcon.colcon_core.shell:Creating environment descriptor '/home/naon/deli_ws/deli_bot/install/pinky_cartographer/share/pinky_cartographer/hook/cmake_prefix_path.dsv'
[1.179s] INFO:colcon.colcon_core.shell:Creating environment hook '/home/naon/deli_ws/deli_bot/install/pinky_cartographer/share/pinky_cartographer/hook/cmake_prefix_path.sh'
[1.179s] Level 1:colcon.colcon_core.environment:checking '/home/naon/deli_ws/deli_bot/install/pinky_cartographer/bin'
[1.179s] Level 1:colcon.colcon_core.environment:checking '/home/naon/deli_ws/deli_bot/install/pinky_cartographer/lib/pkgconfig/pinky_cartographer.pc'
[1.180s] Level 1:colcon.colcon_core.environment:checking '/home/naon/deli_ws/deli_bot/install/pinky_cartographer/lib/python3.12/site-packages'
[1.180s] Level 1:colcon.colcon_core.environment:checking '/home/naon/deli_ws/deli_bot/install/pinky_cartographer/bin'
[1.180s] INFO:colcon.colcon_core.shell:Creating package script '/home/naon/deli_ws/deli_bot/install/pinky_cartographer/share/pinky_cartographer/package.ps1'
[1.181s] INFO:colcon.colcon_core.shell:Creating package descriptor '/home/naon/deli_ws/deli_bot/install/pinky_cartographer/share/pinky_cartographer/package.dsv'
[1.181s] INFO:colcon.colcon_core.shell:Creating package script '/home/naon/deli_ws/deli_bot/install/pinky_cartographer/share/pinky_cartographer/package.sh'
[1.181s] INFO:colcon.colcon_core.shell:Creating package script '/home/naon/deli_ws/deli_bot/install/pinky_cartographer/share/pinky_cartographer/package.bash'
[1.181s] INFO:colcon.colcon_core.shell:Creating package script '/home/naon/deli_ws/deli_bot/install/pinky_cartographer/share/pinky_cartographer/package.zsh'
[1.182s] Level 1:colcon.colcon_core.environment:create_file_with_runtime_dependencies(/home/naon/deli_ws/deli_bot/install/pinky_cartographer/share/colcon-core/packages/pinky_cartographer)
[1.182s] Level 1:colcon.colcon_core.environment:create_environment_scripts_only(pinky_cartographer)
[1.182s] Level 1:colcon.colcon_core.environment:checking '/home/naon/deli_ws/deli_bot/install/pinky_cartographer' for CMake module files
[1.183s] Level 1:colcon.colcon_core.environment:checking '/home/naon/deli_ws/deli_bot/install/pinky_cartographer' for CMake config files
[1.183s] Level 1:colcon.colcon_core.shell:create_environment_hook('pinky_cartographer', 'cmake_prefix_path')
[1.183s] INFO:colcon.colcon_core.shell:Creating environment hook '/home/naon/deli_ws/deli_bot/install/pinky_cartographer/share/pinky_cartographer/hook/cmake_prefix_path.ps1'
[1.183s] INFO:colcon.colcon_core.shell:Creating environment descriptor '/home/naon/deli_ws/deli_bot/install/pinky_cartographer/share/pinky_cartographer/hook/cmake_prefix_path.dsv'
[1.183s] INFO:colcon.colcon_core.shell:Creating environment hook '/home/naon/deli_ws/deli_bot/install/pinky_cartographer/share/pinky_cartographer/hook/cmake_prefix_path.sh'
[1.184s] Level 1:colcon.colcon_core.environment:checking '/home/naon/deli_ws/deli_bot/install/pinky_cartographer/bin'
[1.184s] Level 1:colcon.colcon_core.environment:checking '/home/naon/deli_ws/deli_bot/install/pinky_cartographer/lib/pkgconfig/pinky_cartographer.pc'
[1.184s] Level 1:colcon.colcon_core.environment:checking '/home/naon/deli_ws/deli_bot/install/pinky_cartographer/lib/python3.12/site-packages'
[1.184s] Level 1:colcon.colcon_core.environment:checking '/home/naon/deli_ws/deli_bot/install/pinky_cartographer/bin'
[1.185s] INFO:colcon.colcon_core.shell:Creating package script '/home/naon/deli_ws/deli_bot/install/pinky_cartographer/share/pinky_cartographer/package.ps1'
[1.185s] INFO:colcon.colcon_core.shell:Creating package descriptor '/home/naon/deli_ws/deli_bot/install/pinky_cartographer/share/pinky_cartographer/package.dsv'
[1.185s] INFO:colcon.colcon_core.shell:Creating package script '/home/naon/deli_ws/deli_bot/install/pinky_cartographer/share/pinky_cartographer/package.sh'
[1.186s] INFO:colcon.colcon_core.shell:Creating package script '/home/naon/deli_ws/deli_bot/install/pinky_cartographer/share/pinky_cartographer/package.bash'
[1.186s] INFO:colcon.colcon_core.shell:Creating package script '/home/naon/deli_ws/deli_bot/install/pinky_cartographer/share/pinky_cartographer/package.zsh'
[1.187s] Level 1:colcon.colcon_core.environment:create_file_with_runtime_dependencies(/home/naon/deli_ws/deli_bot/install/pinky_cartographer/share/colcon-core/packages/pinky_cartographer)
[1.319s] DEBUG:colcon.colcon_core.event_handler.log_command:Invoked command in '/home/naon/deli_ws/deli_bot/build/pinky_navigation' returned '0': CMAKE_PREFIX_PATH=${CMAKE_PREFIX_PATH}:/opt/ros/jazzy DEBUGINFOD_URLS=https://debuginfod.ubuntu.com /usr/bin/cmake /home/naon/deli_ws/deli_bot/src/pinky_navigation -DCMAKE_INSTALL_PREFIX=/home/naon/deli_ws/deli_bot/install/pinky_navigation
[1.320s] DEBUG:colcon.colcon_core.event_handler.log_command:Invoking command in '/home/naon/deli_ws/deli_bot/build/pinky_navigation': CMAKE_PREFIX_PATH=${CMAKE_PREFIX_PATH}:/opt/ros/jazzy DEBUGINFOD_URLS=https://debuginfod.ubuntu.com /usr/bin/cmake --build /home/naon/deli_ws/deli_bot/build/pinky_navigation -- -j12 -l12
[1.349s] DEBUG:colcon.colcon_core.event_handler.log_command:Invoked command in '/home/naon/deli_ws/deli_bot/build/pinky_navigation' returned '0': CMAKE_PREFIX_PATH=${CMAKE_PREFIX_PATH}:/opt/ros/jazzy DEBUGINFOD_URLS=https://debuginfod.ubuntu.com /usr/bin/cmake --build /home/naon/deli_ws/deli_bot/build/pinky_navigation -- -j12 -l12
[1.350s] DEBUG:colcon.colcon_core.event_handler.log_command:Invoking command in '/home/naon/deli_ws/deli_bot/build/pinky_navigation': CMAKE_PREFIX_PATH=${CMAKE_PREFIX_PATH}:/opt/ros/jazzy DEBUGINFOD_URLS=https://debuginfod.ubuntu.com /usr/bin/cmake --install /home/naon/deli_ws/deli_bot/build/pinky_navigation
[1.361s] Level 1:colcon.colcon_core.environment:create_environment_scripts_only(pinky_navigation)
[1.361s] Level 1:colcon.colcon_core.environment:checking '/home/naon/deli_ws/deli_bot/install/pinky_navigation' for CMake module files
[1.361s] DEBUG:colcon.colcon_core.event_handler.log_command:Invoked command in '/home/naon/deli_ws/deli_bot/build/pinky_navigation' returned '0': CMAKE_PREFIX_PATH=${CMAKE_PREFIX_PATH}:/opt/ros/jazzy DEBUGINFOD_URLS=https://debuginfod.ubuntu.com /usr/bin/cmake --install /home/naon/deli_ws/deli_bot/build/pinky_navigation
[1.362s] Level 1:colcon.colcon_core.environment:checking '/home/naon/deli_ws/deli_bot/install/pinky_navigation' for CMake config files
[1.362s] Level 1:colcon.colcon_core.shell:create_environment_hook('pinky_navigation', 'cmake_prefix_path')
[1.362s] INFO:colcon.colcon_core.shell:Creating environment hook '/home/naon/deli_ws/deli_bot/install/pinky_navigation/share/pinky_navigation/hook/cmake_prefix_path.ps1'
[1.363s] INFO:colcon.colcon_core.shell:Creating environment descriptor '/home/naon/deli_ws/deli_bot/install/pinky_navigation/share/pinky_navigation/hook/cmake_prefix_path.dsv'
[1.363s] INFO:colcon.colcon_core.shell:Creating environment hook '/home/naon/deli_ws/deli_bot/install/pinky_navigation/share/pinky_navigation/hook/cmake_prefix_path.sh'
[1.364s] Level 1:colcon.colcon_core.environment:checking '/home/naon/deli_ws/deli_bot/install/pinky_navigation/bin'
[1.364s] Level 1:colcon.colcon_core.environment:checking '/home/naon/deli_ws/deli_bot/install/pinky_navigation/lib/pkgconfig/pinky_navigation.pc'
[1.364s] Level 1:colcon.colcon_core.environment:checking '/home/naon/deli_ws/deli_bot/install/pinky_navigation/lib/python3.12/site-packages'
[1.364s] Level 1:colcon.colcon_core.environment:checking '/home/naon/deli_ws/deli_bot/install/pinky_navigation/bin'
[1.365s] INFO:colcon.colcon_core.shell:Creating package script '/home/naon/deli_ws/deli_bot/install/pinky_navigation/share/pinky_navigation/package.ps1'
[1.365s] INFO:colcon.colcon_core.shell:Creating package descriptor '/home/naon/deli_ws/deli_bot/install/pinky_navigation/share/pinky_navigation/package.dsv'
[1.365s] INFO:colcon.colcon_core.shell:Creating package script '/home/naon/deli_ws/deli_bot/install/pinky_navigation/share/pinky_navigation/package.sh'
[1.366s] INFO:colcon.colcon_core.shell:Creating package script '/home/naon/deli_ws/deli_bot/install/pinky_navigation/share/pinky_navigation/package.bash'
[1.366s] INFO:colcon.colcon_core.shell:Creating package script '/home/naon/deli_ws/deli_bot/install/pinky_navigation/share/pinky_navigation/package.zsh'
[1.366s] Level 1:colcon.colcon_core.environment:create_file_with_runtime_dependencies(/home/naon/deli_ws/deli_bot/install/pinky_navigation/share/colcon-core/packages/pinky_navigation)
[1.367s] Level 1:colcon.colcon_core.environment:create_environment_scripts_only(pinky_navigation)
[1.367s] Level 1:colcon.colcon_core.environment:checking '/home/naon/deli_ws/deli_bot/install/pinky_navigation' for CMake module files
[1.368s] Level 1:colcon.colcon_core.environment:checking '/home/naon/deli_ws/deli_bot/install/pinky_navigation' for CMake config files
[1.368s] Level 1:colcon.colcon_core.shell:create_environment_hook('pinky_navigation', 'cmake_prefix_path')
[1.368s] INFO:colcon.colcon_core.shell:Creating environment hook '/home/naon/deli_ws/deli_bot/install/pinky_navigation/share/pinky_navigation/hook/cmake_prefix_path.ps1'
[1.369s] INFO:colcon.colcon_core.shell:Creating environment descriptor '/home/naon/deli_ws/deli_bot/install/pinky_navigation/share/pinky_navigation/hook/cmake_prefix_path.dsv'
[1.369s] INFO:colcon.colcon_core.shell:Creating environment hook '/home/naon/deli_ws/deli_bot/install/pinky_navigation/share/pinky_navigation/hook/cmake_prefix_path.sh'
[1.370s] Level 1:colcon.colcon_core.environment:checking '/home/naon/deli_ws/deli_bot/install/pinky_navigation/bin'
[1.370s] Level 1:colcon.colcon_core.environment:checking '/home/naon/deli_ws/deli_bot/install/pinky_navigation/lib/pkgconfig/pinky_navigation.pc'
[1.370s] Level 1:colcon.colcon_core.environment:checking '/home/naon/deli_ws/deli_bot/install/pinky_navigation/lib/python3.12/site-packages'
[1.370s] Level 1:colcon.colcon_core.environment:checking '/home/naon/deli_ws/deli_bot/install/pinky_navigation/bin'
[1.371s] INFO:colcon.colcon_core.shell:Creating package script '/home/naon/deli_ws/deli_bot/install/pinky_navigation/share/pinky_navigation/package.ps1'
[1.371s] INFO:colcon.colcon_core.shell:Creating package descriptor '/home/naon/deli_ws/deli_bot/install/pinky_navigation/share/pinky_navigation/package.dsv'
[1.372s] INFO:colcon.colcon_core.shell:Creating package script '/home/naon/deli_ws/deli_bot/install/pinky_navigation/share/pinky_navigation/package.sh'
[1.372s] INFO:colcon.colcon_core.shell:Creating package script '/home/naon/deli_ws/deli_bot/install/pinky_navigation/share/pinky_navigation/package.bash'
[1.373s] INFO:colcon.colcon_core.shell:Creating package script '/home/naon/deli_ws/deli_bot/install/pinky_navigation/share/pinky_navigation/package.zsh'
[1.373s] Level 1:colcon.colcon_core.environment:create_file_with_runtime_dependencies(/home/naon/deli_ws/deli_bot/install/pinky_navigation/share/colcon-core/packages/pinky_navigation)
[1.458s] DEBUG:colcon.colcon_core.event_handler.log_command:Invoking command in '/home/naon/deli_ws/deli_bot/src/pinky_bringup': DEBUGINFOD_URLS=https://debuginfod.ubuntu.com PYTHONPATH=/home/naon/deli_ws/deli_bot/build/pinky_bringup/prefix_override:/usr/lib/python3/dist-packages/colcon_core/task/python/colcon_distutils_commands:/home/naon/deli_ws/deli_bot/install/pinky_bringup/lib/python3.12/site-packages:${PYTHONPATH} /usr/bin/python3 -W ignore:setup.py install is deprecated -W ignore:easy_install command is deprecated setup.py egg_info --egg-base ../../build/pinky_bringup build --build-base /home/naon/deli_ws/deli_bot/build/pinky_bringup/build install --record /home/naon/deli_ws/deli_bot/build/pinky_bringup/install.log --single-version-externally-managed install_data
[1.481s] DEBUG:colcon.colcon_core.event_handler.log_command:Invoking command in '/home/naon/deli_ws/deli_bot/src/pinky_emotion': DEBUGINFOD_URLS=https://debuginfod.ubuntu.com PYTHONPATH=/home/naon/deli_ws/deli_bot/build/pinky_emotion/prefix_override:/usr/lib/python3/dist-packages/colcon_core/task/python/colcon_distutils_commands:/home/naon/deli_ws/deli_bot/install/pinky_emotion/lib/python3.12/site-packages:${PYTHONPATH} /usr/bin/python3 -W ignore:setup.py install is deprecated -W ignore:easy_install command is deprecated setup.py egg_info --egg-base ../../build/pinky_emotion build --build-base /home/naon/deli_ws/deli_bot/build/pinky_emotion/build install --record /home/naon/deli_ws/deli_bot/build/pinky_emotion/install.log --single-version-externally-managed install_data
[1.744s] DEBUG:colcon.colcon_core.event_handler.log_command:Invoked command in '/home/naon/deli_ws/deli_bot/build/pinky_gazebo' returned '0': AMENT_PREFIX_PATH=/home/naon/deli_ws/deli_bot/install/pinky_description:${AMENT_PREFIX_PATH} CMAKE_PREFIX_PATH=/home/naon/deli_ws/deli_bot/install/pinky_description:/opt/ros/jazzy/opt/gz_math_vendor:/opt/ros/jazzy/opt/gz_utils_vendor:/opt/ros/jazzy/opt/gz_cmake_vendor:/opt/ros/jazzy DEBUGINFOD_URLS=https://debuginfod.ubuntu.com /usr/bin/cmake /home/naon/deli_ws/deli_bot/src/pinky_gazebo -DCMAKE_INSTALL_PREFIX=/home/naon/deli_ws/deli_bot/install/pinky_gazebo
[1.745s] DEBUG:colcon.colcon_core.event_handler.log_command:Invoking command in '/home/naon/deli_ws/deli_bot/build/pinky_gazebo': AMENT_PREFIX_PATH=/home/naon/deli_ws/deli_bot/install/pinky_description:${AMENT_PREFIX_PATH} CMAKE_PREFIX_PATH=/home/naon/deli_ws/deli_bot/install/pinky_description:/opt/ros/jazzy/opt/gz_math_vendor:/opt/ros/jazzy/opt/gz_utils_vendor:/opt/ros/jazzy/opt/gz_cmake_vendor:/opt/ros/jazzy DEBUGINFOD_URLS=https://debuginfod.ubuntu.com /usr/bin/cmake --build /home/naon/deli_ws/deli_bot/build/pinky_gazebo -- -j12 -l12
[1.773s] DEBUG:colcon.colcon_core.event_handler.log_command:Invoked command in '/home/naon/deli_ws/deli_bot/build/pinky_gazebo' returned '0': AMENT_PREFIX_PATH=/home/naon/deli_ws/deli_bot/install/pinky_description:${AMENT_PREFIX_PATH} CMAKE_PREFIX_PATH=/home/naon/deli_ws/deli_bot/install/pinky_description:/opt/ros/jazzy/opt/gz_math_vendor:/opt/ros/jazzy/opt/gz_utils_vendor:/opt/ros/jazzy/opt/gz_cmake_vendor:/opt/ros/jazzy DEBUGINFOD_URLS=https://debuginfod.ubuntu.com /usr/bin/cmake --build /home/naon/deli_ws/deli_bot/build/pinky_gazebo -- -j12 -l12
[1.774s] DEBUG:colcon.colcon_core.event_handler.log_command:Invoking command in '/home/naon/deli_ws/deli_bot/build/pinky_gazebo': AMENT_PREFIX_PATH=/home/naon/deli_ws/deli_bot/install/pinky_description:${AMENT_PREFIX_PATH} CMAKE_PREFIX_PATH=/home/naon/deli_ws/deli_bot/install/pinky_description:/opt/ros/jazzy/opt/gz_math_vendor:/opt/ros/jazzy/opt/gz_utils_vendor:/opt/ros/jazzy/opt/gz_cmake_vendor:/opt/ros/jazzy DEBUGINFOD_URLS=https://debuginfod.ubuntu.com /usr/bin/cmake --install /home/naon/deli_ws/deli_bot/build/pinky_gazebo
[1.784s] Level 1:colcon.colcon_core.environment:create_environment_scripts_only(pinky_gazebo)
[1.784s] Level 1:colcon.colcon_core.environment:checking '/home/naon/deli_ws/deli_bot/install/pinky_gazebo' for CMake module files
[1.785s] DEBUG:colcon.colcon_core.event_handler.log_command:Invoked command in '/home/naon/deli_ws/deli_bot/build/pinky_gazebo' returned '0': AMENT_PREFIX_PATH=/home/naon/deli_ws/deli_bot/install/pinky_description:${AMENT_PREFIX_PATH} CMAKE_PREFIX_PATH=/home/naon/deli_ws/deli_bot/install/pinky_description:/opt/ros/jazzy/opt/gz_math_vendor:/opt/ros/jazzy/opt/gz_utils_vendor:/opt/ros/jazzy/opt/gz_cmake_vendor:/opt/ros/jazzy DEBUGINFOD_URLS=https://debuginfod.ubuntu.com /usr/bin/cmake --install /home/naon/deli_ws/deli_bot/build/pinky_gazebo
[1.786s] Level 1:colcon.colcon_core.environment:checking '/home/naon/deli_ws/deli_bot/install/pinky_gazebo' for CMake config files
[1.787s] Level 1:colcon.colcon_core.shell:create_environment_hook('pinky_gazebo', 'cmake_prefix_path')
[1.787s] INFO:colcon.colcon_core.shell:Creating environment hook '/home/naon/deli_ws/deli_bot/install/pinky_gazebo/share/pinky_gazebo/hook/cmake_prefix_path.ps1'
[1.788s] INFO:colcon.colcon_core.shell:Creating environment descriptor '/home/naon/deli_ws/deli_bot/install/pinky_gazebo/share/pinky_gazebo/hook/cmake_prefix_path.dsv'
[1.788s] INFO:colcon.colcon_core.shell:Creating environment hook '/home/naon/deli_ws/deli_bot/install/pinky_gazebo/share/pinky_gazebo/hook/cmake_prefix_path.sh'
[1.788s] Level 1:colcon.colcon_core.environment:checking '/home/naon/deli_ws/deli_bot/install/pinky_gazebo/bin'
[1.788s] Level 1:colcon.colcon_core.environment:checking '/home/naon/deli_ws/deli_bot/install/pinky_gazebo/lib/pkgconfig/pinky_gazebo.pc'
[1.789s] Level 1:colcon.colcon_core.environment:checking '/home/naon/deli_ws/deli_bot/install/pinky_gazebo/lib/python3.12/site-packages'
[1.789s] Level 1:colcon.colcon_core.environment:checking '/home/naon/deli_ws/deli_bot/install/pinky_gazebo/bin'
[1.789s] INFO:colcon.colcon_core.shell:Creating package script '/home/naon/deli_ws/deli_bot/install/pinky_gazebo/share/pinky_gazebo/package.ps1'
[1.789s] INFO:colcon.colcon_core.shell:Creating package descriptor '/home/naon/deli_ws/deli_bot/install/pinky_gazebo/share/pinky_gazebo/package.dsv'
[1.789s] INFO:colcon.colcon_core.shell:Creating package script '/home/naon/deli_ws/deli_bot/install/pinky_gazebo/share/pinky_gazebo/package.sh'
[1.790s] INFO:colcon.colcon_core.shell:Creating package script '/home/naon/deli_ws/deli_bot/install/pinky_gazebo/share/pinky_gazebo/package.bash'
[1.790s] INFO:colcon.colcon_core.shell:Creating package script '/home/naon/deli_ws/deli_bot/install/pinky_gazebo/share/pinky_gazebo/package.zsh'
[1.790s] Level 1:colcon.colcon_core.environment:create_file_with_runtime_dependencies(/home/naon/deli_ws/deli_bot/install/pinky_gazebo/share/colcon-core/packages/pinky_gazebo)
[1.791s] Level 1:colcon.colcon_core.environment:create_environment_scripts_only(pinky_gazebo)
[1.791s] Level 1:colcon.colcon_core.environment:checking '/home/naon/deli_ws/deli_bot/install/pinky_gazebo' for CMake module files
[1.791s] Level 1:colcon.colcon_core.environment:checking '/home/naon/deli_ws/deli_bot/install/pinky_gazebo' for CMake config files
[1.791s] Level 1:colcon.colcon_core.shell:create_environment_hook('pinky_gazebo', 'cmake_prefix_path')
[1.791s] INFO:colcon.colcon_core.shell:Creating environment hook '/home/naon/deli_ws/deli_bot/install/pinky_gazebo/share/pinky_gazebo/hook/cmake_prefix_path.ps1'
[1.792s] INFO:colcon.colcon_core.shell:Creating environment descriptor '/home/naon/deli_ws/deli_bot/install/pinky_gazebo/share/pinky_gazebo/hook/cmake_prefix_path.dsv'
[1.792s] INFO:colcon.colcon_core.shell:Creating environment hook '/home/naon/deli_ws/deli_bot/install/pinky_gazebo/share/pinky_gazebo/hook/cmake_prefix_path.sh'
[1.793s] Level 1:colcon.colcon_core.environment:checking '/home/naon/deli_ws/deli_bot/install/pinky_gazebo/bin'
[1.793s] Level 1:colcon.colcon_core.environment:checking '/home/naon/deli_ws/deli_bot/install/pinky_gazebo/lib/pkgconfig/pinky_gazebo.pc'
[1.793s] Level 1:colcon.colcon_core.environment:checking '/home/naon/deli_ws/deli_bot/install/pinky_gazebo/lib/python3.12/site-packages'
[1.793s] Level 1:colcon.colcon_core.environment:checking '/home/naon/deli_ws/deli_bot/install/pinky_gazebo/bin'
[1.793s] INFO:colcon.colcon_core.shell:Creating package script '/home/naon/deli_ws/deli_bot/install/pinky_gazebo/share/pinky_gazebo/package.ps1'
[1.794s] INFO:colcon.colcon_core.shell:Creating package descriptor '/home/naon/deli_ws/deli_bot/install/pinky_gazebo/share/pinky_gazebo/package.dsv'
[1.794s] INFO:colcon.colcon_core.shell:Creating package script '/home/naon/deli_ws/deli_bot/install/pinky_gazebo/share/pinky_gazebo/package.sh'
[1.795s] INFO:colcon.colcon_core.shell:Creating package script '/home/naon/deli_ws/deli_bot/install/pinky_gazebo/share/pinky_gazebo/package.bash'
[1.795s] INFO:colcon.colcon_core.shell:Creating package script '/home/naon/deli_ws/deli_bot/install/pinky_gazebo/share/pinky_gazebo/package.zsh'
[1.795s] Level 1:colcon.colcon_core.environment:create_file_with_runtime_dependencies(/home/naon/deli_ws/deli_bot/install/pinky_gazebo/share/colcon-core/packages/pinky_gazebo)
[1.980s] Level 1:colcon.colcon_core.environment:checking '/home/naon/deli_ws/deli_bot/install/pinky_bringup' for CMake module files
[1.980s] DEBUG:colcon.colcon_core.event_handler.log_command:Invoked command in '/home/naon/deli_ws/deli_bot/src/pinky_bringup' returned '0': DEBUGINFOD_URLS=https://debuginfod.ubuntu.com PYTHONPATH=/home/naon/deli_ws/deli_bot/build/pinky_bringup/prefix_override:/usr/lib/python3/dist-packages/colcon_core/task/python/colcon_distutils_commands:/home/naon/deli_ws/deli_bot/install/pinky_bringup/lib/python3.12/site-packages:${PYTHONPATH} /usr/bin/python3 -W ignore:setup.py install is deprecated -W ignore:easy_install command is deprecated setup.py egg_info --egg-base ../../build/pinky_bringup build --build-base /home/naon/deli_ws/deli_bot/build/pinky_bringup/build install --record /home/naon/deli_ws/deli_bot/build/pinky_bringup/install.log --single-version-externally-managed install_data
[1.981s] Level 1:colcon.colcon_core.environment:checking '/home/naon/deli_ws/deli_bot/install/pinky_bringup' for CMake config files
[1.981s] Level 1:colcon.colcon_core.environment:checking '/home/naon/deli_ws/deli_bot/install/pinky_bringup/lib'
[1.981s] Level 1:colcon.colcon_core.environment:checking '/home/naon/deli_ws/deli_bot/install/pinky_bringup/bin'
[1.982s] Level 1:colcon.colcon_core.environment:checking '/home/naon/deli_ws/deli_bot/install/pinky_bringup/lib/pkgconfig/pinky_bringup.pc'
[1.982s] Level 1:colcon.colcon_core.environment:checking '/home/naon/deli_ws/deli_bot/install/pinky_bringup/lib/python3.12/site-packages'
[1.982s] Level 1:colcon.colcon_core.shell:create_environment_hook('pinky_bringup', 'pythonpath')
[1.982s] INFO:colcon.colcon_core.shell:Creating environment hook '/home/naon/deli_ws/deli_bot/install/pinky_bringup/share/pinky_bringup/hook/pythonpath.ps1'
[1.982s] INFO:colcon.colcon_core.shell:Creating environment descriptor '/home/naon/deli_ws/deli_bot/install/pinky_bringup/share/pinky_bringup/hook/pythonpath.dsv'
[1.983s] INFO:colcon.colcon_core.shell:Creating environment hook '/home/naon/deli_ws/deli_bot/install/pinky_bringup/share/pinky_bringup/hook/pythonpath.sh'
[1.983s] Level 1:colcon.colcon_core.environment:checking '/home/naon/deli_ws/deli_bot/install/pinky_bringup/bin'
[1.983s] Level 1:colcon.colcon_core.environment:create_environment_scripts_only(pinky_bringup)
[1.983s] INFO:colcon.colcon_core.shell:Creating package script '/home/naon/deli_ws/deli_bot/install/pinky_bringup/share/pinky_bringup/package.ps1'
[1.984s] INFO:colcon.colcon_core.shell:Creating package descriptor '/home/naon/deli_ws/deli_bot/install/pinky_bringup/share/pinky_bringup/package.dsv'
[1.984s] INFO:colcon.colcon_core.shell:Creating package script '/home/naon/deli_ws/deli_bot/install/pinky_bringup/share/pinky_bringup/package.sh'
[1.984s] INFO:colcon.colcon_core.shell:Creating package script '/home/naon/deli_ws/deli_bot/install/pinky_bringup/share/pinky_bringup/package.bash'
[1.985s] INFO:colcon.colcon_core.shell:Creating package script '/home/naon/deli_ws/deli_bot/install/pinky_bringup/share/pinky_bringup/package.zsh'
[1.985s] Level 1:colcon.colcon_core.environment:create_file_with_runtime_dependencies(/home/naon/deli_ws/deli_bot/install/pinky_bringup/share/colcon-core/packages/pinky_bringup)
[2.009s] Level 1:colcon.colcon_core.environment:checking '/home/naon/deli_ws/deli_bot/install/pinky_emotion' for CMake module files
[2.009s] DEBUG:colcon.colcon_core.event_handler.log_command:Invoked command in '/home/naon/deli_ws/deli_bot/src/pinky_emotion' returned '0': DEBUGINFOD_URLS=https://debuginfod.ubuntu.com PYTHONPATH=/home/naon/deli_ws/deli_bot/build/pinky_emotion/prefix_override:/usr/lib/python3/dist-packages/colcon_core/task/python/colcon_distutils_commands:/home/naon/deli_ws/deli_bot/install/pinky_emotion/lib/python3.12/site-packages:${PYTHONPATH} /usr/bin/python3 -W ignore:setup.py install is deprecated -W ignore:easy_install command is deprecated setup.py egg_info --egg-base ../../build/pinky_emotion build --build-base /home/naon/deli_ws/deli_bot/build/pinky_emotion/build install --record /home/naon/deli_ws/deli_bot/build/pinky_emotion/install.log --single-version-externally-managed install_data
[2.009s] Level 1:colcon.colcon_core.environment:checking '/home/naon/deli_ws/deli_bot/install/pinky_emotion' for CMake config files
[2.010s] Level 1:colcon.colcon_core.environment:checking '/home/naon/deli_ws/deli_bot/install/pinky_emotion/lib'
[2.010s] Level 1:colcon.colcon_core.environment:checking '/home/naon/deli_ws/deli_bot/install/pinky_emotion/bin'
[2.010s] Level 1:colcon.colcon_core.environment:checking '/home/naon/deli_ws/deli_bot/install/pinky_emotion/lib/pkgconfig/pinky_emotion.pc'
[2.010s] Level 1:colcon.colcon_core.environment:checking '/home/naon/deli_ws/deli_bot/install/pinky_emotion/lib/python3.12/site-packages'
[2.010s] Level 1:colcon.colcon_core.shell:create_environment_hook('pinky_emotion', 'pythonpath')
[2.010s] INFO:colcon.colcon_core.shell:Creating environment hook '/home/naon/deli_ws/deli_bot/install/pinky_emotion/share/pinky_emotion/hook/pythonpath.ps1'
[2.011s] INFO:colcon.colcon_core.shell:Creating environment descriptor '/home/naon/deli_ws/deli_bot/install/pinky_emotion/share/pinky_emotion/hook/pythonpath.dsv'
[2.011s] INFO:colcon.colcon_core.shell:Creating environment hook '/home/naon/deli_ws/deli_bot/install/pinky_emotion/share/pinky_emotion/hook/pythonpath.sh'
[2.011s] Level 1:colcon.colcon_core.environment:checking '/home/naon/deli_ws/deli_bot/install/pinky_emotion/bin'
[2.011s] Level 1:colcon.colcon_core.environment:create_environment_scripts_only(pinky_emotion)
[2.011s] INFO:colcon.colcon_core.shell:Creating package script '/home/naon/deli_ws/deli_bot/install/pinky_emotion/share/pinky_emotion/package.ps1'
[2.012s] INFO:colcon.colcon_core.shell:Creating package descriptor '/home/naon/deli_ws/deli_bot/install/pinky_emotion/share/pinky_emotion/package.dsv'
[2.012s] INFO:colcon.colcon_core.shell:Creating package script '/home/naon/deli_ws/deli_bot/install/pinky_emotion/share/pinky_emotion/package.sh'
[2.012s] INFO:colcon.colcon_core.shell:Creating package script '/home/naon/deli_ws/deli_bot/install/pinky_emotion/share/pinky_emotion/package.bash'
[2.013s] INFO:colcon.colcon_core.shell:Creating package script '/home/naon/deli_ws/deli_bot/install/pinky_emotion/share/pinky_emotion/package.zsh'
[2.013s] Level 1:colcon.colcon_core.environment:create_file_with_runtime_dependencies(/home/naon/deli_ws/deli_bot/install/pinky_emotion/share/colcon-core/packages/pinky_emotion)
[3.200s] DEBUG:colcon.colcon_core.event_handler.log_command:Invoked command in '/home/naon/deli_ws/deli_bot/build/pinky_interfaces' returned '0': CMAKE_PREFIX_PATH=${CMAKE_PREFIX_PATH}:/opt/ros/jazzy DEBUGINFOD_URLS=https://debuginfod.ubuntu.com /usr/bin/cmake /home/naon/deli_ws/deli_bot/src/pinky_interfaces -DCMAKE_INSTALL_PREFIX=/home/naon/deli_ws/deli_bot/install/pinky_interfaces
[3.201s] DEBUG:colcon.colcon_core.event_handler.log_command:Invoking command in '/home/naon/deli_ws/deli_bot/build/pinky_interfaces': CMAKE_PREFIX_PATH=${CMAKE_PREFIX_PATH}:/opt/ros/jazzy DEBUGINFOD_URLS=https://debuginfod.ubuntu.com /usr/bin/cmake --build /home/naon/deli_ws/deli_bot/build/pinky_interfaces -- -j12 -l12
[5.207s] DEBUG:colcon.colcon_core.event_handler.log_command:Invoked command in '/home/naon/deli_ws/deli_bot/build/pinky_interfaces' returned '0': CMAKE_PREFIX_PATH=${CMAKE_PREFIX_PATH}:/opt/ros/jazzy DEBUGINFOD_URLS=https://debuginfod.ubuntu.com /usr/bin/cmake --build /home/naon/deli_ws/deli_bot/build/pinky_interfaces -- -j12 -l12
[5.208s] DEBUG:colcon.colcon_core.event_handler.log_command:Invoking command in '/home/naon/deli_ws/deli_bot/build/pinky_interfaces': CMAKE_PREFIX_PATH=${CMAKE_PREFIX_PATH}:/opt/ros/jazzy DEBUGINFOD_URLS=https://debuginfod.ubuntu.com /usr/bin/cmake --install /home/naon/deli_ws/deli_bot/build/pinky_interfaces
[5.263s] Level 1:colcon.colcon_core.environment:create_environment_scripts_only(pinky_interfaces)
[5.263s] Level 1:colcon.colcon_core.environment:checking '/home/naon/deli_ws/deli_bot/install/pinky_interfaces' for CMake module files
[5.264s] DEBUG:colcon.colcon_core.event_handler.log_command:Invoked command in '/home/naon/deli_ws/deli_bot/build/pinky_interfaces' returned '0': CMAKE_PREFIX_PATH=${CMAKE_PREFIX_PATH}:/opt/ros/jazzy DEBUGINFOD_URLS=https://debuginfod.ubuntu.com /usr/bin/cmake --install /home/naon/deli_ws/deli_bot/build/pinky_interfaces
[5.264s] Level 1:colcon.colcon_core.environment:checking '/home/naon/deli_ws/deli_bot/install/pinky_interfaces' for CMake config files
[5.264s] Level 1:colcon.colcon_core.shell:create_environment_hook('pinky_interfaces', 'cmake_prefix_path')
[5.265s] INFO:colcon.colcon_core.shell:Creating environment hook '/home/naon/deli_ws/deli_bot/install/pinky_interfaces/share/pinky_interfaces/hook/cmake_prefix_path.ps1'
[5.265s] INFO:colcon.colcon_core.shell:Creating environment descriptor '/home/naon/deli_ws/deli_bot/install/pinky_interfaces/share/pinky_interfaces/hook/cmake_prefix_path.dsv'
[5.265s] INFO:colcon.colcon_core.shell:Creating environment hook '/home/naon/deli_ws/deli_bot/install/pinky_interfaces/share/pinky_interfaces/hook/cmake_prefix_path.sh'
[5.266s] Level 1:colcon.colcon_core.environment:checking '/home/naon/deli_ws/deli_bot/install/pinky_interfaces/lib'
[5.266s] Level 1:colcon.colcon_core.shell:create_environment_hook('pinky_interfaces', 'ld_library_path_lib')
[5.266s] INFO:colcon.colcon_core.shell:Creating environment hook '/home/naon/deli_ws/deli_bot/install/pinky_interfaces/share/pinky_interfaces/hook/ld_library_path_lib.ps1'
[5.266s] INFO:colcon.colcon_core.shell:Creating environment descriptor '/home/naon/deli_ws/deli_bot/install/pinky_interfaces/share/pinky_interfaces/hook/ld_library_path_lib.dsv'
[5.266s] INFO:colcon.colcon_core.shell:Creating environment hook '/home/naon/deli_ws/deli_bot/install/pinky_interfaces/share/pinky_interfaces/hook/ld_library_path_lib.sh'
[5.266s] Level 1:colcon.colcon_core.environment:checking '/home/naon/deli_ws/deli_bot/install/pinky_interfaces/bin'
[5.266s] Level 1:colcon.colcon_core.environment:checking '/home/naon/deli_ws/deli_bot/install/pinky_interfaces/lib/pkgconfig/pinky_interfaces.pc'
[5.267s] Level 1:colcon.colcon_core.environment:checking '/home/naon/deli_ws/deli_bot/install/pinky_interfaces/lib/python3.12/site-packages'
[5.267s] Level 1:colcon.colcon_core.shell:create_environment_hook('pinky_interfaces', 'pythonpath')
[5.267s] INFO:colcon.colcon_core.shell:Creating environment hook '/home/naon/deli_ws/deli_bot/install/pinky_interfaces/share/pinky_interfaces/hook/pythonpath.ps1'
[5.267s] INFO:colcon.colcon_core.shell:Creating environment descriptor '/home/naon/deli_ws/deli_bot/install/pinky_interfaces/share/pinky_interfaces/hook/pythonpath.dsv'
[5.267s] INFO:colcon.colcon_core.shell:Creating environment hook '/home/naon/deli_ws/deli_bot/install/pinky_interfaces/share/pinky_interfaces/hook/pythonpath.sh'
[5.268s] Level 1:colcon.colcon_core.environment:checking '/home/naon/deli_ws/deli_bot/install/pinky_interfaces/bin'
[5.268s] INFO:colcon.colcon_core.shell:Creating package script '/home/naon/deli_ws/deli_bot/install/pinky_interfaces/share/pinky_interfaces/package.ps1'
[5.268s] INFO:colcon.colcon_core.shell:Creating package descriptor '/home/naon/deli_ws/deli_bot/install/pinky_interfaces/share/pinky_interfaces/package.dsv'
[5.269s] INFO:colcon.colcon_core.shell:Creating package script '/home/naon/deli_ws/deli_bot/install/pinky_interfaces/share/pinky_interfaces/package.sh'
[5.269s] INFO:colcon.colcon_core.shell:Creating package script '/home/naon/deli_ws/deli_bot/install/pinky_interfaces/share/pinky_interfaces/package.bash'
[5.269s] INFO:colcon.colcon_core.shell:Creating package script '/home/naon/deli_ws/deli_bot/install/pinky_interfaces/share/pinky_interfaces/package.zsh'
[5.269s] Level 1:colcon.colcon_core.environment:create_file_with_runtime_dependencies(/home/naon/deli_ws/deli_bot/install/pinky_interfaces/share/colcon-core/packages/pinky_interfaces)
[5.270s] Level 1:colcon.colcon_core.environment:create_environment_scripts_only(pinky_interfaces)
[5.270s] Level 1:colcon.colcon_core.environment:checking '/home/naon/deli_ws/deli_bot/install/pinky_interfaces' for CMake module files
[5.270s] Level 1:colcon.colcon_core.environment:checking '/home/naon/deli_ws/deli_bot/install/pinky_interfaces' for CMake config files
[5.271s] Level 1:colcon.colcon_core.shell:create_environment_hook('pinky_interfaces', 'cmake_prefix_path')
[5.271s] INFO:colcon.colcon_core.shell:Creating environment hook '/home/naon/deli_ws/deli_bot/install/pinky_interfaces/share/pinky_interfaces/hook/cmake_prefix_path.ps1'
[5.271s] INFO:colcon.colcon_core.shell:Creating environment descriptor '/home/naon/deli_ws/deli_bot/install/pinky_interfaces/share/pinky_interfaces/hook/cmake_prefix_path.dsv'
[5.271s] INFO:colcon.colcon_core.shell:Creating environment hook '/home/naon/deli_ws/deli_bot/install/pinky_interfaces/share/pinky_interfaces/hook/cmake_prefix_path.sh'
[5.271s] Level 1:colcon.colcon_core.environment:checking '/home/naon/deli_ws/deli_bot/install/pinky_interfaces/lib'
[5.272s] Level 1:colcon.colcon_core.shell:create_environment_hook('pinky_interfaces', 'ld_library_path_lib')
[5.272s] INFO:colcon.colcon_core.shell:Creating environment hook '/home/naon/deli_ws/deli_bot/install/pinky_interfaces/share/pinky_interfaces/hook/ld_library_path_lib.ps1'
[5.272s] INFO:colcon.colcon_core.shell:Creating environment descriptor '/home/naon/deli_ws/deli_bot/install/pinky_interfaces/share/pinky_interfaces/hook/ld_library_path_lib.dsv'
[5.272s] INFO:colcon.colcon_core.shell:Creating environment hook '/home/naon/deli_ws/deli_bot/install/pinky_interfaces/share/pinky_interfaces/hook/ld_library_path_lib.sh'
[5.272s] Level 1:colcon.colcon_core.environment:checking '/home/naon/deli_ws/deli_bot/install/pinky_interfaces/bin'
[5.272s] Level 1:colcon.colcon_core.environment:checking '/home/naon/deli_ws/deli_bot/install/pinky_interfaces/lib/pkgconfig/pinky_interfaces.pc'
[5.273s] Level 1:colcon.colcon_core.environment:checking '/home/naon/deli_ws/deli_bot/install/pinky_interfaces/lib/python3.12/site-packages'
[5.273s] Level 1:colcon.colcon_core.shell:create_environment_hook('pinky_interfaces', 'pythonpath')
[5.273s] INFO:colcon.colcon_core.shell:Creating environment hook '/home/naon/deli_ws/deli_bot/install/pinky_interfaces/share/pinky_interfaces/hook/pythonpath.ps1'
[5.273s] INFO:colcon.colcon_core.shell:Creating environment descriptor '/home/naon/deli_ws/deli_bot/install/pinky_interfaces/share/pinky_interfaces/hook/pythonpath.dsv'
[5.273s] INFO:colcon.colcon_core.shell:Creating environment hook '/home/naon/deli_ws/deli_bot/install/pinky_interfaces/share/pinky_interfaces/hook/pythonpath.sh'
[5.274s] Level 1:colcon.colcon_core.environment:checking '/home/naon/deli_ws/deli_bot/install/pinky_interfaces/bin'
[5.274s] INFO:colcon.colcon_core.shell:Creating package script '/home/naon/deli_ws/deli_bot/install/pinky_interfaces/share/pinky_interfaces/package.ps1'
[5.274s] INFO:colcon.colcon_core.shell:Creating package descriptor '/home/naon/deli_ws/deli_bot/install/pinky_interfaces/share/pinky_interfaces/package.dsv'
[5.275s] INFO:colcon.colcon_core.shell:Creating package script '/home/naon/deli_ws/deli_bot/install/pinky_interfaces/share/pinky_interfaces/package.sh'
[5.275s] INFO:colcon.colcon_core.shell:Creating package script '/home/naon/deli_ws/deli_bot/install/pinky_interfaces/share/pinky_interfaces/package.bash'
[5.275s] INFO:colcon.colcon_core.shell:Creating package script '/home/naon/deli_ws/deli_bot/install/pinky_interfaces/share/pinky_interfaces/package.zsh'
[5.276s] Level 1:colcon.colcon_core.environment:create_file_with_runtime_dependencies(/home/naon/deli_ws/deli_bot/install/pinky_interfaces/share/colcon-core/packages/pinky_interfaces)
[5.276s] DEBUG:colcon.colcon_parallel_executor.executor.parallel:closing loop
[5.276s] DEBUG:colcon.colcon_parallel_executor.executor.parallel:loop closed
[5.276s] DEBUG:colcon.colcon_parallel_executor.executor.parallel:run_until_complete finished with '0'
[5.276s] DEBUG:colcon.colcon_core.event_reactor:joining thread
[5.283s] INFO:colcon.colcon_core.plugin_system:Skipping extension 'colcon_notification.desktop_notification.terminal_notifier': Not used on non-Darwin systems
[5.283s] INFO:colcon.colcon_core.plugin_system:Skipping extension 'colcon_notification.desktop_notification.win32': Not used on non-Windows systems
[5.283s] INFO:colcon.colcon_notification.desktop_notification:Sending desktop notification using 'notify2'
[5.299s] DEBUG:colcon.colcon_core.event_reactor:joined thread
[5.300s] INFO:colcon.colcon_core.shell:Creating prefix script '/home/naon/deli_ws/deli_bot/install/local_setup.ps1'
[5.300s] INFO:colcon.colcon_core.shell:Creating prefix util module '/home/naon/deli_ws/deli_bot/install/_local_setup_util_ps1.py'
[5.301s] INFO:colcon.colcon_core.shell:Creating prefix chain script '/home/naon/deli_ws/deli_bot/install/setup.ps1'
[5.302s] INFO:colcon.colcon_core.shell:Creating prefix script '/home/naon/deli_ws/deli_bot/install/local_setup.sh'
[5.302s] INFO:colcon.colcon_core.shell:Creating prefix util module '/home/naon/deli_ws/deli_bot/install/_local_setup_util_sh.py'
[5.303s] INFO:colcon.colcon_core.shell:Creating prefix chain script '/home/naon/deli_ws/deli_bot/install/setup.sh'
[5.304s] INFO:colcon.colcon_core.shell:Creating prefix script '/home/naon/deli_ws/deli_bot/install/local_setup.bash'
[5.304s] INFO:colcon.colcon_core.shell:Creating prefix chain script '/home/naon/deli_ws/deli_bot/install/setup.bash'
[5.305s] INFO:colcon.colcon_core.shell:Creating prefix script '/home/naon/deli_ws/deli_bot/install/local_setup.zsh'
[5.305s] INFO:colcon.colcon_core.shell:Creating prefix chain script '/home/naon/deli_ws/deli_bot/install/setup.zsh'
