[0.007s] Invoking command in '/home/truman/github/deli_ws/deli_service_server/build/task_manager': CMAKE_PREFIX_PATH=${CMAKE_PREFIX_PATH}:/opt/ros/jazzy DEBUGINFOD_URLS=https://debuginfod.ubuntu.com /usr/bin/cmake /home/truman/github/deli_ws/deli_service_server/src/task_manager -DCMAKE_INSTALL_PREFIX=/home/truman/github/deli_ws/deli_service_server/install/task_manager
[0.049s] -- The C compiler identification is GNU 13.3.0
[0.089s] -- The CXX compiler identification is GNU 13.3.0
[0.100s] -- Detecting C compiler ABI info
[0.165s] -- Detecting C compiler ABI info - done
[0.174s] -- Check for working C compiler: /usr/bin/cc - skipped
[0.174s] -- Detecting C compile features
[0.175s] -- Detecting C compile features - done
[0.181s] -- Detecting CXX compiler ABI info
[0.258s] -- Detecting CXX compiler ABI info - done
[0.272s] -- Check for working CXX compiler: /usr/bin/c++ - skipped
[0.272s] -- Detecting CXX compile features
[0.272s] -- Detecting CXX compile features - done
[0.276s] -- Found ament_cmake: 2.5.3 (/opt/ros/jazzy/share/ament_cmake/cmake)
[0.389s] -- Found Python3: /usr/bin/python3 (found version "3.12.3") found components: Interpreter 
[0.482s] -- Found rosidl_default_generators: 1.6.0 (/opt/ros/jazzy/share/rosidl_default_generators/cmake)
[0.488s] -- Using all available rosidl_typesupport_c: rosidl_typesupport_fastrtps_c;rosidl_typesupport_introspection_c
[0.547s] -- Using all available rosidl_typesupport_cpp: rosidl_typesupport_fastrtps_cpp;rosidl_typesupport_introspection_cpp
[0.593s] -- Found rosidl_adapter: 4.6.5 (/opt/ros/jazzy/share/rosidl_adapter/cmake)
[0.597s] -- Found rclcpp: 28.1.6 (/opt/ros/jazzy/share/rclcpp/cmake)
[0.673s] -- Found rmw_implementation_cmake: 7.3.1 (/opt/ros/jazzy/share/rmw_implementation_cmake/cmake)
[0.676s] -- Found rmw_fastrtps_cpp: 8.4.1 (/opt/ros/jazzy/share/rmw_fastrtps_cpp/cmake)
[0.743s] -- Found OpenSSL: /usr/lib/x86_64-linux-gnu/libcrypto.so (found version "3.0.13")  
[0.758s] -- Found FastRTPS: /opt/ros/jazzy/include (Required is at least version "2.13") 
[0.776s] -- Using RMW implementation 'rmw_fastrtps_cpp' as default
[0.846s] -- Found geometry_msgs: 5.3.5 (/opt/ros/jazzy/share/geometry_msgs/cmake)
[1.464s] -- Found ament_cmake_ros: 0.12.0 (/opt/ros/jazzy/share/ament_cmake_ros/cmake)
[1.904s] -- Using all available rosidl_typesupport_c: rosidl_typesupport_fastrtps_c;rosidl_typesupport_introspection_c
[2.415s] -- Using all available rosidl_typesupport_cpp: rosidl_typesupport_fastrtps_cpp;rosidl_typesupport_introspection_cpp
[2.418s] -- Found python_cmake_module: 0.11.1 (/opt/ros/jazzy/share/python_cmake_module/cmake)
[2.518s] -- Found PythonExtra: /usr/bin/python3  
[2.845s] -- Found Python3: /usr/bin/python3 (found version "3.12.3") found components: Interpreter Development NumPy Development.Module Development.Embed 
[2.897s] -- Configuring done (2.9s)
[2.936s] -- Generating done (0.0s)
[2.947s] -- Build files have been written to: /home/truman/github/deli_ws/deli_service_server/build/task_manager
[2.956s] Invoked command in '/home/truman/github/deli_ws/deli_service_server/build/task_manager' returned '0': CMAKE_PREFIX_PATH=${CMAKE_PREFIX_PATH}:/opt/ros/jazzy DEBUGINFOD_URLS=https://debuginfod.ubuntu.com /usr/bin/cmake /home/truman/github/deli_ws/deli_service_server/src/task_manager -DCMAKE_INSTALL_PREFIX=/home/truman/github/deli_ws/deli_service_server/install/task_manager
[2.957s] Invoking command in '/home/truman/github/deli_ws/deli_service_server/build/task_manager': CMAKE_PREFIX_PATH=${CMAKE_PREFIX_PATH}:/opt/ros/jazzy DEBUGINFOD_URLS=https://debuginfod.ubuntu.com /usr/bin/cmake --build /home/truman/github/deli_ws/deli_service_server/build/task_manager -- -j12 -l12
[2.996s] [  1%] [34m[1mGenerating type hashes for ROS interfaces[0m
[3.003s] [  1%] Built target ament_cmake_python_copy_task_manager_py_setup
[3.003s] [  1%] Built target ament_cmake_python_copy_task_manager
[3.003s] [  1%] Built target ament_cmake_python_copy_task_manager_py
[3.213s] running egg_info
[3.213s] running egg_info
[3.214s] creating task_manager.egg-info
[3.214s] creating task_manager_py.egg-info
[3.232s] [  1%] Built target task_manager__rosidl_generator_type_description
[3.239s] writing task_manager_py.egg-info/PKG-INFO
[3.239s] writing dependency_links to task_manager_py.egg-info/dependency_links.txt
[3.239s] writing top-level names to task_manager_py.egg-info/top_level.txt
[3.239s] writing manifest file 'task_manager_py.egg-info/SOURCES.txt'
[3.240s] writing task_manager.egg-info/PKG-INFO
[3.240s] writing dependency_links to task_manager.egg-info/dependency_links.txt
[3.240s] writing top-level names to task_manager.egg-info/top_level.txt
[3.240s] writing manifest file 'task_manager.egg-info/SOURCES.txt'
[3.240s] [  3%] [34m[1mGenerating C code for ROS interfaces[0m
[3.249s] [  4%] [34m[1mGenerating C++ code for ROS interfaces[0m
[3.310s] reading manifest file 'task_manager_py.egg-info/SOURCES.txt'
[3.310s] writing manifest file 'task_manager_py.egg-info/SOURCES.txt'
[3.312s] reading manifest file 'task_manager.egg-info/SOURCES.txt'
[3.313s] writing manifest file 'task_manager.egg-info/SOURCES.txt'
[3.342s] [  4%] Built target ament_cmake_python_build_task_manager_egg
[3.342s] [  4%] Built target ament_cmake_python_build_task_manager_py_egg
[3.871s] [  4%] Built target task_manager__cpp
[3.973s] [  7%] [32mBuilding C object CMakeFiles/task_manager__rosidl_generator_c.dir/rosidl_generator_c/task_manager/action/detail/nav_delivery__functions.c.o[0m
[3.973s] [  9%] [32mBuilding C object CMakeFiles/task_manager__rosidl_generator_c.dir/rosidl_generator_c/task_manager/action/detail/nav_delivery__type_support.c.o[0m
[3.973s] [  9%] [32mBuilding C object CMakeFiles/task_manager__rosidl_generator_c.dir/rosidl_generator_c/task_manager/action/detail/manipulation_task__description.c.o[0m
[3.973s] [ 10%] [32mBuilding C object CMakeFiles/task_manager__rosidl_generator_c.dir/rosidl_generator_c/task_manager/action/detail/manipulation_task__functions.c.o[0m
[3.974s] [ 12%] [32mBuilding C object CMakeFiles/task_manager__rosidl_generator_c.dir/rosidl_generator_c/task_manager/msg/detail/pick_up__description.c.o[0m
[3.974s] [ 14%] [32mBuilding C object CMakeFiles/task_manager__rosidl_generator_c.dir/rosidl_generator_c/task_manager/action/detail/nav_delivery__description.c.o[0m
[3.974s] [ 17%] [32mBuilding C object CMakeFiles/task_manager__rosidl_generator_c.dir/rosidl_generator_c/task_manager/msg/detail/pick_up__functions.c.o[0m
[3.974s] [ 17%] [32mBuilding C object CMakeFiles/task_manager__rosidl_generator_c.dir/rosidl_generator_c/task_manager/msg/detail/pick_up__type_support.c.o[0m
[3.974s] [ 18%] [32mBuilding C object CMakeFiles/task_manager__rosidl_generator_c.dir/rosidl_generator_c/task_manager/msg/detail/task__description.c.o[0m
[3.974s] [ 20%] [32mBuilding C object CMakeFiles/task_manager__rosidl_generator_c.dir/rosidl_generator_c/task_manager/msg/detail/task__functions.c.o[0m
[3.974s] [ 21%] [32mBuilding C object CMakeFiles/task_manager__rosidl_generator_c.dir/rosidl_generator_c/task_manager/action/detail/manipulation_task__type_support.c.o[0m
[3.976s] [ 23%] [32mBuilding C object CMakeFiles/task_manager__rosidl_generator_c.dir/rosidl_generator_c/task_manager/msg/detail/task__type_support.c.o[0m
[4.122s] [ 25%] [32m[1mLinking C shared library libtask_manager__rosidl_generator_c.so[0m
[4.154s] [ 25%] Built target task_manager__rosidl_generator_c
[4.162s] [ 32%] [34m[1mGenerating C++ type support dispatch for ROS interfaces[0m
[4.162s] [ 32%] [34m[1mGenerating C type support for eProsima Fast-RTPS[0m
[4.163s] [ 32%] [34m[1mGenerating C++ type support for eProsima Fast-RTPS[0m
[4.163s] [ 32%] [34m[1mGenerating C++ introspection for ROS interfaces[0m
[4.163s] [ 34%] [34m[1mGenerating C type support dispatch for ROS interfaces[0m
[4.163s] [ 32%] [34m[1mGenerating C introspection for ROS interfaces[0m
[4.555s] [ 40%] [32mBuilding CXX object CMakeFiles/task_manager__rosidl_typesupport_cpp.dir/rosidl_typesupport_cpp/task_manager/action/nav_delivery__type_support.cpp.o[0m
[4.555s] [ 40%] [32mBuilding CXX object CMakeFiles/task_manager__rosidl_typesupport_cpp.dir/rosidl_typesupport_cpp/task_manager/msg/pick_up__type_support.cpp.o[0m
[4.556s] [ 40%] [32mBuilding CXX object CMakeFiles/task_manager__rosidl_typesupport_cpp.dir/rosidl_typesupport_cpp/task_manager/action/manipulation_task__type_support.cpp.o[0m
[4.556s] [ 40%] [32mBuilding CXX object CMakeFiles/task_manager__rosidl_typesupport_cpp.dir/rosidl_typesupport_cpp/task_manager/msg/task__type_support.cpp.o[0m
[4.600s] [ 46%] [32mBuilding CXX object CMakeFiles/task_manager__rosidl_typesupport_c.dir/rosidl_typesupport_c/task_manager/action/manipulation_task__type_support.cpp.o[0m
[4.600s] [ 46%] [32mBuilding CXX object CMakeFiles/task_manager__rosidl_typesupport_c.dir/rosidl_typesupport_c/task_manager/action/nav_delivery__type_support.cpp.o[0m
[4.600s] [ 46%] [32mBuilding CXX object CMakeFiles/task_manager__rosidl_typesupport_c.dir/rosidl_typesupport_c/task_manager/msg/pick_up__type_support.cpp.o[0m
[4.600s] [ 46%] [32mBuilding CXX object CMakeFiles/task_manager__rosidl_typesupport_c.dir/rosidl_typesupport_c/task_manager/msg/task__type_support.cpp.o[0m
[4.683s] [ 48%] [32m[1mLinking CXX shared library libtask_manager__rosidl_typesupport_c.so[0m
[4.706s] [ 50%] [32mBuilding CXX object CMakeFiles/task_manager__rosidl_typesupport_introspection_cpp.dir/rosidl_typesupport_introspection_cpp/task_manager/msg/detail/pick_up__type_support.cpp.o[0m
[4.706s] [ 51%] [32mBuilding CXX object CMakeFiles/task_manager__rosidl_typesupport_introspection_cpp.dir/rosidl_typesupport_introspection_cpp/task_manager/action/detail/nav_delivery__type_support.cpp.o[0m
[4.706s] [ 53%] [32mBuilding CXX object CMakeFiles/task_manager__rosidl_typesupport_introspection_cpp.dir/rosidl_typesupport_introspection_cpp/task_manager/action/detail/manipulation_task__type_support.cpp.o[0m
[4.706s] [ 54%] [32mBuilding CXX object CMakeFiles/task_manager__rosidl_typesupport_introspection_cpp.dir/rosidl_typesupport_introspection_cpp/task_manager/msg/detail/task__type_support.cpp.o[0m
[4.746s] [ 54%] Built target task_manager__rosidl_typesupport_c
[4.799s] [ 57%] [32mBuilding C object CMakeFiles/task_manager__rosidl_typesupport_introspection_c.dir/rosidl_typesupport_introspection_c/task_manager/action/detail/nav_delivery__type_support.c.o[0m
[4.799s] [ 57%] [32mBuilding C object CMakeFiles/task_manager__rosidl_typesupport_introspection_c.dir/rosidl_typesupport_introspection_c/task_manager/action/detail/manipulation_task__type_support.c.o[0m
[4.891s] [ 59%] [32mBuilding C object CMakeFiles/task_manager__rosidl_typesupport_introspection_c.dir/rosidl_typesupport_introspection_c/task_manager/msg/detail/pick_up__type_support.c.o[0m
[4.899s] [ 60%] [32mBuilding C object CMakeFiles/task_manager__rosidl_typesupport_introspection_c.dir/rosidl_typesupport_introspection_c/task_manager/msg/detail/task__type_support.c.o[0m
[4.951s] [ 62%] [32m[1mLinking C shared library libtask_manager__rosidl_typesupport_introspection_c.so[0m
[4.996s] [ 62%] Built target task_manager__rosidl_typesupport_introspection_c
[5.147s] [ 64%] [32mBuilding CXX object CMakeFiles/task_manager__rosidl_typesupport_fastrtps_cpp.dir/rosidl_typesupport_fastrtps_cpp/task_manager/action/detail/dds_fastrtps/manipulation_task__type_support.cpp.o[0m
[5.149s] [ 68%] [32mBuilding CXX object CMakeFiles/task_manager__rosidl_typesupport_fastrtps_cpp.dir/rosidl_typesupport_fastrtps_cpp/task_manager/msg/detail/dds_fastrtps/pick_up__type_support.cpp.o[0m
[5.149s] [ 68%] [32mBuilding CXX object CMakeFiles/task_manager__rosidl_typesupport_fastrtps_cpp.dir/rosidl_typesupport_fastrtps_cpp/task_manager/action/detail/dds_fastrtps/nav_delivery__type_support.cpp.o[0m
[5.149s] [ 68%] [32mBuilding CXX object CMakeFiles/task_manager__rosidl_typesupport_fastrtps_cpp.dir/rosidl_typesupport_fastrtps_cpp/task_manager/msg/detail/dds_fastrtps/task__type_support.cpp.o[0m
[5.370s] [ 70%] [32mBuilding CXX object CMakeFiles/task_manager__rosidl_typesupport_fastrtps_c.dir/rosidl_typesupport_fastrtps_c/task_manager/action/detail/manipulation_task__type_support_c.cpp.o[0m
[5.371s] [ 73%] [32mBuilding CXX object CMakeFiles/task_manager__rosidl_typesupport_fastrtps_c.dir/rosidl_typesupport_fastrtps_c/task_manager/action/detail/nav_delivery__type_support_c.cpp.o[0m
[5.371s] [ 75%] [32mBuilding CXX object CMakeFiles/task_manager__rosidl_typesupport_fastrtps_c.dir/rosidl_typesupport_fastrtps_c/task_manager/msg/detail/pick_up__type_support_c.cpp.o[0m
[5.371s] [ 71%] [32mBuilding CXX object CMakeFiles/task_manager__rosidl_typesupport_fastrtps_c.dir/rosidl_typesupport_fastrtps_c/task_manager/msg/detail/task__type_support_c.cpp.o[0m
[5.445s] [ 76%] [32m[1mLinking CXX shared library libtask_manager__rosidl_typesupport_cpp.so[0m
[5.572s] [ 76%] Built target task_manager__rosidl_typesupport_cpp
[5.755s] [ 78%] [32m[1mLinking CXX shared library libtask_manager__rosidl_typesupport_introspection_cpp.so[0m
[5.877s] [ 78%] Built target task_manager__rosidl_typesupport_introspection_cpp
[6.044s] [ 79%] [32m[1mLinking CXX shared library libtask_manager__rosidl_typesupport_fastrtps_c.so[0m
[6.104s] [ 79%] Built target task_manager__rosidl_typesupport_fastrtps_c
[6.303s] [ 81%] [32m[1mLinking CXX shared library libtask_manager__rosidl_typesupport_fastrtps_cpp.so[0m
[6.367s] [ 81%] Built target task_manager__rosidl_typesupport_fastrtps_cpp
[6.382s] [ 81%] Built target task_manager
[6.397s] [ 82%] [34m[1mGenerating Python code for ROS interfaces[0m
[7.498s] [ 82%] Built target task_manager__py
[7.514s] [ 89%] [32mBuilding C object CMakeFiles/task_manager__rosidl_generator_py.dir/rosidl_generator_py/task_manager/action/_manipulation_task_s.c.o[0m
[7.514s] [ 89%] [32mBuilding C object CMakeFiles/task_manager__rosidl_generator_py.dir/rosidl_generator_py/task_manager/msg/_pick_up_s.c.o[0m
[7.514s] [ 89%] [32mBuilding C object CMakeFiles/task_manager__rosidl_generator_py.dir/rosidl_generator_py/task_manager/msg/_task_s.c.o[0m
[7.514s] [ 89%] [32mBuilding C object CMakeFiles/task_manager__rosidl_generator_py.dir/rosidl_generator_py/task_manager/action/_nav_delivery_s.c.o[0m
[7.694s] [ 90%] [32m[1mLinking C shared library libtask_manager__rosidl_generator_py.so[0m
[7.730s] [ 90%] Built target task_manager__rosidl_generator_py
[7.748s] [ 93%] [32mBuilding C object CMakeFiles/task_manager_s__rosidl_typesupport_c.dir/rosidl_generator_py/task_manager/_task_manager_s.ep.rosidl_typesupport_c.c.o[0m
[7.748s] [ 93%] [32mBuilding C object CMakeFiles/task_manager_s__rosidl_typesupport_fastrtps_c.dir/rosidl_generator_py/task_manager/_task_manager_s.ep.rosidl_typesupport_fastrtps_c.c.o[0m
[7.749s] [ 95%] [32mBuilding C object CMakeFiles/task_manager_s__rosidl_typesupport_introspection_c.dir/rosidl_generator_py/task_manager/_task_manager_s.ep.rosidl_typesupport_introspection_c.c.o[0m
[7.888s] [ 96%] [32m[1mLinking C shared module rosidl_generator_py/task_manager/task_manager_s__rosidl_typesupport_introspection_c.so[0m
[7.891s] [ 98%] [32m[1mLinking C shared module rosidl_generator_py/task_manager/task_manager_s__rosidl_typesupport_fastrtps_c.so[0m
[7.892s] [100%] [32m[1mLinking C shared module rosidl_generator_py/task_manager/task_manager_s__rosidl_typesupport_c.so[0m
[7.914s] [100%] Built target task_manager_s__rosidl_typesupport_introspection_c
[7.917s] [100%] Built target task_manager_s__rosidl_typesupport_c
[7.917s] [100%] Built target task_manager_s__rosidl_typesupport_fastrtps_c
[7.926s] Invoked command in '/home/truman/github/deli_ws/deli_service_server/build/task_manager' returned '0': CMAKE_PREFIX_PATH=${CMAKE_PREFIX_PATH}:/opt/ros/jazzy DEBUGINFOD_URLS=https://debuginfod.ubuntu.com /usr/bin/cmake --build /home/truman/github/deli_ws/deli_service_server/build/task_manager -- -j12 -l12
[7.934s] Invoking command in '/home/truman/github/deli_ws/deli_service_server/build/task_manager': CMAKE_PREFIX_PATH=${CMAKE_PREFIX_PATH}:/opt/ros/jazzy DEBUGINFOD_URLS=https://debuginfod.ubuntu.com /usr/bin/cmake --install /home/truman/github/deli_ws/deli_service_server/build/task_manager
[7.942s] -- Install configuration: ""
[7.942s] -- Installing: /home/truman/github/deli_ws/deli_service_server/install/task_manager/share/ament_index/resource_index/rosidl_interfaces/task_manager
[7.942s] -- Installing: /home/truman/github/deli_ws/deli_service_server/install/task_manager/share/task_manager/action/NavDelivery.json
[7.942s] -- Installing: /home/truman/github/deli_ws/deli_service_server/install/task_manager/share/task_manager/action/ManipulationTask.json
[7.943s] -- Installing: /home/truman/github/deli_ws/deli_service_server/install/task_manager/share/task_manager/msg/PickUP.json
[7.943s] -- Installing: /home/truman/github/deli_ws/deli_service_server/install/task_manager/share/task_manager/msg/Task.json
[7.943s] -- Installing: /home/truman/github/deli_ws/deli_service_server/install/task_manager/include/task_manager/task_manager
[7.943s] -- Installing: /home/truman/github/deli_ws/deli_service_server/install/task_manager/include/task_manager/task_manager/action
[7.943s] -- Installing: /home/truman/github/deli_ws/deli_service_server/install/task_manager/include/task_manager/task_manager/action/detail
[7.943s] -- Installing: /home/truman/github/deli_ws/deli_service_server/install/task_manager/include/task_manager/task_manager/action/detail/nav_delivery__description.c
[7.943s] -- Installing: /home/truman/github/deli_ws/deli_service_server/install/task_manager/include/task_manager/task_manager/action/detail/manipulation_task__struct.h
[7.943s] -- Installing: /home/truman/github/deli_ws/deli_service_server/install/task_manager/include/task_manager/task_manager/action/detail/manipulation_task__type_support.h
[7.943s] -- Installing: /home/truman/github/deli_ws/deli_service_server/install/task_manager/include/task_manager/task_manager/action/detail/manipulation_task__functions.h
[7.943s] -- Installing: /home/truman/github/deli_ws/deli_service_server/install/task_manager/include/task_manager/task_manager/action/detail/manipulation_task__description.c
[7.943s] -- Installing: /home/truman/github/deli_ws/deli_service_server/install/task_manager/include/task_manager/task_manager/action/detail/manipulation_task__functions.c
[7.943s] -- Installing: /home/truman/github/deli_ws/deli_service_server/install/task_manager/include/task_manager/task_manager/action/detail/nav_delivery__struct.h
[7.944s] -- Installing: /home/truman/github/deli_ws/deli_service_server/install/task_manager/include/task_manager/task_manager/action/detail/manipulation_task__type_support.c
[7.944s] -- Installing: /home/truman/github/deli_ws/deli_service_server/install/task_manager/include/task_manager/task_manager/action/detail/nav_delivery__type_support.h
[7.944s] -- Installing: /home/truman/github/deli_ws/deli_service_server/install/task_manager/include/task_manager/task_manager/action/detail/nav_delivery__type_support.c
[7.944s] -- Installing: /home/truman/github/deli_ws/deli_service_server/install/task_manager/include/task_manager/task_manager/action/detail/nav_delivery__functions.c
[7.944s] -- Installing: /home/truman/github/deli_ws/deli_service_server/install/task_manager/include/task_manager/task_manager/action/detail/nav_delivery__functions.h
[7.944s] -- Installing: /home/truman/github/deli_ws/deli_service_server/install/task_manager/include/task_manager/task_manager/action/nav_delivery.h
[7.944s] -- Installing: /home/truman/github/deli_ws/deli_service_server/install/task_manager/include/task_manager/task_manager/action/manipulation_task.h
[7.944s] -- Installing: /home/truman/github/deli_ws/deli_service_server/install/task_manager/include/task_manager/task_manager/msg
[7.944s] -- Installing: /home/truman/github/deli_ws/deli_service_server/install/task_manager/include/task_manager/task_manager/msg/pick_up.h
[7.944s] -- Installing: /home/truman/github/deli_ws/deli_service_server/install/task_manager/include/task_manager/task_manager/msg/rosidl_generator_c__visibility_control.h
[7.944s] -- Installing: /home/truman/github/deli_ws/deli_service_server/install/task_manager/include/task_manager/task_manager/msg/task.h
[7.944s] -- Installing: /home/truman/github/deli_ws/deli_service_server/install/task_manager/include/task_manager/task_manager/msg/detail
[7.944s] -- Installing: /home/truman/github/deli_ws/deli_service_server/install/task_manager/include/task_manager/task_manager/msg/detail/task__functions.h
[7.944s] -- Installing: /home/truman/github/deli_ws/deli_service_server/install/task_manager/include/task_manager/task_manager/msg/detail/pick_up__functions.h
[7.945s] -- Installing: /home/truman/github/deli_ws/deli_service_server/install/task_manager/include/task_manager/task_manager/msg/detail/task__type_support.c
[7.945s] -- Installing: /home/truman/github/deli_ws/deli_service_server/install/task_manager/include/task_manager/task_manager/msg/detail/pick_up__type_support.h
[7.945s] -- Installing: /home/truman/github/deli_ws/deli_service_server/install/task_manager/include/task_manager/task_manager/msg/detail/task__struct.h
[7.945s] -- Installing: /home/truman/github/deli_ws/deli_service_server/install/task_manager/include/task_manager/task_manager/msg/detail/task__description.c
[7.945s] -- Installing: /home/truman/github/deli_ws/deli_service_server/install/task_manager/include/task_manager/task_manager/msg/detail/task__type_support.h
[7.945s] -- Installing: /home/truman/github/deli_ws/deli_service_server/install/task_manager/include/task_manager/task_manager/msg/detail/task__functions.c
[7.945s] -- Installing: /home/truman/github/deli_ws/deli_service_server/install/task_manager/include/task_manager/task_manager/msg/detail/pick_up__struct.h
[7.945s] -- Installing: /home/truman/github/deli_ws/deli_service_server/install/task_manager/include/task_manager/task_manager/msg/detail/pick_up__description.c
[7.945s] -- Installing: /home/truman/github/deli_ws/deli_service_server/install/task_manager/include/task_manager/task_manager/msg/detail/pick_up__functions.c
[7.945s] -- Installing: /home/truman/github/deli_ws/deli_service_server/install/task_manager/include/task_manager/task_manager/msg/detail/pick_up__type_support.c
[7.945s] -- Installing: /home/truman/github/deli_ws/deli_service_server/install/task_manager/share/task_manager/environment/library_path.sh
[7.945s] -- Installing: /home/truman/github/deli_ws/deli_service_server/install/task_manager/share/task_manager/environment/library_path.dsv
[7.945s] -- Installing: /home/truman/github/deli_ws/deli_service_server/install/task_manager/lib/libtask_manager__rosidl_generator_c.so
[7.946s] -- Set non-toolchain portion of runtime path of "/home/truman/github/deli_ws/deli_service_server/install/task_manager/lib/libtask_manager__rosidl_generator_c.so" to ""
[7.946s] -- Up-to-date: /home/truman/github/deli_ws/deli_service_server/install/task_manager/include/task_manager/task_manager
[7.946s] -- Up-to-date: /home/truman/github/deli_ws/deli_service_server/install/task_manager/include/task_manager/task_manager/action
[7.946s] -- Up-to-date: /home/truman/github/deli_ws/deli_service_server/install/task_manager/include/task_manager/task_manager/action/detail
[7.946s] -- Installing: /home/truman/github/deli_ws/deli_service_server/install/task_manager/include/task_manager/task_manager/action/detail/manipulation_task__rosidl_typesupport_fastrtps_c.h
[7.946s] -- Installing: /home/truman/github/deli_ws/deli_service_server/install/task_manager/include/task_manager/task_manager/action/detail/nav_delivery__rosidl_typesupport_fastrtps_c.h
[7.946s] -- Up-to-date: /home/truman/github/deli_ws/deli_service_server/install/task_manager/include/task_manager/task_manager/msg
[7.947s] -- Up-to-date: /home/truman/github/deli_ws/deli_service_server/install/task_manager/include/task_manager/task_manager/msg/detail
[7.947s] -- Installing: /home/truman/github/deli_ws/deli_service_server/install/task_manager/include/task_manager/task_manager/msg/detail/task__rosidl_typesupport_fastrtps_c.h
[7.947s] -- Installing: /home/truman/github/deli_ws/deli_service_server/install/task_manager/include/task_manager/task_manager/msg/detail/pick_up__rosidl_typesupport_fastrtps_c.h
[7.947s] -- Installing: /home/truman/github/deli_ws/deli_service_server/install/task_manager/include/task_manager/task_manager/msg/rosidl_typesupport_fastrtps_c__visibility_control.h
[7.947s] -- Installing: /home/truman/github/deli_ws/deli_service_server/install/task_manager/lib/libtask_manager__rosidl_typesupport_fastrtps_c.so
[7.947s] -- Set non-toolchain portion of runtime path of "/home/truman/github/deli_ws/deli_service_server/install/task_manager/lib/libtask_manager__rosidl_typesupport_fastrtps_c.so" to ""
[7.947s] -- Up-to-date: /home/truman/github/deli_ws/deli_service_server/install/task_manager/include/task_manager/task_manager
[7.947s] -- Up-to-date: /home/truman/github/deli_ws/deli_service_server/install/task_manager/include/task_manager/task_manager/action
[7.947s] -- Up-to-date: /home/truman/github/deli_ws/deli_service_server/install/task_manager/include/task_manager/task_manager/action/detail
[7.947s] -- Installing: /home/truman/github/deli_ws/deli_service_server/install/task_manager/include/task_manager/task_manager/action/detail/nav_delivery__rosidl_typesupport_introspection_c.h
[7.947s] -- Installing: /home/truman/github/deli_ws/deli_service_server/install/task_manager/include/task_manager/task_manager/action/detail/manipulation_task__rosidl_typesupport_introspection_c.h
[7.947s] -- Installing: /home/truman/github/deli_ws/deli_service_server/install/task_manager/include/task_manager/task_manager/action/detail/manipulation_task__type_support.c
[7.947s] -- Installing: /home/truman/github/deli_ws/deli_service_server/install/task_manager/include/task_manager/task_manager/action/detail/nav_delivery__type_support.c
[7.947s] -- Up-to-date: /home/truman/github/deli_ws/deli_service_server/install/task_manager/include/task_manager/task_manager/msg
[7.948s] -- Installing: /home/truman/github/deli_ws/deli_service_server/install/task_manager/include/task_manager/task_manager/msg/rosidl_typesupport_introspection_c__visibility_control.h
[7.948s] -- Up-to-date: /home/truman/github/deli_ws/deli_service_server/install/task_manager/include/task_manager/task_manager/msg/detail
[7.948s] -- Installing: /home/truman/github/deli_ws/deli_service_server/install/task_manager/include/task_manager/task_manager/msg/detail/pick_up__rosidl_typesupport_introspection_c.h
[7.948s] -- Installing: /home/truman/github/deli_ws/deli_service_server/install/task_manager/include/task_manager/task_manager/msg/detail/task__type_support.c
[7.948s] -- Installing: /home/truman/github/deli_ws/deli_service_server/install/task_manager/include/task_manager/task_manager/msg/detail/task__rosidl_typesupport_introspection_c.h
[7.948s] -- Installing: /home/truman/github/deli_ws/deli_service_server/install/task_manager/include/task_manager/task_manager/msg/detail/pick_up__type_support.c
[7.948s] -- Installing: /home/truman/github/deli_ws/deli_service_server/install/task_manager/lib/libtask_manager__rosidl_typesupport_introspection_c.so
[7.948s] -- Set non-toolchain portion of runtime path of "/home/truman/github/deli_ws/deli_service_server/install/task_manager/lib/libtask_manager__rosidl_typesupport_introspection_c.so" to ""
[7.948s] -- Installing: /home/truman/github/deli_ws/deli_service_server/install/task_manager/lib/libtask_manager__rosidl_typesupport_c.so
[7.948s] -- Set non-toolchain portion of runtime path of "/home/truman/github/deli_ws/deli_service_server/install/task_manager/lib/libtask_manager__rosidl_typesupport_c.so" to ""
[7.948s] -- Up-to-date: /home/truman/github/deli_ws/deli_service_server/install/task_manager/include/task_manager/task_manager
[7.949s] -- Up-to-date: /home/truman/github/deli_ws/deli_service_server/install/task_manager/include/task_manager/task_manager/action
[7.949s] -- Installing: /home/truman/github/deli_ws/deli_service_server/install/task_manager/include/task_manager/task_manager/action/manipulation_task.hpp
[7.949s] -- Up-to-date: /home/truman/github/deli_ws/deli_service_server/install/task_manager/include/task_manager/task_manager/action/detail
[7.949s] -- Installing: /home/truman/github/deli_ws/deli_service_server/install/task_manager/include/task_manager/task_manager/action/detail/manipulation_task__type_support.hpp
[7.949s] -- Installing: /home/truman/github/deli_ws/deli_service_server/install/task_manager/include/task_manager/task_manager/action/detail/nav_delivery__struct.hpp
[7.949s] -- Installing: /home/truman/github/deli_ws/deli_service_server/install/task_manager/include/task_manager/task_manager/action/detail/nav_delivery__builder.hpp
[7.949s] -- Installing: /home/truman/github/deli_ws/deli_service_server/install/task_manager/include/task_manager/task_manager/action/detail/manipulation_task__traits.hpp
[7.949s] -- Installing: /home/truman/github/deli_ws/deli_service_server/install/task_manager/include/task_manager/task_manager/action/detail/manipulation_task__builder.hpp
[7.949s] -- Installing: /home/truman/github/deli_ws/deli_service_server/install/task_manager/include/task_manager/task_manager/action/detail/nav_delivery__type_support.hpp
[7.949s] -- Installing: /home/truman/github/deli_ws/deli_service_server/install/task_manager/include/task_manager/task_manager/action/detail/nav_delivery__traits.hpp
[7.949s] -- Installing: /home/truman/github/deli_ws/deli_service_server/install/task_manager/include/task_manager/task_manager/action/detail/manipulation_task__struct.hpp
[7.949s] -- Installing: /home/truman/github/deli_ws/deli_service_server/install/task_manager/include/task_manager/task_manager/action/nav_delivery.hpp
[7.949s] -- Up-to-date: /home/truman/github/deli_ws/deli_service_server/install/task_manager/include/task_manager/task_manager/msg
[7.949s] -- Installing: /home/truman/github/deli_ws/deli_service_server/install/task_manager/include/task_manager/task_manager/msg/task.hpp
[7.950s] -- Installing: /home/truman/github/deli_ws/deli_service_server/install/task_manager/include/task_manager/task_manager/msg/pick_up.hpp
[7.950s] -- Up-to-date: /home/truman/github/deli_ws/deli_service_server/install/task_manager/include/task_manager/task_manager/msg/detail
[7.950s] -- Installing: /home/truman/github/deli_ws/deli_service_server/install/task_manager/include/task_manager/task_manager/msg/detail/pick_up__builder.hpp
[7.950s] -- Installing: /home/truman/github/deli_ws/deli_service_server/install/task_manager/include/task_manager/task_manager/msg/detail/pick_up__struct.hpp
[7.950s] -- Installing: /home/truman/github/deli_ws/deli_service_server/install/task_manager/include/task_manager/task_manager/msg/detail/pick_up__traits.hpp
[7.950s] -- Installing: /home/truman/github/deli_ws/deli_service_server/install/task_manager/include/task_manager/task_manager/msg/detail/pick_up__type_support.hpp
[7.950s] -- Installing: /home/truman/github/deli_ws/deli_service_server/install/task_manager/include/task_manager/task_manager/msg/detail/task__builder.hpp
[7.950s] -- Installing: /home/truman/github/deli_ws/deli_service_server/install/task_manager/include/task_manager/task_manager/msg/detail/task__type_support.hpp
[7.950s] -- Installing: /home/truman/github/deli_ws/deli_service_server/install/task_manager/include/task_manager/task_manager/msg/detail/task__traits.hpp
[7.950s] -- Installing: /home/truman/github/deli_ws/deli_service_server/install/task_manager/include/task_manager/task_manager/msg/detail/task__struct.hpp
[7.950s] -- Installing: /home/truman/github/deli_ws/deli_service_server/install/task_manager/include/task_manager/task_manager/msg/rosidl_generator_cpp__visibility_control.hpp
[7.950s] -- Up-to-date: /home/truman/github/deli_ws/deli_service_server/install/task_manager/include/task_manager/task_manager
[7.950s] -- Up-to-date: /home/truman/github/deli_ws/deli_service_server/install/task_manager/include/task_manager/task_manager/action
[7.950s] -- Up-to-date: /home/truman/github/deli_ws/deli_service_server/install/task_manager/include/task_manager/task_manager/action/detail
[7.950s] -- Installing: /home/truman/github/deli_ws/deli_service_server/install/task_manager/include/task_manager/task_manager/action/detail/manipulation_task__rosidl_typesupport_fastrtps_cpp.hpp
[7.951s] -- Installing: /home/truman/github/deli_ws/deli_service_server/install/task_manager/include/task_manager/task_manager/action/detail/dds_fastrtps
[7.951s] -- Installing: /home/truman/github/deli_ws/deli_service_server/install/task_manager/include/task_manager/task_manager/action/detail/nav_delivery__rosidl_typesupport_fastrtps_cpp.hpp
[7.951s] -- Up-to-date: /home/truman/github/deli_ws/deli_service_server/install/task_manager/include/task_manager/task_manager/msg
[7.951s] -- Up-to-date: /home/truman/github/deli_ws/deli_service_server/install/task_manager/include/task_manager/task_manager/msg/detail
[7.951s] -- Installing: /home/truman/github/deli_ws/deli_service_server/install/task_manager/include/task_manager/task_manager/msg/detail/task__rosidl_typesupport_fastrtps_cpp.hpp
[7.951s] -- Installing: /home/truman/github/deli_ws/deli_service_server/install/task_manager/include/task_manager/task_manager/msg/detail/dds_fastrtps
[7.951s] -- Installing: /home/truman/github/deli_ws/deli_service_server/install/task_manager/include/task_manager/task_manager/msg/detail/pick_up__rosidl_typesupport_fastrtps_cpp.hpp
[7.951s] -- Installing: /home/truman/github/deli_ws/deli_service_server/install/task_manager/include/task_manager/task_manager/msg/rosidl_typesupport_fastrtps_cpp__visibility_control.h
[7.951s] -- Installing: /home/truman/github/deli_ws/deli_service_server/install/task_manager/lib/libtask_manager__rosidl_typesupport_fastrtps_cpp.so
[7.951s] -- Set non-toolchain portion of runtime path of "/home/truman/github/deli_ws/deli_service_server/install/task_manager/lib/libtask_manager__rosidl_typesupport_fastrtps_cpp.so" to ""
[7.952s] -- Up-to-date: /home/truman/github/deli_ws/deli_service_server/install/task_manager/include/task_manager/task_manager
[7.952s] -- Up-to-date: /home/truman/github/deli_ws/deli_service_server/install/task_manager/include/task_manager/task_manager/action
[7.952s] -- Up-to-date: /home/truman/github/deli_ws/deli_service_server/install/task_manager/include/task_manager/task_manager/action/detail
[7.952s] -- Installing: /home/truman/github/deli_ws/deli_service_server/install/task_manager/include/task_manager/task_manager/action/detail/nav_delivery__rosidl_typesupport_introspection_cpp.hpp
[7.952s] -- Installing: /home/truman/github/deli_ws/deli_service_server/install/task_manager/include/task_manager/task_manager/action/detail/nav_delivery__type_support.cpp
[7.952s] -- Installing: /home/truman/github/deli_ws/deli_service_server/install/task_manager/include/task_manager/task_manager/action/detail/manipulation_task__rosidl_typesupport_introspection_cpp.hpp
[7.952s] -- Installing: /home/truman/github/deli_ws/deli_service_server/install/task_manager/include/task_manager/task_manager/action/detail/manipulation_task__type_support.cpp
[7.952s] -- Up-to-date: /home/truman/github/deli_ws/deli_service_server/install/task_manager/include/task_manager/task_manager/msg
[7.952s] -- Up-to-date: /home/truman/github/deli_ws/deli_service_server/install/task_manager/include/task_manager/task_manager/msg/detail
[7.952s] -- Installing: /home/truman/github/deli_ws/deli_service_server/install/task_manager/include/task_manager/task_manager/msg/detail/task__rosidl_typesupport_introspection_cpp.hpp
[7.952s] -- Installing: /home/truman/github/deli_ws/deli_service_server/install/task_manager/include/task_manager/task_manager/msg/detail/task__type_support.cpp
[7.952s] -- Installing: /home/truman/github/deli_ws/deli_service_server/install/task_manager/include/task_manager/task_manager/msg/detail/pick_up__rosidl_typesupport_introspection_cpp.hpp
[7.952s] -- Installing: /home/truman/github/deli_ws/deli_service_server/install/task_manager/include/task_manager/task_manager/msg/detail/pick_up__type_support.cpp
[7.952s] -- Installing: /home/truman/github/deli_ws/deli_service_server/install/task_manager/lib/libtask_manager__rosidl_typesupport_introspection_cpp.so
[7.953s] -- Set non-toolchain portion of runtime path of "/home/truman/github/deli_ws/deli_service_server/install/task_manager/lib/libtask_manager__rosidl_typesupport_introspection_cpp.so" to ""
[7.953s] -- Installing: /home/truman/github/deli_ws/deli_service_server/install/task_manager/lib/libtask_manager__rosidl_typesupport_cpp.so
[7.953s] -- Set non-toolchain portion of runtime path of "/home/truman/github/deli_ws/deli_service_server/install/task_manager/lib/libtask_manager__rosidl_typesupport_cpp.so" to ""
[7.953s] -- Installing: /home/truman/github/deli_ws/deli_service_server/install/task_manager/share/task_manager/environment/pythonpath.sh
[7.954s] -- Installing: /home/truman/github/deli_ws/deli_service_server/install/task_manager/share/task_manager/environment/pythonpath.dsv
[7.954s] -- Installing: /home/truman/github/deli_ws/deli_service_server/install/task_manager/lib/python3.12/site-packages/task_manager-0.0.1-py3.12.egg-info
[7.954s] -- Installing: /home/truman/github/deli_ws/deli_service_server/install/task_manager/lib/python3.12/site-packages/task_manager-0.0.1-py3.12.egg-info/PKG-INFO
[7.954s] -- Installing: /home/truman/github/deli_ws/deli_service_server/install/task_manager/lib/python3.12/site-packages/task_manager-0.0.1-py3.12.egg-info/dependency_links.txt
[7.954s] -- Installing: /home/truman/github/deli_ws/deli_service_server/install/task_manager/lib/python3.12/site-packages/task_manager-0.0.1-py3.12.egg-info/SOURCES.txt
[7.954s] -- Installing: /home/truman/github/deli_ws/deli_service_server/install/task_manager/lib/python3.12/site-packages/task_manager-0.0.1-py3.12.egg-info/top_level.txt
[7.954s] -- Installing: /home/truman/github/deli_ws/deli_service_server/install/task_manager/lib/python3.12/site-packages/task_manager
[7.954s] -- Installing: /home/truman/github/deli_ws/deli_service_server/install/task_manager/lib/python3.12/site-packages/task_manager/_task_manager_s.ep.rosidl_typesupport_fastrtps_c.c
[7.954s] -- Installing: /home/truman/github/deli_ws/deli_service_server/install/task_manager/lib/python3.12/site-packages/task_manager/action
[7.954s] -- Installing: /home/truman/github/deli_ws/deli_service_server/install/task_manager/lib/python3.12/site-packages/task_manager/action/_manipulation_task_s.c
[7.954s] -- Installing: /home/truman/github/deli_ws/deli_service_server/install/task_manager/lib/python3.12/site-packages/task_manager/action/_manipulation_task.py
[7.954s] -- Installing: /home/truman/github/deli_ws/deli_service_server/install/task_manager/lib/python3.12/site-packages/task_manager/action/_nav_delivery_s.c
[7.955s] -- Installing: /home/truman/github/deli_ws/deli_service_server/install/task_manager/lib/python3.12/site-packages/task_manager/action/_nav_delivery.py
[7.955s] -- Installing: /home/truman/github/deli_ws/deli_service_server/install/task_manager/lib/python3.12/site-packages/task_manager/action/__init__.py
[7.955s] -- Installing: /home/truman/github/deli_ws/deli_service_server/install/task_manager/lib/python3.12/site-packages/task_manager/task_manager_s__rosidl_typesupport_c.so
[7.955s] -- Installing: /home/truman/github/deli_ws/deli_service_server/install/task_manager/lib/python3.12/site-packages/task_manager/_task_manager_s.ep.rosidl_typesupport_c.c
[7.955s] -- Installing: /home/truman/github/deli_ws/deli_service_server/install/task_manager/lib/python3.12/site-packages/task_manager/task_manager_s__rosidl_typesupport_introspection_c.so
[7.955s] -- Installing: /home/truman/github/deli_ws/deli_service_server/install/task_manager/lib/python3.12/site-packages/task_manager/task_manager_s__rosidl_typesupport_fastrtps_c.so
[7.955s] -- Installing: /home/truman/github/deli_ws/deli_service_server/install/task_manager/lib/python3.12/site-packages/task_manager/_task_manager_s.ep.rosidl_typesupport_introspection_c.c
[7.955s] -- Installing: /home/truman/github/deli_ws/deli_service_server/install/task_manager/lib/python3.12/site-packages/task_manager/msg
[7.955s] -- Installing: /home/truman/github/deli_ws/deli_service_server/install/task_manager/lib/python3.12/site-packages/task_manager/msg/_pick_up_s.c
[7.955s] -- Installing: /home/truman/github/deli_ws/deli_service_server/install/task_manager/lib/python3.12/site-packages/task_manager/msg/_task.py
[7.955s] -- Installing: /home/truman/github/deli_ws/deli_service_server/install/task_manager/lib/python3.12/site-packages/task_manager/msg/_task_s.c
[7.956s] -- Installing: /home/truman/github/deli_ws/deli_service_server/install/task_manager/lib/python3.12/site-packages/task_manager/msg/_pick_up.py
[7.956s] -- Installing: /home/truman/github/deli_ws/deli_service_server/install/task_manager/lib/python3.12/site-packages/task_manager/msg/__init__.py
[7.956s] -- Installing: /home/truman/github/deli_ws/deli_service_server/install/task_manager/lib/python3.12/site-packages/task_manager/__init__.py
[8.001s] Listing '/home/truman/github/deli_ws/deli_service_server/install/task_manager/lib/python3.12/site-packages/task_manager'...
[8.001s] Compiling '/home/truman/github/deli_ws/deli_service_server/install/task_manager/lib/python3.12/site-packages/task_manager/__init__.py'...
[8.001s] Listing '/home/truman/github/deli_ws/deli_service_server/install/task_manager/lib/python3.12/site-packages/task_manager/action'...
[8.001s] Compiling '/home/truman/github/deli_ws/deli_service_server/install/task_manager/lib/python3.12/site-packages/task_manager/action/__init__.py'...
[8.001s] Compiling '/home/truman/github/deli_ws/deli_service_server/install/task_manager/lib/python3.12/site-packages/task_manager/action/_manipulation_task.py'...
[8.001s] Compiling '/home/truman/github/deli_ws/deli_service_server/install/task_manager/lib/python3.12/site-packages/task_manager/action/_nav_delivery.py'...
[8.001s] Listing '/home/truman/github/deli_ws/deli_service_server/install/task_manager/lib/python3.12/site-packages/task_manager/msg'...
[8.001s] Compiling '/home/truman/github/deli_ws/deli_service_server/install/task_manager/lib/python3.12/site-packages/task_manager/msg/__init__.py'...
[8.001s] Compiling '/home/truman/github/deli_ws/deli_service_server/install/task_manager/lib/python3.12/site-packages/task_manager/msg/_pick_up.py'...
[8.001s] Compiling '/home/truman/github/deli_ws/deli_service_server/install/task_manager/lib/python3.12/site-packages/task_manager/msg/_task.py'...
[8.005s] -- Installing: /home/truman/github/deli_ws/deli_service_server/install/task_manager/lib/python3.12/site-packages/task_manager/task_manager_s__rosidl_typesupport_fastrtps_c.so
[8.005s] -- Set non-toolchain portion of runtime path of "/home/truman/github/deli_ws/deli_service_server/install/task_manager/lib/python3.12/site-packages/task_manager/task_manager_s__rosidl_typesupport_fastrtps_c.so" to ""
[8.006s] -- Installing: /home/truman/github/deli_ws/deli_service_server/install/task_manager/lib/python3.12/site-packages/task_manager/task_manager_s__rosidl_typesupport_introspection_c.so
[8.006s] -- Set non-toolchain portion of runtime path of "/home/truman/github/deli_ws/deli_service_server/install/task_manager/lib/python3.12/site-packages/task_manager/task_manager_s__rosidl_typesupport_introspection_c.so" to ""
[8.006s] -- Installing: /home/truman/github/deli_ws/deli_service_server/install/task_manager/lib/python3.12/site-packages/task_manager/task_manager_s__rosidl_typesupport_c.so
[8.006s] -- Set non-toolchain portion of runtime path of "/home/truman/github/deli_ws/deli_service_server/install/task_manager/lib/python3.12/site-packages/task_manager/task_manager_s__rosidl_typesupport_c.so" to ""
[8.006s] -- Installing: /home/truman/github/deli_ws/deli_service_server/install/task_manager/lib/libtask_manager__rosidl_generator_py.so
[8.006s] -- Set non-toolchain portion of runtime path of "/home/truman/github/deli_ws/deli_service_server/install/task_manager/lib/libtask_manager__rosidl_generator_py.so" to ""
[8.007s] -- Installing: /home/truman/github/deli_ws/deli_service_server/install/task_manager/share/task_manager/action/NavDelivery.idl
[8.007s] -- Installing: /home/truman/github/deli_ws/deli_service_server/install/task_manager/share/task_manager/action/ManipulationTask.idl
[8.007s] -- Installing: /home/truman/github/deli_ws/deli_service_server/install/task_manager/share/task_manager/msg/PickUP.idl
[8.007s] -- Installing: /home/truman/github/deli_ws/deli_service_server/install/task_manager/share/task_manager/msg/Task.idl
[8.007s] -- Installing: /home/truman/github/deli_ws/deli_service_server/install/task_manager/share/task_manager/action/NavDelivery.action
[8.007s] -- Installing: /home/truman/github/deli_ws/deli_service_server/install/task_manager/share/task_manager/action/ManipulationTask.action
[8.007s] -- Installing: /home/truman/github/deli_ws/deli_service_server/install/task_manager/share/task_manager/msg/PickUP.msg
[8.007s] -- Installing: /home/truman/github/deli_ws/deli_service_server/install/task_manager/share/task_manager/msg/Task.msg
[8.007s] -- Installing: /home/truman/github/deli_ws/deli_service_server/install/task_manager/lib/python3.12/site-packages/task_manager_py-0.0.1-py3.12.egg-info
[8.007s] -- Installing: /home/truman/github/deli_ws/deli_service_server/install/task_manager/lib/python3.12/site-packages/task_manager_py-0.0.1-py3.12.egg-info/PKG-INFO
[8.007s] -- Installing: /home/truman/github/deli_ws/deli_service_server/install/task_manager/lib/python3.12/site-packages/task_manager_py-0.0.1-py3.12.egg-info/dependency_links.txt
[8.007s] -- Installing: /home/truman/github/deli_ws/deli_service_server/install/task_manager/lib/python3.12/site-packages/task_manager_py-0.0.1-py3.12.egg-info/SOURCES.txt
[8.007s] -- Installing: /home/truman/github/deli_ws/deli_service_server/install/task_manager/lib/python3.12/site-packages/task_manager_py-0.0.1-py3.12.egg-info/top_level.txt
[8.007s] -- Installing: /home/truman/github/deli_ws/deli_service_server/install/task_manager/lib/python3.12/site-packages/task_manager_py
[8.007s] -- Installing: /home/truman/github/deli_ws/deli_service_server/install/task_manager/lib/python3.12/site-packages/task_manager_py/main.py
[8.007s] -- Installing: /home/truman/github/deli_ws/deli_service_server/install/task_manager/lib/python3.12/site-packages/task_manager_py/infrastructure
[8.008s] -- Installing: /home/truman/github/deli_ws/deli_service_server/install/task_manager/lib/python3.12/site-packages/task_manager_py/infrastructure/db_manager.py
[8.008s] -- Installing: /home/truman/github/deli_ws/deli_service_server/install/task_manager/lib/python3.12/site-packages/task_manager_py/application
[8.008s] -- Installing: /home/truman/github/deli_ws/deli_service_server/install/task_manager/lib/python3.12/site-packages/task_manager_py/application/use_cases
[8.008s] -- Installing: /home/truman/github/deli_ws/deli_service_server/install/task_manager/lib/python3.12/site-packages/task_manager_py/application/use_cases/order_service.py
[8.008s] -- Installing: /home/truman/github/deli_ws/deli_service_server/install/task_manager/lib/python3.12/site-packages/task_manager_py/domain
[8.008s] -- Installing: /home/truman/github/deli_ws/deli_service_server/install/task_manager/lib/python3.12/site-packages/task_manager_py/domain/services
[8.008s] -- Installing: /home/truman/github/deli_ws/deli_service_server/install/task_manager/lib/python3.12/site-packages/task_manager_py/domain/services/route_planner.py
[8.008s] -- Installing: /home/truman/github/deli_ws/deli_service_server/install/task_manager/lib/python3.12/site-packages/task_manager_py/domain/models
[8.008s] -- Installing: /home/truman/github/deli_ws/deli_service_server/install/task_manager/lib/python3.12/site-packages/task_manager_py/domain/models/order.py
[8.008s] -- Installing: /home/truman/github/deli_ws/deli_service_server/install/task_manager/lib/python3.12/site-packages/task_manager_py/domain/models/robot.py
[8.008s] -- Installing: /home/truman/github/deli_ws/deli_service_server/install/task_manager/lib/python3.12/site-packages/task_manager_py/domain/models/__init__.py
[8.008s] -- Installing: /home/truman/github/deli_ws/deli_service_server/install/task_manager/lib/python3.12/site-packages/task_manager_py/domain/models/station.py
[8.008s] -- Installing: /home/truman/github/deli_ws/deli_service_server/install/task_manager/lib/python3.12/site-packages/task_manager_py/domain/__init__.py
[8.008s] -- Installing: /home/truman/github/deli_ws/deli_service_server/install/task_manager/lib/python3.12/site-packages/task_manager_py/adapters
[8.008s] -- Installing: /home/truman/github/deli_ws/deli_service_server/install/task_manager/lib/python3.12/site-packages/task_manager_py/adapters/fastapi
[8.008s] -- Installing: /home/truman/github/deli_ws/deli_service_server/install/task_manager/lib/python3.12/site-packages/task_manager_py/adapters/fastapi/fastapi_server.py
[8.009s] -- Installing: /home/truman/github/deli_ws/deli_service_server/install/task_manager/lib/python3.12/site-packages/task_manager_py/adapters/ros
[8.009s] -- Installing: /home/truman/github/deli_ws/deli_service_server/install/task_manager/lib/python3.12/site-packages/task_manager_py/adapters/ros/robot_navigation_server.py
[8.009s] -- Installing: /home/truman/github/deli_ws/deli_service_server/install/task_manager/lib/python3.12/site-packages/task_manager_py/adapters/ros/robot_manipulator_server.py
[8.009s] -- Installing: /home/truman/github/deli_ws/deli_service_server/install/task_manager/lib/python3.12/site-packages/task_manager_py/adapters/ros/robot_action_client.py
[8.009s] -- Installing: /home/truman/github/deli_ws/deli_service_server/install/task_manager/lib/python3.12/site-packages/task_manager_py/__init__.py
[8.045s] Listing '/home/truman/github/deli_ws/deli_service_server/install/task_manager/lib/python3.12/site-packages/task_manager_py'...
[8.046s] Compiling '/home/truman/github/deli_ws/deli_service_server/install/task_manager/lib/python3.12/site-packages/task_manager_py/__init__.py'...
[8.046s] Listing '/home/truman/github/deli_ws/deli_service_server/install/task_manager/lib/python3.12/site-packages/task_manager_py/adapters'...
[8.046s] Listing '/home/truman/github/deli_ws/deli_service_server/install/task_manager/lib/python3.12/site-packages/task_manager_py/adapters/fastapi'...
[8.046s] Compiling '/home/truman/github/deli_ws/deli_service_server/install/task_manager/lib/python3.12/site-packages/task_manager_py/adapters/fastapi/fastapi_server.py'...
[8.046s] Listing '/home/truman/github/deli_ws/deli_service_server/install/task_manager/lib/python3.12/site-packages/task_manager_py/adapters/ros'...
[8.046s] Compiling '/home/truman/github/deli_ws/deli_service_server/install/task_manager/lib/python3.12/site-packages/task_manager_py/adapters/ros/robot_action_client.py'...
[8.046s] Compiling '/home/truman/github/deli_ws/deli_service_server/install/task_manager/lib/python3.12/site-packages/task_manager_py/adapters/ros/robot_manipulator_server.py'...
[8.046s] Compiling '/home/truman/github/deli_ws/deli_service_server/install/task_manager/lib/python3.12/site-packages/task_manager_py/adapters/ros/robot_navigation_server.py'...
[8.046s] Listing '/home/truman/github/deli_ws/deli_service_server/install/task_manager/lib/python3.12/site-packages/task_manager_py/application'...
[8.046s] Listing '/home/truman/github/deli_ws/deli_service_server/install/task_manager/lib/python3.12/site-packages/task_manager_py/application/use_cases'...
[8.046s] Compiling '/home/truman/github/deli_ws/deli_service_server/install/task_manager/lib/python3.12/site-packages/task_manager_py/application/use_cases/order_service.py'...
[8.046s] Listing '/home/truman/github/deli_ws/deli_service_server/install/task_manager/lib/python3.12/site-packages/task_manager_py/domain'...
[8.046s] Compiling '/home/truman/github/deli_ws/deli_service_server/install/task_manager/lib/python3.12/site-packages/task_manager_py/domain/__init__.py'...
[8.046s] Listing '/home/truman/github/deli_ws/deli_service_server/install/task_manager/lib/python3.12/site-packages/task_manager_py/domain/models'...
[8.046s] Compiling '/home/truman/github/deli_ws/deli_service_server/install/task_manager/lib/python3.12/site-packages/task_manager_py/domain/models/__init__.py'...
[8.046s] Compiling '/home/truman/github/deli_ws/deli_service_server/install/task_manager/lib/python3.12/site-packages/task_manager_py/domain/models/order.py'...
[8.046s] Compiling '/home/truman/github/deli_ws/deli_service_server/install/task_manager/lib/python3.12/site-packages/task_manager_py/domain/models/robot.py'...
[8.046s] Compiling '/home/truman/github/deli_ws/deli_service_server/install/task_manager/lib/python3.12/site-packages/task_manager_py/domain/models/station.py'...
[8.046s] Listing '/home/truman/github/deli_ws/deli_service_server/install/task_manager/lib/python3.12/site-packages/task_manager_py/domain/services'...
[8.047s] Compiling '/home/truman/github/deli_ws/deli_service_server/install/task_manager/lib/python3.12/site-packages/task_manager_py/domain/services/route_planner.py'...
[8.047s] Listing '/home/truman/github/deli_ws/deli_service_server/install/task_manager/lib/python3.12/site-packages/task_manager_py/infrastructure'...
[8.047s] Compiling '/home/truman/github/deli_ws/deli_service_server/install/task_manager/lib/python3.12/site-packages/task_manager_py/infrastructure/db_manager.py'...
[8.047s] Compiling '/home/truman/github/deli_ws/deli_service_server/install/task_manager/lib/python3.12/site-packages/task_manager_py/main.py'...
[8.050s] -- Installing: /home/truman/github/deli_ws/deli_service_server/install/task_manager/lib/task_manager/main
[8.050s] -- Installing: /home/truman/github/deli_ws/deli_service_server/install/task_manager/share/ament_index/resource_index/package_run_dependencies/task_manager
[8.050s] -- Installing: /home/truman/github/deli_ws/deli_service_server/install/task_manager/share/ament_index/resource_index/parent_prefix_path/task_manager
[8.050s] -- Installing: /home/truman/github/deli_ws/deli_service_server/install/task_manager/share/task_manager/environment/ament_prefix_path.sh
[8.050s] -- Installing: /home/truman/github/deli_ws/deli_service_server/install/task_manager/share/task_manager/environment/ament_prefix_path.dsv
[8.051s] -- Installing: /home/truman/github/deli_ws/deli_service_server/install/task_manager/share/task_manager/environment/path.sh
[8.051s] -- Installing: /home/truman/github/deli_ws/deli_service_server/install/task_manager/share/task_manager/environment/path.dsv
[8.051s] -- Installing: /home/truman/github/deli_ws/deli_service_server/install/task_manager/share/task_manager/local_setup.bash
[8.051s] -- Installing: /home/truman/github/deli_ws/deli_service_server/install/task_manager/share/task_manager/local_setup.sh
[8.051s] -- Installing: /home/truman/github/deli_ws/deli_service_server/install/task_manager/share/task_manager/local_setup.zsh
[8.051s] -- Installing: /home/truman/github/deli_ws/deli_service_server/install/task_manager/share/task_manager/local_setup.dsv
[8.051s] -- Installing: /home/truman/github/deli_ws/deli_service_server/install/task_manager/share/task_manager/package.dsv
[8.051s] -- Installing: /home/truman/github/deli_ws/deli_service_server/install/task_manager/share/ament_index/resource_index/packages/task_manager
[8.051s] -- Installing: /home/truman/github/deli_ws/deli_service_server/install/task_manager/share/task_manager/cmake/export_task_manager__rosidl_generator_cExport.cmake
[8.051s] -- Installing: /home/truman/github/deli_ws/deli_service_server/install/task_manager/share/task_manager/cmake/export_task_manager__rosidl_generator_cExport-noconfig.cmake
[8.051s] -- Installing: /home/truman/github/deli_ws/deli_service_server/install/task_manager/share/task_manager/cmake/export_task_manager__rosidl_typesupport_fastrtps_cExport.cmake
[8.051s] -- Installing: /home/truman/github/deli_ws/deli_service_server/install/task_manager/share/task_manager/cmake/export_task_manager__rosidl_typesupport_fastrtps_cExport-noconfig.cmake
[8.052s] -- Installing: /home/truman/github/deli_ws/deli_service_server/install/task_manager/share/task_manager/cmake/task_manager__rosidl_typesupport_introspection_cExport.cmake
[8.052s] -- Installing: /home/truman/github/deli_ws/deli_service_server/install/task_manager/share/task_manager/cmake/task_manager__rosidl_typesupport_introspection_cExport-noconfig.cmake
[8.052s] -- Installing: /home/truman/github/deli_ws/deli_service_server/install/task_manager/share/task_manager/cmake/task_manager__rosidl_typesupport_cExport.cmake
[8.052s] -- Installing: /home/truman/github/deli_ws/deli_service_server/install/task_manager/share/task_manager/cmake/task_manager__rosidl_typesupport_cExport-noconfig.cmake
[8.052s] -- Installing: /home/truman/github/deli_ws/deli_service_server/install/task_manager/share/task_manager/cmake/export_task_manager__rosidl_generator_cppExport.cmake
[8.052s] -- Installing: /home/truman/github/deli_ws/deli_service_server/install/task_manager/share/task_manager/cmake/export_task_manager__rosidl_typesupport_fastrtps_cppExport.cmake
[8.052s] -- Installing: /home/truman/github/deli_ws/deli_service_server/install/task_manager/share/task_manager/cmake/export_task_manager__rosidl_typesupport_fastrtps_cppExport-noconfig.cmake
[8.052s] -- Installing: /home/truman/github/deli_ws/deli_service_server/install/task_manager/share/task_manager/cmake/task_manager__rosidl_typesupport_introspection_cppExport.cmake
[8.052s] -- Installing: /home/truman/github/deli_ws/deli_service_server/install/task_manager/share/task_manager/cmake/task_manager__rosidl_typesupport_introspection_cppExport-noconfig.cmake
[8.052s] -- Installing: /home/truman/github/deli_ws/deli_service_server/install/task_manager/share/task_manager/cmake/task_manager__rosidl_typesupport_cppExport.cmake
[8.052s] -- Installing: /home/truman/github/deli_ws/deli_service_server/install/task_manager/share/task_manager/cmake/task_manager__rosidl_typesupport_cppExport-noconfig.cmake
[8.053s] -- Installing: /home/truman/github/deli_ws/deli_service_server/install/task_manager/share/task_manager/cmake/export_task_manager__rosidl_generator_pyExport.cmake
[8.053s] -- Installing: /home/truman/github/deli_ws/deli_service_server/install/task_manager/share/task_manager/cmake/export_task_manager__rosidl_generator_pyExport-noconfig.cmake
[8.053s] -- Installing: /home/truman/github/deli_ws/deli_service_server/install/task_manager/share/task_manager/cmake/rosidl_cmake-extras.cmake
[8.053s] -- Installing: /home/truman/github/deli_ws/deli_service_server/install/task_manager/share/task_manager/cmake/ament_cmake_export_dependencies-extras.cmake
[8.053s] -- Installing: /home/truman/github/deli_ws/deli_service_server/install/task_manager/share/task_manager/cmake/ament_cmake_export_include_directories-extras.cmake
[8.053s] -- Installing: /home/truman/github/deli_ws/deli_service_server/install/task_manager/share/task_manager/cmake/ament_cmake_export_libraries-extras.cmake
[8.053s] -- Installing: /home/truman/github/deli_ws/deli_service_server/install/task_manager/share/task_manager/cmake/ament_cmake_export_targets-extras.cmake
[8.053s] -- Installing: /home/truman/github/deli_ws/deli_service_server/install/task_manager/share/task_manager/cmake/rosidl_cmake_export_typesupport_targets-extras.cmake
[8.053s] -- Installing: /home/truman/github/deli_ws/deli_service_server/install/task_manager/share/task_manager/cmake/rosidl_cmake_export_typesupport_libraries-extras.cmake
[8.053s] -- Installing: /home/truman/github/deli_ws/deli_service_server/install/task_manager/share/task_manager/cmake/task_managerConfig.cmake
[8.053s] -- Installing: /home/truman/github/deli_ws/deli_service_server/install/task_manager/share/task_manager/cmake/task_managerConfig-version.cmake
[8.053s] -- Installing: /home/truman/github/deli_ws/deli_service_server/install/task_manager/share/task_manager/package.xml
[8.055s] Invoked command in '/home/truman/github/deli_ws/deli_service_server/build/task_manager' returned '0': CMAKE_PREFIX_PATH=${CMAKE_PREFIX_PATH}:/opt/ros/jazzy DEBUGINFOD_URLS=https://debuginfod.ubuntu.com /usr/bin/cmake --install /home/truman/github/deli_ws/deli_service_server/build/task_manager
